#
# A fatal error has been detected by the Java Runtime Environment:
#
#  EXCEPTION_ACCESS_VIOLATION (0xc0000005) at pc=0x00007ffc679ac160, pid=6068, tid=13992
#
# JRE version: OpenJDK Runtime Environment (16.0.2+7) (build 16.0.2+7-67)
# Java VM: OpenJDK 64-Bit Server VM (16.0.2+7-67, mixed mode, tiered, compressed oops, compressed class ptrs, g1 gc, windows-amd64)
# Problematic frame:
# V  [jvm.dll+0xc160]
#
# No core dump will be written. Minidumps are not enabled by default on client versions of Windows
#
# If you would like to submit a bug report, please visit:
#   https://bugreport.java.com/bugreport/crash.jsp
#

---------------  S U M M A R Y ------------

Command Line: -Dfile.encoding=Cp1252 -XX:+ShowCodeDetailsInExceptionMessages projectbank.Main

Host: AMD Ryzen 5 4600H with Radeon Graphics         , 12 cores, 7G,  Windows 10 , 64 bit Build 19041 (10.0.19041.1348)
Time: Sat Jan  1 13:23:37 2022 India Standard Time elapsed time: 0.675445 seconds (0d 0h 0m 0s)

---------------  T H R E A D  ---------------

Current thread (0x0000027987ad1ce0):  JavaThread "main" [_thread_in_vm, id=13992, stack(0x0000008e5fe00000,0x0000008e5ff00000)]

Stack: [0x0000008e5fe00000,0x0000008e5ff00000],  sp=0x0000008e5fefef88,  free space=1019k
Native frames: (J=compiled Java code, j=interpreted, Vv=VM code, C=native code)
V  [jvm.dll+0xc160]

Java frames: (J=compiled Java code, j=interpreted, Vv=VM code)
j  imgui.ImGui.text(Ljava/lang/String;)V+0
j  projectbank.Main.createAccount()V+91
j  projectbank.Main.process()V+5
j  imgui.app.Window.runFrame()V+9
j  imgui.app.Window.run()V+11
j  imgui.app.Application.launch(Limgui/app/Application;)V+9
j  projectbank.Main.main([Ljava/lang/String;)V+9
v  ~StubRoutines::call_stub

siginfo: EXCEPTION_ACCESS_VIOLATION (0xc0000005), reading address 0x0000000000000000


Register to memory mapping:

RIP=0x00007ffc679ac160 jvm.dll
RAX=0x0 is NULL
RBX=0x0000027987ad1ce0 is a thread
RCX=0x0 is NULL
RDX=0x0 is NULL
RSP=0x0000008e5fefef88 is pointing into the stack for thread: 0x0000027987ad1ce0
RBP=0x0000008e5feff0d0 is pointing into the stack for thread: 0x0000027987ad1ce0
RSI=0x0 is NULL
RDI=0x0 is NULL
R8 =0x0 is NULL
R9 =0x0000000000000002 is an unknown value
R10=0x000002798b05dc73 is at code_begin+979 in an Interpreter codelet
method entry point (kind = native)  [0x000002798b05d8a0, 0x000002798b05e280]  2528 bytes
R11=0x00000000903d0c30 is an oop: java.lang.Class 
{0x00000000903d0c30} - klass: 'java/lang/Class'
R12=0x0000027987ad1ff0 points into unknown readable memory: 0x00000279a4eadde0 | e0 dd ea a4 79 02 00 00
R13=0x0 is NULL
R14=0x0 is NULL
R15=0x0000027987ad1ce0 is a thread


Registers:
RAX=0x0000000000000000, RBX=0x0000027987ad1ce0, RCX=0x0000000000000000, RDX=0x0000000000000000
RSP=0x0000008e5fefef88, RBP=0x0000008e5feff0d0, RSI=0x0000000000000000, RDI=0x0000000000000000
R8 =0x0000000000000000, R9 =0x0000000000000002, R10=0x000002798b05dc73, R11=0x00000000903d0c30
R12=0x0000027987ad1ff0, R13=0x0000000000000000, R14=0x0000000000000000, R15=0x0000027987ad1ce0
RIP=0x00007ffc679ac160, EFLAGS=0x0000000000010246

Top of Stack: (sp=0x0000008e5fefef88)
0x0000008e5fefef88:   00007ffc67d7c308 0000008e5feff0f0
0x0000008e5fefef98:   00007ffc67fbfbc4 00000279a32f81b0
0x0000008e5fefefa8:   0000008e5feff000 0000027987ad1ce0
0x0000008e5fefefb8:   0000000000000000 0000000000000000
0x0000008e5fefefc8:   000002798b05960c 00000279a326a930
0x0000008e5fefefd8:   00000279a326a930 0000008e5feff0d0
0x0000008e5fefefe8:   00007ffc67d18ab7 000000000000019d
0x0000008e5fefeff8:   0000027987ad1ce0 0000027987ad1ce0
0x0000008e5feff008:   0000000000000158 00000279a326a930
0x0000008e5feff018:   0000000064a83d1e 0000008e5feff0d0
0x0000008e5feff028:   000002798b05960c 0000008e5feff0f0
0x0000008e5feff038:   00000279a326a930 00000279a326a930
0x0000008e5feff048:   0000000000000000 00000279a326a930
0x0000008e5feff058:   000002798b05dca2 00000279a326a930
0x0000008e5feff068:   0000000000000158 00000000909a11f0
0x0000008e5feff078:   0000000000000000 000002798b05d956 

Instructions: (pc=0x00007ffc679ac160)
0x00007ffc679ac060:   bc cf a5 00 48 83 c4 20 5b 48 ff e0 48 8d 05 ed
0x00007ffc679ac070:   00 00 00 48 8b cb 48 89 05 a3 cf a5 00 48 83 c4
0x00007ffc679ac080:   20 5b 48 ff e0 48 8d 05 d4 00 00 00 48 8b cb 48
0x00007ffc679ac090:   89 05 8a cf a5 00 48 83 c4 20 5b 48 ff e0 48 8b
0x00007ffc679ac0a0:   0d 1b b0 ab 00 8b 51 10 83 ea 01 0f 84 8b 00 00
0x00007ffc679ac0b0:   00 83 ea 01 74 6d 83 ea 01 74 4f 83 fa 01 74 31
0x00007ffc679ac0c0:   4c 8d 05 81 ba 81 00 ba e8 00 00 00 48 8d 0d ad
0x00007ffc679ac0d0:   ba 81 00 e8 58 68 23 00 e8 63 bc 65 00 33 c0 48
0x00007ffc679ac0e0:   8b cb 48 89 05 37 cf a5 00 48 83 c4 20 5b 48 ff
0x00007ffc679ac0f0:   e0 48 8d 05 78 00 00 00 48 8b cb 48 89 05 1e cf
0x00007ffc679ac100:   a5 00 48 83 c4 20 5b 48 ff e0 48 8d 05 4f 00 00
0x00007ffc679ac110:   00 48 8b cb 48 89 05 05 cf a5 00 48 83 c4 20 5b
0x00007ffc679ac120:   48 ff e0 48 8d 05 36 00 00 00 48 8b cb 48 89 05
0x00007ffc679ac130:   ec ce a5 00 48 83 c4 20 5b 48 ff e0 48 8d 05 1d
0x00007ffc679ac140:   00 00 00 48 8b cb 48 89 05 d3 ce a5 00 48 83 c4
0x00007ffc679ac150:   20 5b 48 ff e0 cc cc cc cc cc cc cc cc cc cc cc
0x00007ffc679ac160:   48 8b 01 c3 cc cc cc cc cc cc cc cc cc cc cc cc
0x00007ffc679ac170:   48 89 5c 24 08 57 48 83 ec 20 48 8b 39 48 8b d9
0x00007ffc679ac180:   48 85 3d a1 7c b0 00 75 0e 48 8b c7 48 8b 5c 24
0x00007ffc679ac190:   30 48 83 c4 20 5f c3 48 8b cf e8 41 f1 7e 00 48
0x00007ffc679ac1a0:   8b d0 48 85 c0 74 20 48 8b c7 f0 48 0f b1 13 74
0x00007ffc679ac1b0:   16 48 85 05 70 7c b0 00 74 0d 48 8b c8 f0 48 0f
0x00007ffc679ac1c0:   b1 13 48 3b c1 75 ea 48 8b 5c 24 30 48 8b c2 48
0x00007ffc679ac1d0:   83 c4 20 5f c3 cc cc cc cc cc cc cc cc cc cc cc
0x00007ffc679ac1e0:   8b 44 24 30 45 03 c9 44 2b 4c 24 28 83 c0 0b 44
0x00007ffc679ac1f0:   03 ca 45 03 c8 41 03 c1 c3 cc cc cc cc cc cc cc
0x00007ffc679ac200:   48 8b 41 08 0f b7 48 32 0f b7 40 30 83 c0 48 03
0x00007ffc679ac210:   c1 c3 cc cc cc cc cc cc cc cc cc cc cc cc cc cc
0x00007ffc679ac220:   48 89 5c 24 08 57 48 83 ec 20 0f b6 05 ff 83 b0
0x00007ffc679ac230:   00 48 8b fa 48 8b d9 84 c0 74 4f 48 85 15 e6 7b
0x00007ffc679ac240:   b0 00 74 38 48 8b ca e8 f4 f6 7e 00 48 8b d0 48
0x00007ffc679ac250:   85 db 74 25 48 85 c0 74 20 48 8b c7 f0 48 0f b1 


Stack slot to memory mapping:
stack at sp + 0 slots: 0x00007ffc67d7c308 jvm.dll
stack at sp + 1 slots: 0x0000008e5feff0f0 is pointing into the stack for thread: 0x0000027987ad1ce0
stack at sp + 2 slots: 0x00007ffc67fbfbc4 jvm.dll
stack at sp + 3 slots: 0x00000279a32f81b0 is pointing into metadata
stack at sp + 4 slots: 0x0000008e5feff000 is pointing into the stack for thread: 0x0000027987ad1ce0
stack at sp + 5 slots: 0x0000027987ad1ce0 is a thread
stack at sp + 6 slots: 0x0 is NULL
stack at sp + 7 slots: 0x0 is NULL


---------------  P R O C E S S  ---------------

Threads class SMR info:
_java_thread_list=0x00000279a2562780, length=12, elements={
0x0000027987ad1ce0, 0x00000279a18be020, 0x00000279a18bece0, 0x00000279a18eee10,
0x00000279a18f0820, 0x00000279a2400470, 0x00000279a2400d80, 0x00000279a2404800,
0x00000279a2423030, 0x00000279a24275b0, 0x00000279a25822a0, 0x00000279a2588ee0
}

Java Threads: ( => current thread )
=>0x0000027987ad1ce0 JavaThread "main" [_thread_in_vm, id=13992, stack(0x0000008e5fe00000,0x0000008e5ff00000)]
  0x00000279a18be020 JavaThread "Reference Handler" daemon [_thread_blocked, id=9084, stack(0x0000008e60500000,0x0000008e60600000)]
  0x00000279a18bece0 JavaThread "Finalizer" daemon [_thread_blocked, id=12536, stack(0x0000008e60600000,0x0000008e60700000)]
  0x00000279a18eee10 JavaThread "Signal Dispatcher" daemon [_thread_blocked, id=9520, stack(0x0000008e60700000,0x0000008e60800000)]
  0x00000279a18f0820 JavaThread "Attach Listener" daemon [_thread_blocked, id=2320, stack(0x0000008e60800000,0x0000008e60900000)]
  0x00000279a2400470 JavaThread "Service Thread" daemon [_thread_blocked, id=8764, stack(0x0000008e60900000,0x0000008e60a00000)]
  0x00000279a2400d80 JavaThread "Monitor Deflation Thread" daemon [_thread_blocked, id=15488, stack(0x0000008e60a00000,0x0000008e60b00000)]
  0x00000279a2404800 JavaThread "C2 CompilerThread0" daemon [_thread_blocked, id=14352, stack(0x0000008e60b00000,0x0000008e60c00000)]
  0x00000279a2423030 JavaThread "C1 CompilerThread0" daemon [_thread_blocked, id=2392, stack(0x0000008e60c00000,0x0000008e60d00000)]
  0x00000279a24275b0 JavaThread "Sweeper thread" daemon [_thread_blocked, id=14136, stack(0x0000008e60d00000,0x0000008e60e00000)]
  0x00000279a25822a0 JavaThread "Notification Thread" daemon [_thread_blocked, id=168, stack(0x0000008e60e00000,0x0000008e60f00000)]
  0x00000279a2588ee0 JavaThread "Common-Cleaner" daemon [_thread_blocked, id=9140, stack(0x0000008e61000000,0x0000008e61100000)]

Other Threads:
  0x00000279a18a3f00 VMThread "VM Thread" [stack: 0x0000008e60400000,0x0000008e60500000] [id=12600]
  0x00000279a2582bd0 WatcherThread [stack: 0x0000008e60f00000,0x0000008e61000000] [id=13804]
  0x0000027987b0b530 GCTaskThread "GC Thread#0" [stack: 0x0000008e5ff00000,0x0000008e60000000] [id=11108]
  0x0000027987b1cfa0 ConcurrentGCThread "G1 Main Marker" [stack: 0x0000008e60000000,0x0000008e60100000] [id=12864]
  0x0000027987b1da90 ConcurrentGCThread "G1 Conc#0" [stack: 0x0000008e60100000,0x0000008e60200000] [id=1472]
  0x0000027987ba1890 ConcurrentGCThread "G1 Refine#0" [stack: 0x0000008e60200000,0x0000008e60300000] [id=15224]
  0x0000027987ba2310 ConcurrentGCThread "G1 Service" [stack: 0x0000008e60300000,0x0000008e60400000] [id=864]

Threads with active compile tasks:

VM state: not at safepoint (normal execution)

VM Mutex/Monitor currently owned by a thread: None

Heap address: 0x0000000089400000, size: 1900 MB, Compressed Oops mode: 32-bit

CDS disabled.
Compressed class space mapped at: 0x0000000100000000-0x0000000140000000, reserved size: 1073741824
Narrow klass base: 0x0000000000000000, Narrow klass shift: 3, Narrow klass range: 0x140000000

GC Precious Log:
 CPUs: 12 total, 12 available
 Memory: 7599M
 Large Page Support: Disabled
 NUMA Support: Disabled
 Compressed Oops: Enabled (32-bit)
 Heap Region Size: 1M
 Heap Min Capacity: 8M
 Heap Initial Capacity: 120M
 Heap Max Capacity: 1900M
 Pre-touch: Disabled
 Parallel Workers: 10
 Concurrent Workers: 3
 Concurrent Refinement Workers: 10
 Periodic GC: Disabled

Heap:
 garbage-first heap   total 122880K, used 8192K [0x0000000089400000, 0x0000000100000000)
  region size 1024K, 10 young (10240K), 0 survivors (0K)
 Metaspace       used 11243K, committed 11392K, reserved 1064960K
  class space    used 835K, committed 896K, reserved 1048576K

Heap Regions: E=young(eden), S=young(survivor), O=old, HS=humongous(starts), HC=humongous(continues), CS=collection set, F=free, OA=open archive, CA=closed archive, TAMS=top-at-mark-start (previous, next)
|   0|0x0000000089400000, 0x0000000089400000, 0x0000000089500000|  0%| F|  |TAMS 0x0000000089400000, 0x0000000089400000| Untracked 
|   1|0x0000000089500000, 0x0000000089500000, 0x0000000089600000|  0%| F|  |TAMS 0x0000000089500000, 0x0000000089500000| Untracked 
|   2|0x0000000089600000, 0x0000000089600000, 0x0000000089700000|  0%| F|  |TAMS 0x0000000089600000, 0x0000000089600000| Untracked 
|   3|0x0000000089700000, 0x0000000089700000, 0x0000000089800000|  0%| F|  |TAMS 0x0000000089700000, 0x0000000089700000| Untracked 
|   4|0x0000000089800000, 0x0000000089800000, 0x0000000089900000|  0%| F|  |TAMS 0x0000000089800000, 0x0000000089800000| Untracked 
|   5|0x0000000089900000, 0x0000000089900000, 0x0000000089a00000|  0%| F|  |TAMS 0x0000000089900000, 0x0000000089900000| Untracked 
|   6|0x0000000089a00000, 0x0000000089a00000, 0x0000000089b00000|  0%| F|  |TAMS 0x0000000089a00000, 0x0000000089a00000| Untracked 
|   7|0x0000000089b00000, 0x0000000089b00000, 0x0000000089c00000|  0%| F|  |TAMS 0x0000000089b00000, 0x0000000089b00000| Untracked 
|   8|0x0000000089c00000, 0x0000000089c00000, 0x0000000089d00000|  0%| F|  |TAMS 0x0000000089c00000, 0x0000000089c00000| Untracked 
|   9|0x0000000089d00000, 0x0000000089d00000, 0x0000000089e00000|  0%| F|  |TAMS 0x0000000089d00000, 0x0000000089d00000| Untracked 
|  10|0x0000000089e00000, 0x0000000089e00000, 0x0000000089f00000|  0%| F|  |TAMS 0x0000000089e00000, 0x0000000089e00000| Untracked 
|  11|0x0000000089f00000, 0x0000000089f00000, 0x000000008a000000|  0%| F|  |TAMS 0x0000000089f00000, 0x0000000089f00000| Untracked 
|  12|0x000000008a000000, 0x000000008a000000, 0x000000008a100000|  0%| F|  |TAMS 0x000000008a000000, 0x000000008a000000| Untracked 
|  13|0x000000008a100000, 0x000000008a100000, 0x000000008a200000|  0%| F|  |TAMS 0x000000008a100000, 0x000000008a100000| Untracked 
|  14|0x000000008a200000, 0x000000008a200000, 0x000000008a300000|  0%| F|  |TAMS 0x000000008a200000, 0x000000008a200000| Untracked 
|  15|0x000000008a300000, 0x000000008a300000, 0x000000008a400000|  0%| F|  |TAMS 0x000000008a300000, 0x000000008a300000| Untracked 
|  16|0x000000008a400000, 0x000000008a400000, 0x000000008a500000|  0%| F|  |TAMS 0x000000008a400000, 0x000000008a400000| Untracked 
|  17|0x000000008a500000, 0x000000008a500000, 0x000000008a600000|  0%| F|  |TAMS 0x000000008a500000, 0x000000008a500000| Untracked 
|  18|0x000000008a600000, 0x000000008a600000, 0x000000008a700000|  0%| F|  |TAMS 0x000000008a600000, 0x000000008a600000| Untracked 
|  19|0x000000008a700000, 0x000000008a700000, 0x000000008a800000|  0%| F|  |TAMS 0x000000008a700000, 0x000000008a700000| Untracked 
|  20|0x000000008a800000, 0x000000008a800000, 0x000000008a900000|  0%| F|  |TAMS 0x000000008a800000, 0x000000008a800000| Untracked 
|  21|0x000000008a900000, 0x000000008a900000, 0x000000008aa00000|  0%| F|  |TAMS 0x000000008a900000, 0x000000008a900000| Untracked 
|  22|0x000000008aa00000, 0x000000008aa00000, 0x000000008ab00000|  0%| F|  |TAMS 0x000000008aa00000, 0x000000008aa00000| Untracked 
|  23|0x000000008ab00000, 0x000000008ab00000, 0x000000008ac00000|  0%| F|  |TAMS 0x000000008ab00000, 0x000000008ab00000| Untracked 
|  24|0x000000008ac00000, 0x000000008ac00000, 0x000000008ad00000|  0%| F|  |TAMS 0x000000008ac00000, 0x000000008ac00000| Untracked 
|  25|0x000000008ad00000, 0x000000008ad00000, 0x000000008ae00000|  0%| F|  |TAMS 0x000000008ad00000, 0x000000008ad00000| Untracked 
|  26|0x000000008ae00000, 0x000000008ae00000, 0x000000008af00000|  0%| F|  |TAMS 0x000000008ae00000, 0x000000008ae00000| Untracked 
|  27|0x000000008af00000, 0x000000008af00000, 0x000000008b000000|  0%| F|  |TAMS 0x000000008af00000, 0x000000008af00000| Untracked 
|  28|0x000000008b000000, 0x000000008b000000, 0x000000008b100000|  0%| F|  |TAMS 0x000000008b000000, 0x000000008b000000| Untracked 
|  29|0x000000008b100000, 0x000000008b100000, 0x000000008b200000|  0%| F|  |TAMS 0x000000008b100000, 0x000000008b100000| Untracked 
|  30|0x000000008b200000, 0x000000008b200000, 0x000000008b300000|  0%| F|  |TAMS 0x000000008b200000, 0x000000008b200000| Untracked 
|  31|0x000000008b300000, 0x000000008b300000, 0x000000008b400000|  0%| F|  |TAMS 0x000000008b300000, 0x000000008b300000| Untracked 
|  32|0x000000008b400000, 0x000000008b400000, 0x000000008b500000|  0%| F|  |TAMS 0x000000008b400000, 0x000000008b400000| Untracked 
|  33|0x000000008b500000, 0x000000008b500000, 0x000000008b600000|  0%| F|  |TAMS 0x000000008b500000, 0x000000008b500000| Untracked 
|  34|0x000000008b600000, 0x000000008b600000, 0x000000008b700000|  0%| F|  |TAMS 0x000000008b600000, 0x000000008b600000| Untracked 
|  35|0x000000008b700000, 0x000000008b700000, 0x000000008b800000|  0%| F|  |TAMS 0x000000008b700000, 0x000000008b700000| Untracked 
|  36|0x000000008b800000, 0x000000008b800000, 0x000000008b900000|  0%| F|  |TAMS 0x000000008b800000, 0x000000008b800000| Untracked 
|  37|0x000000008b900000, 0x000000008b900000, 0x000000008ba00000|  0%| F|  |TAMS 0x000000008b900000, 0x000000008b900000| Untracked 
|  38|0x000000008ba00000, 0x000000008ba00000, 0x000000008bb00000|  0%| F|  |TAMS 0x000000008ba00000, 0x000000008ba00000| Untracked 
|  39|0x000000008bb00000, 0x000000008bb00000, 0x000000008bc00000|  0%| F|  |TAMS 0x000000008bb00000, 0x000000008bb00000| Untracked 
|  40|0x000000008bc00000, 0x000000008bc00000, 0x000000008bd00000|  0%| F|  |TAMS 0x000000008bc00000, 0x000000008bc00000| Untracked 
|  41|0x000000008bd00000, 0x000000008bd00000, 0x000000008be00000|  0%| F|  |TAMS 0x000000008bd00000, 0x000000008bd00000| Untracked 
|  42|0x000000008be00000, 0x000000008be00000, 0x000000008bf00000|  0%| F|  |TAMS 0x000000008be00000, 0x000000008be00000| Untracked 
|  43|0x000000008bf00000, 0x000000008bf00000, 0x000000008c000000|  0%| F|  |TAMS 0x000000008bf00000, 0x000000008bf00000| Untracked 
|  44|0x000000008c000000, 0x000000008c000000, 0x000000008c100000|  0%| F|  |TAMS 0x000000008c000000, 0x000000008c000000| Untracked 
|  45|0x000000008c100000, 0x000000008c100000, 0x000000008c200000|  0%| F|  |TAMS 0x000000008c100000, 0x000000008c100000| Untracked 
|  46|0x000000008c200000, 0x000000008c200000, 0x000000008c300000|  0%| F|  |TAMS 0x000000008c200000, 0x000000008c200000| Untracked 
|  47|0x000000008c300000, 0x000000008c300000, 0x000000008c400000|  0%| F|  |TAMS 0x000000008c300000, 0x000000008c300000| Untracked 
|  48|0x000000008c400000, 0x000000008c400000, 0x000000008c500000|  0%| F|  |TAMS 0x000000008c400000, 0x000000008c400000| Untracked 
|  49|0x000000008c500000, 0x000000008c500000, 0x000000008c600000|  0%| F|  |TAMS 0x000000008c500000, 0x000000008c500000| Untracked 
|  50|0x000000008c600000, 0x000000008c600000, 0x000000008c700000|  0%| F|  |TAMS 0x000000008c600000, 0x000000008c600000| Untracked 
|  51|0x000000008c700000, 0x000000008c700000, 0x000000008c800000|  0%| F|  |TAMS 0x000000008c700000, 0x000000008c700000| Untracked 
|  52|0x000000008c800000, 0x000000008c800000, 0x000000008c900000|  0%| F|  |TAMS 0x000000008c800000, 0x000000008c800000| Untracked 
|  53|0x000000008c900000, 0x000000008c900000, 0x000000008ca00000|  0%| F|  |TAMS 0x000000008c900000, 0x000000008c900000| Untracked 
|  54|0x000000008ca00000, 0x000000008ca00000, 0x000000008cb00000|  0%| F|  |TAMS 0x000000008ca00000, 0x000000008ca00000| Untracked 
|  55|0x000000008cb00000, 0x000000008cb00000, 0x000000008cc00000|  0%| F|  |TAMS 0x000000008cb00000, 0x000000008cb00000| Untracked 
|  56|0x000000008cc00000, 0x000000008cc00000, 0x000000008cd00000|  0%| F|  |TAMS 0x000000008cc00000, 0x000000008cc00000| Untracked 
|  57|0x000000008cd00000, 0x000000008cd00000, 0x000000008ce00000|  0%| F|  |TAMS 0x000000008cd00000, 0x000000008cd00000| Untracked 
|  58|0x000000008ce00000, 0x000000008ce00000, 0x000000008cf00000|  0%| F|  |TAMS 0x000000008ce00000, 0x000000008ce00000| Untracked 
|  59|0x000000008cf00000, 0x000000008cf00000, 0x000000008d000000|  0%| F|  |TAMS 0x000000008cf00000, 0x000000008cf00000| Untracked 
|  60|0x000000008d000000, 0x000000008d000000, 0x000000008d100000|  0%| F|  |TAMS 0x000000008d000000, 0x000000008d000000| Untracked 
|  61|0x000000008d100000, 0x000000008d100000, 0x000000008d200000|  0%| F|  |TAMS 0x000000008d100000, 0x000000008d100000| Untracked 
|  62|0x000000008d200000, 0x000000008d200000, 0x000000008d300000|  0%| F|  |TAMS 0x000000008d200000, 0x000000008d200000| Untracked 
|  63|0x000000008d300000, 0x000000008d300000, 0x000000008d400000|  0%| F|  |TAMS 0x000000008d300000, 0x000000008d300000| Untracked 
|  64|0x000000008d400000, 0x000000008d400000, 0x000000008d500000|  0%| F|  |TAMS 0x000000008d400000, 0x000000008d400000| Untracked 
|  65|0x000000008d500000, 0x000000008d500000, 0x000000008d600000|  0%| F|  |TAMS 0x000000008d500000, 0x000000008d500000| Untracked 
|  66|0x000000008d600000, 0x000000008d600000, 0x000000008d700000|  0%| F|  |TAMS 0x000000008d600000, 0x000000008d600000| Untracked 
|  67|0x000000008d700000, 0x000000008d700000, 0x000000008d800000|  0%| F|  |TAMS 0x000000008d700000, 0x000000008d700000| Untracked 
|  68|0x000000008d800000, 0x000000008d800000, 0x000000008d900000|  0%| F|  |TAMS 0x000000008d800000, 0x000000008d800000| Untracked 
|  69|0x000000008d900000, 0x000000008d900000, 0x000000008da00000|  0%| F|  |TAMS 0x000000008d900000, 0x000000008d900000| Untracked 
|  70|0x000000008da00000, 0x000000008da00000, 0x000000008db00000|  0%| F|  |TAMS 0x000000008da00000, 0x000000008da00000| Untracked 
|  71|0x000000008db00000, 0x000000008db00000, 0x000000008dc00000|  0%| F|  |TAMS 0x000000008db00000, 0x000000008db00000| Untracked 
|  72|0x000000008dc00000, 0x000000008dc00000, 0x000000008dd00000|  0%| F|  |TAMS 0x000000008dc00000, 0x000000008dc00000| Untracked 
|  73|0x000000008dd00000, 0x000000008dd00000, 0x000000008de00000|  0%| F|  |TAMS 0x000000008dd00000, 0x000000008dd00000| Untracked 
|  74|0x000000008de00000, 0x000000008de00000, 0x000000008df00000|  0%| F|  |TAMS 0x000000008de00000, 0x000000008de00000| Untracked 
|  75|0x000000008df00000, 0x000000008df00000, 0x000000008e000000|  0%| F|  |TAMS 0x000000008df00000, 0x000000008df00000| Untracked 
|  76|0x000000008e000000, 0x000000008e000000, 0x000000008e100000|  0%| F|  |TAMS 0x000000008e000000, 0x000000008e000000| Untracked 
|  77|0x000000008e100000, 0x000000008e100000, 0x000000008e200000|  0%| F|  |TAMS 0x000000008e100000, 0x000000008e100000| Untracked 
|  78|0x000000008e200000, 0x000000008e200000, 0x000000008e300000|  0%| F|  |TAMS 0x000000008e200000, 0x000000008e200000| Untracked 
|  79|0x000000008e300000, 0x000000008e300000, 0x000000008e400000|  0%| F|  |TAMS 0x000000008e300000, 0x000000008e300000| Untracked 
|  80|0x000000008e400000, 0x000000008e400000, 0x000000008e500000|  0%| F|  |TAMS 0x000000008e400000, 0x000000008e400000| Untracked 
|  81|0x000000008e500000, 0x000000008e500000, 0x000000008e600000|  0%| F|  |TAMS 0x000000008e500000, 0x000000008e500000| Untracked 
|  82|0x000000008e600000, 0x000000008e600000, 0x000000008e700000|  0%| F|  |TAMS 0x000000008e600000, 0x000000008e600000| Untracked 
|  83|0x000000008e700000, 0x000000008e700000, 0x000000008e800000|  0%| F|  |TAMS 0x000000008e700000, 0x000000008e700000| Untracked 
|  84|0x000000008e800000, 0x000000008e800000, 0x000000008e900000|  0%| F|  |TAMS 0x000000008e800000, 0x000000008e800000| Untracked 
|  85|0x000000008e900000, 0x000000008e900000, 0x000000008ea00000|  0%| F|  |TAMS 0x000000008e900000, 0x000000008e900000| Untracked 
|  86|0x000000008ea00000, 0x000000008ea00000, 0x000000008eb00000|  0%| F|  |TAMS 0x000000008ea00000, 0x000000008ea00000| Untracked 
|  87|0x000000008eb00000, 0x000000008eb00000, 0x000000008ec00000|  0%| F|  |TAMS 0x000000008eb00000, 0x000000008eb00000| Untracked 
|  88|0x000000008ec00000, 0x000000008ec00000, 0x000000008ed00000|  0%| F|  |TAMS 0x000000008ec00000, 0x000000008ec00000| Untracked 
|  89|0x000000008ed00000, 0x000000008ed00000, 0x000000008ee00000|  0%| F|  |TAMS 0x000000008ed00000, 0x000000008ed00000| Untracked 
|  90|0x000000008ee00000, 0x000000008ee00000, 0x000000008ef00000|  0%| F|  |TAMS 0x000000008ee00000, 0x000000008ee00000| Untracked 
|  91|0x000000008ef00000, 0x000000008ef00000, 0x000000008f000000|  0%| F|  |TAMS 0x000000008ef00000, 0x000000008ef00000| Untracked 
|  92|0x000000008f000000, 0x000000008f000000, 0x000000008f100000|  0%| F|  |TAMS 0x000000008f000000, 0x000000008f000000| Untracked 
|  93|0x000000008f100000, 0x000000008f100000, 0x000000008f200000|  0%| F|  |TAMS 0x000000008f100000, 0x000000008f100000| Untracked 
|  94|0x000000008f200000, 0x000000008f200000, 0x000000008f300000|  0%| F|  |TAMS 0x000000008f200000, 0x000000008f200000| Untracked 
|  95|0x000000008f300000, 0x000000008f300000, 0x000000008f400000|  0%| F|  |TAMS 0x000000008f300000, 0x000000008f300000| Untracked 
|  96|0x000000008f400000, 0x000000008f400000, 0x000000008f500000|  0%| F|  |TAMS 0x000000008f400000, 0x000000008f400000| Untracked 
|  97|0x000000008f500000, 0x000000008f500000, 0x000000008f600000|  0%| F|  |TAMS 0x000000008f500000, 0x000000008f500000| Untracked 
|  98|0x000000008f600000, 0x000000008f600000, 0x000000008f700000|  0%| F|  |TAMS 0x000000008f600000, 0x000000008f600000| Untracked 
|  99|0x000000008f700000, 0x000000008f700000, 0x000000008f800000|  0%| F|  |TAMS 0x000000008f700000, 0x000000008f700000| Untracked 
| 100|0x000000008f800000, 0x000000008f800000, 0x000000008f900000|  0%| F|  |TAMS 0x000000008f800000, 0x000000008f800000| Untracked 
| 101|0x000000008f900000, 0x000000008f900000, 0x000000008fa00000|  0%| F|  |TAMS 0x000000008f900000, 0x000000008f900000| Untracked 
| 102|0x000000008fa00000, 0x000000008fa00000, 0x000000008fb00000|  0%| F|  |TAMS 0x000000008fa00000, 0x000000008fa00000| Untracked 
| 103|0x000000008fb00000, 0x000000008fb00000, 0x000000008fc00000|  0%| F|  |TAMS 0x000000008fb00000, 0x000000008fb00000| Untracked 
| 104|0x000000008fc00000, 0x000000008fc00000, 0x000000008fd00000|  0%| F|  |TAMS 0x000000008fc00000, 0x000000008fc00000| Untracked 
| 105|0x000000008fd00000, 0x000000008fd00000, 0x000000008fe00000|  0%| F|  |TAMS 0x000000008fd00000, 0x000000008fd00000| Untracked 
| 106|0x000000008fe00000, 0x000000008fe00000, 0x000000008ff00000|  0%| F|  |TAMS 0x000000008fe00000, 0x000000008fe00000| Untracked 
| 107|0x000000008ff00000, 0x000000008ff00000, 0x0000000090000000|  0%| F|  |TAMS 0x000000008ff00000, 0x000000008ff00000| Untracked 
| 108|0x0000000090000000, 0x0000000090000000, 0x0000000090100000|  0%| F|  |TAMS 0x0000000090000000, 0x0000000090000000| Untracked 
| 109|0x0000000090100000, 0x0000000090100000, 0x0000000090200000|  0%| F|  |TAMS 0x0000000090100000, 0x0000000090100000| Untracked 
| 110|0x0000000090200000, 0x00000000902efcd8, 0x0000000090300000| 93%| E|  |TAMS 0x0000000090200000, 0x0000000090200000| Complete 
| 111|0x0000000090300000, 0x0000000090400000, 0x0000000090400000|100%| E|CS|TAMS 0x0000000090300000, 0x0000000090300000| Complete 
| 112|0x0000000090400000, 0x0000000090500000, 0x0000000090500000|100%| E|CS|TAMS 0x0000000090400000, 0x0000000090400000| Complete 
| 113|0x0000000090500000, 0x0000000090600000, 0x0000000090600000|100%| E|  |TAMS 0x0000000090500000, 0x0000000090500000| Complete 
| 114|0x0000000090600000, 0x0000000090700000, 0x0000000090700000|100%| E|CS|TAMS 0x0000000090600000, 0x0000000090600000| Complete 
| 115|0x0000000090700000, 0x0000000090800000, 0x0000000090800000|100%| E|CS|TAMS 0x0000000090700000, 0x0000000090700000| Complete 
| 116|0x0000000090800000, 0x0000000090900000, 0x0000000090900000|100%| E|CS|TAMS 0x0000000090800000, 0x0000000090800000| Complete 
| 117|0x0000000090900000, 0x0000000090a00000, 0x0000000090a00000|100%| E|CS|TAMS 0x0000000090900000, 0x0000000090900000| Complete 
| 118|0x0000000090a00000, 0x0000000090b00000, 0x0000000090b00000|100%| E|CS|TAMS 0x0000000090a00000, 0x0000000090a00000| Complete 
| 119|0x0000000090b00000, 0x0000000090c00000, 0x0000000090c00000|100%| E|CS|TAMS 0x0000000090b00000, 0x0000000090b00000| Complete 

Card table byte_map: [0x000002799a970000,0x000002799ad30000] _byte_map_base: 0x000002799a526000

Marking Bits (Prev, Next): (CMBitMap*) 0x0000027987b0d030, (CMBitMap*) 0x0000027987b0d070
 Prev Bits: [0x000002799b0f0000, 0x000002799cea0000)
 Next Bits: [0x000002799cea0000, 0x000002799ec50000)

Polling page: 0x0000027985760000

Metaspace:

Usage:
  Non-class:     10.16 MB used.
      Class:    835.00 KB used.
       Both:     10.98 MB used.

Virtual space:
  Non-class space:       16.00 MB reserved,      10.25 MB ( 64%) committed,  2 nodes.
      Class space:        1.00 GB reserved,     896.00 KB ( <1%) committed,  1 nodes.
              Both:        1.02 GB reserved,      11.12 MB (  1%) committed. 

Chunk freelists:
   Non-Class:  1.02 MB
       Class:  3.13 MB
        Both:  4.14 MB

MaxMetaspaceSize: 17179869184.00 GB
CompressedClassSpaceSize: 1.00 GB
 - commit_granule_bytes: 65536.
 - commit_granule_words: 8192.
 - virtual_space_node_default_size: 1048576.
 - enlarge_chunks_in_place: 1.
 - new_chunks_are_fully_committed: 0.
 - uncommit_free_chunks: 1.
 - use_allocation_guard: 0.
 - handle_deallocations: 1.


Internal statistics:

num_allocs_failed_limit: 0.
num_arena_births: 68.
num_arena_deaths: 0.
num_vsnodes_births: 3.
num_vsnodes_deaths: 0.
num_space_committed: 176.
num_space_uncommitted: 0.
num_chunks_returned_to_freelist: 0.
num_chunks_taken_from_freelist: 191.
num_chunk_merges: 0.
num_chunk_splits: 125.
num_chunks_enlarged: 95.
num_purges: 0.

CodeHeap 'non-profiled nmethods': size=120000Kb used=193Kb max_used=193Kb free=119806Kb
 bounds [0x0000027992b20000, 0x0000027992d90000, 0x000002799a050000]
CodeHeap 'profiled nmethods': size=120000Kb used=1078Kb max_used=1078Kb free=118921Kb
 bounds [0x000002798b5f0000, 0x000002798b860000, 0x0000027992b20000]
CodeHeap 'non-nmethods': size=5760Kb used=1677Kb max_used=1678Kb free=4082Kb
 bounds [0x000002798b050000, 0x000002798b2c0000, 0x000002798b5f0000]
 total_blobs=1809 nmethods=682 adapters=1040
 compilation: enabled
              stopped_count=0, restarted_count=0
 full_count=0

Compilation events (20 events):
Event: 0.649 Thread 0x00000279a2423030  670       3       sun.invoke.util.VerifyAccess::isTypeVisible (118 bytes)
Event: 0.650 Thread 0x00000279a2423030 nmethod 670 0x000002798b6e5d90 code [0x000002798b6e61c0, 0x000002798b6e81d8]
Event: 0.651 Thread 0x00000279a2423030  672       3       jdk.internal.loader.NativeLibraries$NativeLibraryImpl::find (6 bytes)
Event: 0.651 Thread 0x00000279a2423030 nmethod 672 0x000002798b6e8b90 code [0x000002798b6e8d40, 0x000002798b6e8e68]
Event: 0.651 Thread 0x00000279a2423030  675       3       jdk.internal.org.objectweb.asm.Type::getArgumentsAndReturnSizes (140 bytes)
Event: 0.652 Thread 0x00000279a2404800 nmethod 652 0x0000027992b4f910 code [0x0000027992b4fac0, 0x0000027992b50248]
Event: 0.652 Thread 0x00000279a2423030 nmethod 675 0x000002798b6e8f10 code [0x000002798b6e9320, 0x000002798b6eb138]
Event: 0.653 Thread 0x00000279a2423030  676       3       jdk.internal.loader.ClassLoaders$AppClassLoader::loadClass (40 bytes)
Event: 0.653 Thread 0x00000279a2423030 nmethod 676 0x000002798b6ebc10 code [0x000002798b6ebe60, 0x000002798b6ec778]
Event: 0.657 Thread 0x00000279a2423030  677       3       sun.net.www.protocol.file.Handler::parseURL (18 bytes)
Event: 0.658 Thread 0x00000279a2423030 nmethod 677 0x000002798b6ecb10 code [0x000002798b6eccc0, 0x000002798b6ece78]
Event: 0.658 Thread 0x00000279a2423030  678       3       java.net.URLStreamHandler::parseURL (1201 bytes)
Event: 0.669 Thread 0x00000279a2423030 nmethod 678 0x000002798b6ecf90 code [0x000002798b6ee0e0, 0x000002798b6f8688]
Event: 0.670 Thread 0x00000279a2423030  679       3       java.util.concurrent.ConcurrentHashMap::values (25 bytes)
Event: 0.671 Thread 0x00000279a2423030 nmethod 679 0x000002798b6fc590 code [0x000002798b6fc760, 0x000002798b6fcaf8]
Event: 0.671 Thread 0x00000279a2423030  680       3       java.util.concurrent.ConcurrentHashMap$ValuesView::iterator (34 bytes)
Event: 0.671 Thread 0x00000279a2423030 nmethod 680 0x000002798b6fcc10 code [0x000002798b6fcdc0, 0x000002798b6fcfe8]
Event: 0.671 Thread 0x00000279a2423030  681       3       java.util.concurrent.ConcurrentHashMap$ValueIterator::<init> (12 bytes)
Event: 0.671 Thread 0x00000279a2423030 nmethod 681 0x000002798b6fd110 code [0x000002798b6fd2c0, 0x000002798b6fd408]
Event: 0.671 Thread 0x00000279a2423030  682       3       java.util.concurrent.ConcurrentHashMap::sumCount (60 bytes)

GC Heap History (0 events):
No events

Deoptimization events (2 events):
Event: 0.640 Thread 0x0000027987ad1ce0 DEOPT PACKING pc=0x000002798b612065 sp=0x0000008e5fefd2f0
Event: 0.640 Thread 0x0000027987ad1ce0 DEOPT UNPACKING pc=0x000002798b09dece sp=0x0000008e5fefc740 mode 0

Classes unloaded (0 events):
No events

Classes redefined (0 events):
No events

Internal exceptions (20 events):
Event: 0.192 Thread 0x0000027987ad1ce0 Exception <a 'java/lang/NoSuchMethodError'{0x000000009085d448}: 'void java.lang.invoke.DirectMethodHandle$Holder.invokeStatic(java.lang.Object, java.lang.Object)'> (0x000000009085d448) 
thrown [t:\workspace\open\src\hotspot\share\interpreter\linkResolver.cpp, line 790]
Event: 0.193 Thread 0x0000027987ad1ce0 Exception <a 'java/lang/NoSuchMethodError'{0x00000000908628a0}: 'void java.lang.invoke.DirectMethodHandle$Holder.invokeSpecial(java.lang.Object, java.lang.Object, java.lang.Object)'> (0x00000000908628a0) 
thrown [t:\workspace\open\src\hotspot\share\interpreter\linkResolver.cpp, line 790]
Event: 0.195 Thread 0x0000027987ad1ce0 Exception <a 'java/lang/NoSuchMethodError'{0x0000000090877000}: 'java.lang.Object java.lang.invoke.DirectMethodHandle$Holder.invokeStatic(java.lang.Object, java.lang.Object, int)'> (0x0000000090877000) 
thrown [t:\workspace\open\src\hotspot\share\interpreter\linkResolver.cpp, line 790]
Event: 0.196 Thread 0x0000027987ad1ce0 Exception <a 'java/lang/NoSuchMethodError'{0x00000000908831a8}: 'void java.lang.invoke.DelegatingMethodHandle$Holder.delegate(java.lang.Object, java.lang.Object, int, java.lang.Object)'> (0x00000000908831a8) 
thrown [t:\workspace\open\src\hotspot\share\interpreter\linkResolver.cpp, line 790]
Event: 0.196 Thread 0x0000027987ad1ce0 Exception <a 'java/lang/NoSuchMethodError'{0x0000000090887500}: 'int java.lang.invoke.DirectMethodHandle$Holder.invokeSpecial(java.lang.Object, java.lang.Object, java.lang.Object)'> (0x0000000090887500) 
thrown [t:\workspace\open\src\hotspot\share\interpreter\linkResolver.cpp, line 790]
Event: 0.216 Thread 0x0000027987ad1ce0 Exception <a 'sun/nio/fs/WindowsException'{0x00000000908d9028}> (0x00000000908d9028) 
thrown [t:\workspace\open\src\hotspot\share\prims\jni.cpp, line 579]
Event: 0.216 Thread 0x0000027987ad1ce0 Exception <a 'sun/nio/fs/WindowsException'{0x00000000908d95a8}> (0x00000000908d95a8) 
thrown [t:\workspace\open\src\hotspot\share\prims\jni.cpp, line 579]
Event: 0.244 Thread 0x0000027987ad1ce0 Exception <a 'java/lang/NoSuchMethodError'{0x00000000906543d0}: 'int java.lang.invoke.DirectMethodHandle$Holder.invokeStaticInit(java.lang.Object, java.lang.Object, int, long)'> (0x00000000906543d0) 
thrown [t:\workspace\open\src\hotspot\share\interpreter\linkResolver.cpp, line 790]
Event: 0.245 Thread 0x0000027987ad1ce0 Exception <a 'java/lang/NoSuchMethodError'{0x0000000090659ea0}: 'java.lang.Object java.lang.invoke.DirectMethodHandle$Holder.newInvokeSpecial(java.lang.Object, java.lang.Object, int)'> (0x0000000090659ea0) 
thrown [t:\workspace\open\src\hotspot\share\interpreter\linkResolver.cpp, line 790]
Event: 0.246 Thread 0x0000027987ad1ce0 Exception <a 'java/lang/NoSuchMethodError'{0x0000000090668e88}: 'int java.lang.invoke.DirectMethodHandle$Holder.invokeStaticInit(java.lang.Object, java.lang.Object, long, long)'> (0x0000000090668e88) 
thrown [t:\workspace\open\src\hotspot\share\interpreter\linkResolver.cpp, line 790]
Event: 0.247 Thread 0x0000027987ad1ce0 Exception <a 'java/lang/NoSuchMethodError'{0x000000009066f230}: 'java.lang.Object java.lang.invoke.DirectMethodHandle$Holder.newInvokeSpecial(java.lang.Object, java.lang.Object, long)'> (0x000000009066f230) 
thrown [t:\workspace\open\src\hotspot\share\interpreter\linkResolver.cpp, line 790]
Event: 0.247 Thread 0x0000027987ad1ce0 Exception <a 'java/lang/NoSuchMethodError'{0x0000000090673388}: 'java.lang.Object java.lang.invoke.Invokers$Holder.linkToTargetMethod(java.lang.Object, long, java.lang.Object)'> (0x0000000090673388) 
thrown [t:\workspace\open\src\hotspot\share\interpreter\linkResolver.cpp, line 790]
Event: 0.247 Thread 0x0000027987ad1ce0 Exception <a 'java/lang/NoSuchMethodError'{0x000000009067b108}: 'int java.lang.invoke.DirectMethodHandle$Holder.invokeStaticInit(java.lang.Object, java.lang.Object, java.lang.Object, long)'> (0x000000009067b108) 
thrown [t:\workspace\open\src\hotspot\share\interpreter\linkResolver.cpp, line 790]
Event: 0.265 Thread 0x0000027987ad1ce0 Exception <a 'sun/nio/fs/WindowsException'{0x0000000090525688}> (0x0000000090525688) 
thrown [t:\workspace\open\src\hotspot\share\prims\jni.cpp, line 579]
Event: 0.265 Thread 0x0000027987ad1ce0 Exception <a 'sun/nio/fs/WindowsException'{0x0000000090525a18}> (0x0000000090525a18) 
thrown [t:\workspace\open\src\hotspot\share\prims\jni.cpp, line 579]
Event: 0.421 Thread 0x0000027987ad1ce0 Exception <a 'sun/nio/fs/WindowsException'{0x000000009059db10}> (0x000000009059db10) 
thrown [t:\workspace\open\src\hotspot\share\prims\jni.cpp, line 579]
Event: 0.421 Thread 0x0000027987ad1ce0 Exception <a 'sun/nio/fs/WindowsException'{0x000000009059dee8}> (0x000000009059dee8) 
thrown [t:\workspace\open\src\hotspot\share\prims\jni.cpp, line 579]
Event: 0.424 Thread 0x0000027987ad1ce0 Exception <a 'sun/nio/fs/WindowsException'{0x00000000905ab690}> (0x00000000905ab690) 
thrown [t:\workspace\open\src\hotspot\share\prims\jni.cpp, line 579]
Event: 0.424 Thread 0x0000027987ad1ce0 Exception <a 'sun/nio/fs/WindowsException'{0x00000000905ab9a0}> (0x00000000905ab9a0) 
thrown [t:\workspace\open\src\hotspot\share\prims\jni.cpp, line 579]
Event: 0.540 Thread 0x0000027987ad1ce0 Exception <a 'sun/nio/fs/WindowsException'{0x00000000903d9d70}> (0x00000000903d9d70) 
thrown [t:\workspace\open\src\hotspot\share\prims\jni.cpp, line 579]

Events (20 events):
Event: 0.418 loading class jdk/internal/misc/ScopedMemoryAccess$Scope
Event: 0.418 loading class jdk/internal/misc/ScopedMemoryAccess$Scope done
Event: 0.422 Loaded shared library C:\Users\Vinoth VK\AppData\Local\Temp\lwjglVinoth VK\3.3.0-SNAPSHOT\lwjgl_opengl.dll
Event: 0.442 loading class java/util/function/IntFunction
Event: 0.442 loading class java/util/function/IntFunction done
Event: 0.537 loading class java/io/UncheckedIOException
Event: 0.537 loading class java/io/UncheckedIOException done
Event: 0.540 loading class java/nio/file/StandardCopyOption
Event: 0.540 loading class java/nio/file/StandardCopyOption done
Event: 0.578 loading class java/io/DeleteOnExitHook
Event: 0.578 loading class java/io/DeleteOnExitHook done
Event: 0.578 loading class java/util/LinkedHashSet
Event: 0.578 loading class java/util/LinkedHashSet done
Event: 0.578 loading class java/io/DeleteOnExitHook$1
Event: 0.578 loading class java/io/DeleteOnExitHook$1 done
Event: 0.578 loading class java/lang/Shutdown
Event: 0.578 loading class java/lang/Shutdown done
Event: 0.578 loading class java/lang/Shutdown$Lock
Event: 0.578 loading class java/lang/Shutdown$Lock done
Event: 0.635 Loaded shared library C:\Users\Vinoth VK\AppData\Local\Temp\imgui-java-natives_1641023617732\imgui-java64.dll


Dynamic libraries:
0x00007ff7c47d0000 - 0x00007ff7c47de000 	C:\Users\Vinoth VK\.p2\pool\plugins\org.eclipse.justj.openjdk.hotspot.jre.full.win32.x86_64_16.0.2.v20210721-1149\jre\bin\javaw.exe
0x00007ffcaba10000 - 0x00007ffcabc05000 	C:\WINDOWS\SYSTEM32\ntdll.dll
0x00007ffcab910000 - 0x00007ffcab9ce000 	C:\WINDOWS\System32\KERNEL32.DLL
0x00007ffca9780000 - 0x00007ffca9a48000 	C:\WINDOWS\System32\KERNELBASE.dll
0x00007ffca9480000 - 0x00007ffca9580000 	C:\WINDOWS\System32\ucrtbase.dll
0x00007ffc9f470000 - 0x00007ffc9f489000 	C:\Users\Vinoth VK\.p2\pool\plugins\org.eclipse.justj.openjdk.hotspot.jre.full.win32.x86_64_16.0.2.v20210721-1149\jre\bin\VCRUNTIME140.dll
0x00007ffca69a0000 - 0x00007ffca69b8000 	C:\Users\Vinoth VK\.p2\pool\plugins\org.eclipse.justj.openjdk.hotspot.jre.full.win32.x86_64_16.0.2.v20210721-1149\jre\bin\jli.dll
0x00007ffca9b00000 - 0x00007ffca9ca1000 	C:\WINDOWS\System32\USER32.dll
0x00007ffc98a60000 - 0x00007ffc98cfa000 	C:\WINDOWS\WinSxS\amd64_microsoft.windows.common-controls_6595b64144ccf1df_6.0.19041.1110_none_60b5254171f9507e\COMCTL32.dll
0x00007ffca9280000 - 0x00007ffca92a2000 	C:\WINDOWS\System32\win32u.dll
0x00007ffcab390000 - 0x00007ffcab42e000 	C:\WINDOWS\System32\msvcrt.dll
0x00007ffca9ff0000 - 0x00007ffcaa01b000 	C:\WINDOWS\System32\GDI32.dll
0x00007ffca92b0000 - 0x00007ffca93bd000 	C:\WINDOWS\System32\gdi32full.dll
0x00007ffca9580000 - 0x00007ffca961d000 	C:\WINDOWS\System32\msvcp_win.dll
0x00007ffca9ab0000 - 0x00007ffca9ae0000 	C:\WINDOWS\System32\IMM32.DLL
0x00007ffca6a20000 - 0x00007ffca6a2c000 	C:\Users\Vinoth VK\.p2\pool\plugins\org.eclipse.justj.openjdk.hotspot.jre.full.win32.x86_64_16.0.2.v20210721-1149\jre\bin\vcruntime140_1.dll
0x00007ffc7ab40000 - 0x00007ffc7abd1000 	C:\Users\Vinoth VK\.p2\pool\plugins\org.eclipse.justj.openjdk.hotspot.jre.full.win32.x86_64_16.0.2.v20210721-1149\jre\bin\msvcp140.dll
0x00007ffc679a0000 - 0x00007ffc6854b000 	C:\Users\Vinoth VK\.p2\pool\plugins\org.eclipse.justj.openjdk.hotspot.jre.full.win32.x86_64_16.0.2.v20210721-1149\jre\bin\server\jvm.dll
0x00007ffcaa150000 - 0x00007ffcaa1fc000 	C:\WINDOWS\System32\ADVAPI32.dll
0x00007ffcaa0b0000 - 0x00007ffcaa14b000 	C:\WINDOWS\System32\sechost.dll
0x00007ffca9cb0000 - 0x00007ffca9dda000 	C:\WINDOWS\System32\RPCRT4.dll
0x00007ffcaa2d0000 - 0x00007ffcaa2d8000 	C:\WINDOWS\System32\PSAPI.DLL
0x00007ffc9d7e0000 - 0x00007ffc9d807000 	C:\WINDOWS\SYSTEM32\WINMM.dll
0x00007ffca3580000 - 0x00007ffca358a000 	C:\WINDOWS\SYSTEM32\VERSION.dll
0x00007ffc9f440000 - 0x00007ffc9f449000 	C:\WINDOWS\SYSTEM32\WSOCK32.dll
0x00007ffcaac10000 - 0x00007ffcaac7b000 	C:\WINDOWS\System32\WS2_32.dll
0x00007ffca6f00000 - 0x00007ffca6f12000 	C:\WINDOWS\SYSTEM32\kernel.appcore.dll
0x00007ffc9c3d0000 - 0x00007ffc9c3da000 	C:\Users\Vinoth VK\.p2\pool\plugins\org.eclipse.justj.openjdk.hotspot.jre.full.win32.x86_64_16.0.2.v20210721-1149\jre\bin\jimage.dll
0x00007ffca1ea0000 - 0x00007ffca2084000 	C:\WINDOWS\SYSTEM32\DBGHELP.DLL
0x00007ffc96c80000 - 0x00007ffc96cac000 	C:\WINDOWS\SYSTEM32\dbgcore.DLL
0x00007ffca93f0000 - 0x00007ffca9472000 	C:\WINDOWS\System32\bcryptPrimitives.dll
0x00007ffc80760000 - 0x00007ffc80785000 	C:\Users\Vinoth VK\.p2\pool\plugins\org.eclipse.justj.openjdk.hotspot.jre.full.win32.x86_64_16.0.2.v20210721-1149\jre\bin\java.dll
0x00007ffc92490000 - 0x00007ffc924a8000 	C:\Users\Vinoth VK\.p2\pool\plugins\org.eclipse.justj.openjdk.hotspot.jre.full.win32.x86_64_16.0.2.v20210721-1149\jre\bin\zip.dll
0x00007ffcaa2e0000 - 0x00007ffcaaa24000 	C:\WINDOWS\System32\SHELL32.dll
0x00007ffca7210000 - 0x00007ffca79a4000 	C:\WINDOWS\SYSTEM32\windows.storage.dll
0x00007ffcaae30000 - 0x00007ffcab185000 	C:\WINDOWS\System32\combase.dll
0x00007ffca8aa0000 - 0x00007ffca8ace000 	C:\WINDOWS\SYSTEM32\Wldp.dll
0x00007ffcaaa30000 - 0x00007ffcaaadd000 	C:\WINDOWS\System32\SHCORE.dll
0x00007ffca9a50000 - 0x00007ffca9aa5000 	C:\WINDOWS\System32\shlwapi.dll
0x00007ffca9060000 - 0x00007ffca907f000 	C:\WINDOWS\SYSTEM32\profapi.dll
0x00007ffc91fb0000 - 0x00007ffc91fc9000 	C:\Users\Vinoth VK\.p2\pool\plugins\org.eclipse.justj.openjdk.hotspot.jre.full.win32.x86_64_16.0.2.v20210721-1149\jre\bin\net.dll
0x00007ffc9e120000 - 0x00007ffc9e22c000 	C:\WINDOWS\SYSTEM32\WINHTTP.dll
0x00007ffca8800000 - 0x00007ffca886a000 	C:\WINDOWS\system32\mswsock.dll
0x00007ffc90480000 - 0x00007ffc90493000 	C:\Users\Vinoth VK\.p2\pool\plugins\org.eclipse.justj.openjdk.hotspot.jre.full.win32.x86_64_16.0.2.v20210721-1149\jre\bin\nio.dll
0x00007ffc8f560000 - 0x00007ffc8f5d1000 	C:\Users\Vinoth VK\AppData\Local\Temp\lwjglVinoth VK\3.3.0-SNAPSHOT\lwjgl.dll
0x00007ffc8de80000 - 0x00007ffc8dee1000 	C:\Users\VINOTH~1\AppData\Local\Temp\lwjglVinoth VK\3.3.0-SNAPSHOT\glfw.dll
0x00007ffc99fc0000 - 0x00007ffc9a005000 	C:\WINDOWS\SYSTEM32\dinput8.dll
0x00007ffc9f450000 - 0x00007ffc9f461000 	C:\WINDOWS\SYSTEM32\xinput1_4.dll
0x00007ffca9620000 - 0x00007ffca966e000 	C:\WINDOWS\System32\cfgmgr32.dll
0x00007ffca8e00000 - 0x00007ffca8e34000 	C:\WINDOWS\SYSTEM32\DEVOBJ.dll
0x00007ffca6f20000 - 0x00007ffca6f4f000 	C:\WINDOWS\SYSTEM32\dwmapi.dll
0x00007ffc9dbe0000 - 0x00007ffc9dd32000 	C:\WINDOWS\SYSTEM32\inputhost.dll
0x00007ffca9ec0000 - 0x00007ffca9f8d000 	C:\WINDOWS\System32\OLEAUT32.dll
0x00007ffca6380000 - 0x00007ffca64d4000 	C:\WINDOWS\SYSTEM32\wintypes.dll
0x00007ffca6880000 - 0x00007ffca6972000 	C:\WINDOWS\SYSTEM32\CoreMessaging.dll
0x00007ffca48b0000 - 0x00007ffca49a6000 	C:\WINDOWS\SYSTEM32\PROPSYS.dll
0x00007ffca6520000 - 0x00007ffca687e000 	C:\WINDOWS\SYSTEM32\CoreUIComponents.dll
0x00007ffca7de0000 - 0x00007ffca7e13000 	C:\WINDOWS\SYSTEM32\ntmarta.dll
0x00007ffca6c30000 - 0x00007ffca6cce000 	C:\WINDOWS\system32\uxtheme.dll
0x00007ffcab1f0000 - 0x00007ffcab305000 	C:\WINDOWS\System32\MSCTF.dll
0x00007ffc73ab0000 - 0x00007ffc73bd5000 	C:\WINDOWS\SYSTEM32\opengl32.dll
0x00007ffc8c890000 - 0x00007ffc8c8bc000 	C:\WINDOWS\SYSTEM32\GLU32.dll
0x00007ffcaa200000 - 0x00007ffcaa2a9000 	C:\WINDOWS\System32\clbcatq.dll
0x00007ffc9b910000 - 0x00007ffc9b93a000 	C:\WINDOWS\System32\DriverStore\FileRepository\u0367465.inf_amd64_f448bc468601f23f\B367478\atig6pxx.dll
0x00007ffc607c0000 - 0x00007ffc634a7000 	C:\WINDOWS\System32\DriverStore\FileRepository\u0367465.inf_amd64_f448bc468601f23f\B367478\atio6axx.dll
0x00007ffcab490000 - 0x00007ffcab902000 	C:\WINDOWS\System32\SETUPAPI.dll
0x00007ffca93c0000 - 0x00007ffca93e7000 	C:\WINDOWS\System32\bcrypt.dll
0x00007ffc8dfc0000 - 0x00007ffc8dfe4000 	C:\WINDOWS\SYSTEM32\dxva2.dll
0x00007ffcaaae0000 - 0x00007ffcaac0a000 	C:\WINDOWS\System32\ole32.dll
0x00007ffc99f80000 - 0x00007ffc99fbc000 	C:\WINDOWS\System32\DriverStore\FileRepository\u0367465.inf_amd64_f448bc468601f23f\B367478\atig6txx.dll
0x00007ffc72dc0000 - 0x00007ffc72f79000 	C:\WINDOWS\SYSTEM32\atiadlxx.dll
0x00007ffca9670000 - 0x00007ffca96d0000 	C:\WINDOWS\System32\WINTRUST.dll
0x00007ffca9120000 - 0x00007ffca9276000 	C:\WINDOWS\System32\CRYPT32.dll
0x00007ffca8c30000 - 0x00007ffca8c42000 	C:\WINDOWS\SYSTEM32\MSASN1.dll
0x00007ffc95b10000 - 0x00007ffc95b4b000 	C:\WINDOWS\SYSTEM32\dxcore.dll
0x00007ffc7aae0000 - 0x00007ffc7ab3d000 	C:\Users\Vinoth VK\AppData\Local\Temp\lwjglVinoth VK\3.3.0-SNAPSHOT\lwjgl_opengl.dll
0x00007ffc9f520000 - 0x00007ffc9f619000 	C:\WINDOWS\SYSTEM32\textinputframework.dll
0x0000000064a00000 - 0x00000000657e2000 	C:\Users\Vinoth VK\AppData\Local\Temp\imgui-java-natives_1641023617732\imgui-java64.dll

dbghelp: loaded successfully - version: 4.0.5 - missing functions: none
symbol engine: initialized successfully - sym options: 0x614 - pdb path: .;C:\Users\Vinoth VK\.p2\pool\plugins\org.eclipse.justj.openjdk.hotspot.jre.full.win32.x86_64_16.0.2.v20210721-1149\jre\bin;C:\WINDOWS\SYSTEM32;C:\WINDOWS\WinSxS\amd64_microsoft.windows.common-controls_6595b64144ccf1df_6.0.19041.1110_none_60b5254171f9507e;C:\Users\Vinoth VK\.p2\pool\plugins\org.eclipse.justj.openjdk.hotspot.jre.full.win32.x86_64_16.0.2.v20210721-1149\jre\bin\server;C:\Users\Vinoth VK\AppData\Local\Temp\lwjglVinoth VK\3.3.0-SNAPSHOT;C:\Users\VINOTH~1\AppData\Local\Temp\lwjglVinoth VK\3.3.0-SNAPSHOT;C:\WINDOWS\System32\DriverStore\FileRepository\u0367465.inf_amd64_f448bc468601f23f\B367478;C:\Users\Vinoth VK\AppData\Local\Temp\imgui-java-natives_1641023617732

VM Arguments:
jvm_args: -Dfile.encoding=Cp1252 -XX:+ShowCodeDetailsInExceptionMessages 
java_command: projectbank.Main
java_class_path (initial): C:\Users\Vinoth VK\git\Project-Bank\ProjectBank\bin;C:\Users\Vinoth VK\git\Project-Bank\ProjectBank\io.github.spair\imgui-java-app-1.85.1.jar;C:\Users\Vinoth VK\git\Project-Bank\ProjectBank\io.github.spair\imgui-java-app-1.85.1-sources.jar;C:\Users\Vinoth VK\git\Project-Bank\ProjectBank\io.github.spair\imgui-java-binding-1.85.1.jar;C:\Users\Vinoth VK\git\Project-Bank\ProjectBank\io.github.spair\imgui-java-binding-1.85.1-sources.jar;C:\Users\Vinoth VK\git\Project-Bank\ProjectBank\io.github.spair\imgui-java-lwjgl3-1.85.1.jar;C:\Users\Vinoth VK\git\Project-Bank\ProjectBank\io.github.spair\imgui-java-lwjgl3-1.85.1-sources.jar;C:\Users\Vinoth VK\git\Project-Bank\ProjectBank\io.github.spair\imgui-java-natives-linux-1.85.1.jar;C:\Users\Vinoth VK\git\Project-Bank\ProjectBank\io.github.spair\imgui-java-natives-linux-1.85.1-sources.jar;C:\Users\Vinoth VK\git\Project-Bank\ProjectBank\io.github.spair\imgui-java-natives-windows-1.85.1.jar;C:\Users\Vinoth VK\git\Project-Bank\ProjectBank\io.github.spair\imgui-java-natives-windows-1.85.1-sources.jar;C:\Users\Vinoth VK\git\Project-Bank\ProjectBank\org.lwjgl\lwjgl-3.3.0.jar;C:\Users\Vinoth VK\git\Project-Bank\ProjectBank\org.lwjgl\lwjgl-3.3.0-natives-linux.jar;C:\Users\Vinoth VK\git\Project-Bank\ProjectBank\org.lwjgl\lwjgl-3.3.0-natives-macos.jar;C:\Users\Vinoth VK\git\Project-Bank\ProjectBank\org.lwjgl\lwjgl-3.3.0-natives-windows.jar;C:\Users\Vinoth VK\git\Project-Bank\ProjectBank\org.lwjgl\lwjgl-3.3.0-sources.jar;C:\Users\Vinoth VK\git\Project-Bank\ProjectBank\org.lwjgl\lwjgl-assimp-3.3.0.jar;C:\Users\Vinoth VK\git\Project-Bank\ProjectBank\org.lwjgl\lwjgl-assimp-3.3.0-natives-linux.jar;C:\Users\Vinoth VK\git\Project-Bank\ProjectBank\org.lwjgl\lwjgl-assimp-3.3.0-sources.jar;C:\Users\Vinoth VK\git\Project-Bank\ProjectBank\org.lwjgl\lwjgl-glfw-3.3.0.jar;C:\Users\Vinoth VK\git\Project-Bank\ProjectBank\org.lwjgl\lwjgl-glfw-3.3.0-natives-linux.jar;C:\Users\Vinoth VK\git\Project-Bank\ProjectBank\org.lwjgl\lwjg
Launcher Type: SUN_STANDARD

[Global flags]
     intx CICompilerCount                          = 4                                         {product} {ergonomic}
     uint ConcGCThreads                            = 3                                         {product} {ergonomic}
     uint G1ConcRefinementThreads                  = 10                                        {product} {ergonomic}
   size_t G1HeapRegionSize                         = 1048576                                   {product} {ergonomic}
    uintx GCDrainStackTargetSize                   = 64                                        {product} {ergonomic}
   size_t InitialHeapSize                          = 125829120                                 {product} {ergonomic}
   size_t MarkStackSize                            = 4194304                                   {product} {ergonomic}
   size_t MaxHeapSize                              = 1992294400                                {product} {ergonomic}
   size_t MaxNewSize                               = 1195376640                                {product} {ergonomic}
   size_t MinHeapDeltaBytes                        = 1048576                                   {product} {ergonomic}
   size_t MinHeapSize                              = 8388608                                   {product} {ergonomic}
    uintx NonNMethodCodeHeapSize                   = 5839372                                {pd product} {ergonomic}
    uintx NonProfiledCodeHeapSize                  = 122909434                              {pd product} {ergonomic}
    uintx ProfiledCodeHeapSize                     = 122909434                              {pd product} {ergonomic}
    uintx ReservedCodeCacheSize                    = 251658240                              {pd product} {ergonomic}
     bool SegmentedCodeCache                       = true                                      {product} {ergonomic}
     bool ShowCodeDetailsInExceptionMessages       = true                                   {manageable} {command line}
   size_t SoftMaxHeapSize                          = 1992294400                             {manageable} {ergonomic}
     bool UseCompressedClassPointers               = true                           {product lp64_product} {ergonomic}
     bool UseCompressedOops                        = true                           {product lp64_product} {ergonomic}
     bool UseG1GC                                  = true                                      {product} {ergonomic}
     bool UseLargePagesIndividualAllocation        = false                                  {pd product} {ergonomic}

Logging:
Log output configuration:
 #0: stdout all=warning uptime,level,tags
 #1: stderr all=off uptime,level,tags

Environment Variables:
PATH=C:/Users/Vinoth VK/.p2/pool/plugins/org.eclipse.justj.openjdk.hotspot.jre.full.win32.x86_64_16.0.2.v20210721-1149/jre/bin/server;C:/Users/Vinoth VK/.p2/pool/plugins/org.eclipse.justj.openjdk.hotspot.jre.full.win32.x86_64_16.0.2.v20210721-1149/jre/bin;C:\Program Files (x86)\Common Files\Oracle\Java\javapath;C:\WINDOWS\system32;C:\WINDOWS;C:\WINDOWS\System32\Wbem;C:\WINDOWS\System32\WindowsPowerShell\v1.0\;C:\WINDOWS\System32\OpenSSH\;C:\Program Files (x86)\NVIDIA Corporation\PhysX\Common;C:\Program Files\Git\cmd;C:\Users\Vinoth VK\AppData\Local\Microsoft\WindowsApps;C:\Users\Vinoth VK\AppData\Local\GitHubDesktop\bin;C:\Users\Vinoth VK\Desktop;
USERNAME=Vinoth VK
OS=Windows_NT
PROCESSOR_IDENTIFIER=AMD64 Family 23 Model 96 Stepping 1, AuthenticAMD



---------------  S Y S T E M  ---------------

OS:
 Windows 10 , 64 bit Build 19041 (10.0.19041.1348)
OS uptime: 6 days 15:23 hours

CPU: total 12 (initial active 12) (12 cores per cpu, 2 threads per core) family 23 model 96 stepping 1 microcode 0x0, cx8, cmov, fxsr, ht, mmx, 3dnowpref, sse, sse2, sse3, ssse3, sse4a, sse4.1, sse4.2, popcnt, lzcnt, tsc, tscinvbit, avx, avx2, aes, clmul, bmi1, bmi2, adx, sha, fma, vzeroupper, clflush, clflushopt

Memory: 4k page, system-wide physical 7599M (3768M free)
TotalPageFile size 14255M (AvailPageFile size 7189M)
current process WorkingSet (physical memory assigned to process): 88M, peak: 88M
current process commit charge ("private bytes"): 290M, peak: 290M

vm_info: OpenJDK 64-Bit Server VM (16.0.2+7-67) for windows-amd64 JRE (16.0.2+7-67), built on Jun  8 2021 23:21:43 by "mach5one" with MS VC++ 16.7 (VS2019)

END.
