#
# A fatal error has been detected by the Java Runtime Environment:
#
#  EXCEPTION_ACCESS_VIOLATION (0xc0000005) at pc=0x0000000064bf223a, pid=7568, tid=15148
#
# JRE version: OpenJDK Runtime Environment (16.0.2+7) (build 16.0.2+7-67)
# Java VM: OpenJDK 64-Bit Server VM (16.0.2+7-67, mixed mode, tiered, compressed oops, compressed class ptrs, g1 gc, windows-amd64)
# Problematic frame:
# C  [imgui-java64.dll+0x1f223a]
#
# No core dump will be written. Minidumps are not enabled by default on client versions of Windows
#
# If you would like to submit a bug report, please visit:
#   https://bugreport.java.com/bugreport/crash.jsp
# The crash happened outside the Java Virtual Machine in native code.
# See problematic frame for where to report the bug.
#

---------------  S U M M A R Y ------------

Command Line: -Dfile.encoding=Cp1252 -XX:+ShowCodeDetailsInExceptionMessages projectbank.Main

Host: AMD Ryzen 5 4600H with Radeon Graphics         , 12 cores, 7G,  Windows 10 , 64 bit Build 19041 (10.0.19041.1348)
Time: Fri Dec 31 13:42:17 2021 India Standard Time elapsed time: 21.944654 seconds (0d 0h 0m 21s)

---------------  T H R E A D  ---------------

Current thread (0x0000010f78e2fa20):  JavaThread "main" [_thread_in_native, id=15148, stack(0x00000007bd200000,0x00000007bd300000)]

Stack: [0x00000007bd200000,0x00000007bd300000],  sp=0x00000007bd2febb0,  free space=1018k
Native frames: (J=compiled Java code, j=interpreted, Vv=VM code, C=native code)
C  [imgui-java64.dll+0x1f223a]

Java frames: (J=compiled Java code, j=interpreted, Vv=VM code)
J 771  imgui.ImGui.textColored(FFFFLjava/lang/String;)V (0 bytes) @ 0x0000010f07b08e8e [0x0000010f07b08e20+0x000000000000006e]
J 857 c1 projectbank.Main.process()V (90 bytes) @ 0x0000010f006ceae4 [0x0000010f006ce880+0x0000000000000264]
J 800 c1 imgui.app.Window.runFrame()V (21 bytes) @ 0x0000010f006ba36c [0x0000010f006ba080+0x00000000000002ec]
j  imgui.app.Window.run()V+11
j  imgui.app.Application.launch(Limgui/app/Application;)V+9
j  projectbank.Main.main([Ljava/lang/String;)V+9
v  ~StubRoutines::call_stub

siginfo: EXCEPTION_ACCESS_VIOLATION (0xc0000005), writing address 0x0000000000000000


Register to memory mapping:

RIP=0x0000000064bf223a imgui-java64.dll
RAX=0x000000000000000d is an unknown value
RBX=0x0000010f1858fcae points into unknown readable memory: 6e 57
RCX=0x000000000000006e is an unknown value
RDX=0x0 is NULL
RSP=0x00000007bd2febb0 is pointing into the stack for thread: 0x0000010f78e2fa20
RBP=0x0000010f1858fcaf points into unknown readable memory: 57
RSI=0x0000010f1858fcae points into unknown readable memory: 6e 57
RDI=0x0 is NULL
R8 =0x0000010f14f01af0 points into unknown readable memory: 0x2178636933335a67 | 67 5a 33 33 69 63 78 21
R9 =0x00000007bd2feb58 is pointing into the stack for thread: 0x0000010f78e2fa20
R10=0x00000007bd2fec2c is pointing into the stack for thread: 0x0000010f78e2fa20
R11=0x0000000000000003 is an unknown value
R12=0x00000007bd2fedf8 is pointing into the stack for thread: 0x0000010f78e2fa20
R13=0x0000000064f2ee40 imgui-java64.dll
R14=0x0 is NULL
R15=0x0 is NULL


Registers:
RAX=0x000000000000000d, RBX=0x0000010f1858fcae, RCX=0x000000000000006e, RDX=0x0000000000000000
RSP=0x00000007bd2febb0, RBP=0x0000010f1858fcaf, RSI=0x0000010f1858fcae, RDI=0x0000000000000000
R8 =0x0000010f14f01af0, R9 =0x00000007bd2feb58, R10=0x00000007bd2fec2c, R11=0x0000000000000003
R12=0x00000007bd2fedf8, R13=0x0000000064f2ee40, R14=0x0000000000000000, R15=0x0000000000000000
RIP=0x0000000064bf223a, EFLAGS=0x0000000000010293

Top of Stack: (sp=0x00000007bd2febb0)
0x00000007bd2febb0:   0000000000000065 0000000090961258
0x00000007bd2febc0:   00000002bd2febc0 0000010f151d5b00
0x00000007bd2febd0:   00000007bd2fec18 00000000151d5c70
0x00000007bd2febe0:   0000000000000000 0000000000000000
0x00000007bd2febf0:   0000010f151d5b18 0000000000000000
0x00000007bd2fec00:   00000007bd2fec18 00000007bd2fec68
0x00000007bd2fec10:   0000010f000094f8 0000000090961238
0x00000007bd2fec20:   0000010f14f01af0 ffffffff00000000
0x00000007bd2fec30:   fffffffdffffffff 0000000015210000
0x00000007bd2fec40:   0000000d00000000 ffffffff00000c00
0x00000007bd2fec50:   0000010f1520fe08 0000000000000c00
0x00000007bd2fec60:   0000000000000c01 0000010f167036b0
0x00000007bd2fec70:   00000007bd2feed0 0000010f14f01af0
0x00000007bd2fec80:   00000007bd2fedf0 00000007bd2feeb8
0x00000007bd2fec90:   0000010f78e2fa20 0000000064beb558
0x00000007bd2feca0:   0000000000000000 0000000000000065 

Instructions: (pc=0x0000000064bf223a)
0x0000000064bf213a:   24 78 49 8b 14 24 49 83 c4 08 83 c8 20 89 44 24
0x0000000064bf214a:   78 a8 04 0f 84 3c 02 00 00 db 2a 48 8d 4c 24 40
0x0000000064bf215a:   48 8d 54 24 70 48 89 eb db 7c 24 40 e8 d5 f0 ff
0x0000000064bf216a:   ff e9 1a fd ff ff 8b 44 24 78 49 8b 14 24 49 83
0x0000000064bf217a:   c4 08 83 c8 20 89 44 24 78 a8 04 0f 84 94 01 00
0x0000000064bf218a:   00 db 2a 48 8d 4c 24 40 48 8d 54 24 70 48 89 eb
0x0000000064bf219a:   db 7c 24 40 e8 ed ef ff ff e9 e2 fc ff ff 0f b6
0x0000000064bf21aa:   46 01 3c 6c 0f 84 85 04 00 00 48 89 ee 41 bf 02
0x0000000064bf21ba:   00 00 00 41 be 04 00 00 00 e9 78 fd ff ff 0f b6
0x0000000064bf21ca:   46 01 3c 68 0f 84 4c 04 00 00 48 89 ee 41 bf 01
0x0000000064bf21da:   00 00 00 41 be 04 00 00 00 e9 58 fd ff ff 8b 4c
0x0000000064bf21ea:   24 2c 48 89 eb e8 24 3f 00 00 48 8d 54 24 70 48
0x0000000064bf21fa:   89 c1 e8 8f e4 ff ff e9 84 fc ff ff 49 8b 14 24
0x0000000064bf220a:   48 63 84 24 94 00 00 00 49 83 c4 08 41 83 ff 05
0x0000000064bf221a:   0f 84 f6 03 00 00 41 83 ff 01 0f 84 8c 04 00 00
0x0000000064bf222a:   41 83 ff 02 74 0a 41 83 ff 03 0f 84 c3 04 00 00
0x0000000064bf223a:   89 02 48 89 eb e9 46 fc ff ff 45 85 f6 75 0a 39
0x0000000064bf224a:   7c 24 78 0f 84 69 03 00 00 49 8b 14 24 49 8d 5c
0x0000000064bf225a:   24 08 4c 8d 44 24 70 b9 78 00 00 00 48 c7 44 24
0x0000000064bf226a:   68 00 00 00 00 49 89 dc 48 89 eb 48 89 54 24 60
0x0000000064bf227a:   e8 31 f1 ff ff e9 06 fc ff ff 8b 44 24 78 49 8b
0x0000000064bf228a:   14 24 49 83 c4 08 83 c8 20 89 44 24 78 a8 04 0f
0x0000000064bf229a:   84 65 01 00 00 db 2a 48 8d 4c 24 40 48 8d 54 24
0x0000000064bf22aa:   70 48 89 eb db 7c 24 40 e8 99 f5 ff ff e9 ce fb
0x0000000064bf22ba:   ff ff 48 8d 54 24 70 b9 25 00 00 00 48 89 eb e8
0x0000000064bf22ca:   42 e1 ff ff e9 b7 fb ff ff c7 84 24 80 00 00 00
0x0000000064bf22da:   ff ff ff ff 49 8d 5c 24 08 41 8b 04 24 48 8d 4c
0x0000000064bf22ea:   24 60 4c 8d 44 24 70 49 89 dc ba 01 00 00 00 48
0x0000000064bf22fa:   89 eb 66 89 44 24 60 e8 6a e1 ff ff e9 7f fb ff
0x0000000064bf230a:   ff 8b 44 24 78 49 8b 14 24 49 83 c4 08 a8 04 0f
0x0000000064bf231a:   85 6c fe ff ff 48 89 54 24 30 dd 44 24 30 48 8d
0x0000000064bf232a:   54 24 70 48 89 eb 48 8d 4c 24 40 db 7c 24 40 e8 


Stack slot to memory mapping:
stack at sp + 0 slots: 0x0000000000000065 is an unknown value
stack at sp + 1 slots: 0x0000000090961258 is an oop: sun.nio.cs.StreamEncoder 
{0x0000000090961258} - klass: 'sun/nio/cs/StreamEncoder'
stack at sp + 2 slots: 0x00000002bd2febc0 is an unknown value
stack at sp + 3 slots: 0x0000010f151d5b00 is pointing into metadata
stack at sp + 4 slots: 0x00000007bd2fec18 is pointing into the stack for thread: 0x0000010f78e2fa20
stack at sp + 5 slots: 0x00000000151d5c70 is an unknown value
stack at sp + 6 slots: 0x0 is NULL
stack at sp + 7 slots: 0x0 is NULL


---------------  P R O C E S S  ---------------

Threads class SMR info:
_java_thread_list=0x0000010f1599ac20, length=12, elements={
0x0000010f78e2fa20, 0x0000010f14d27010, 0x0000010f14d27cd0, 0x0000010f14d548e0,
0x0000010f15801480, 0x0000010f15801d90, 0x0000010f15802fa0, 0x0000010f15803cd0,
0x0000010f15815dd0, 0x0000010f15822b20, 0x0000010f159905b0, 0x0000010f1599ac80
}

Java Threads: ( => current thread )
=>0x0000010f78e2fa20 JavaThread "main" [_thread_in_native, id=15148, stack(0x00000007bd200000,0x00000007bd300000)]
  0x0000010f14d27010 JavaThread "Reference Handler" daemon [_thread_blocked, id=6596, stack(0x00000007bd900000,0x00000007bda00000)]
  0x0000010f14d27cd0 JavaThread "Finalizer" daemon [_thread_blocked, id=14688, stack(0x00000007bda00000,0x00000007bdb00000)]
  0x0000010f14d548e0 JavaThread "Signal Dispatcher" daemon [_thread_blocked, id=14988, stack(0x00000007bdb00000,0x00000007bdc00000)]
  0x0000010f15801480 JavaThread "Attach Listener" daemon [_thread_blocked, id=8184, stack(0x00000007bdc00000,0x00000007bdd00000)]
  0x0000010f15801d90 JavaThread "Service Thread" daemon [_thread_blocked, id=14176, stack(0x00000007bdd00000,0x00000007bde00000)]
  0x0000010f15802fa0 JavaThread "Monitor Deflation Thread" daemon [_thread_blocked, id=11268, stack(0x00000007bde00000,0x00000007bdf00000)]
  0x0000010f15803cd0 JavaThread "C2 CompilerThread0" daemon [_thread_blocked, id=2256, stack(0x00000007bdf00000,0x00000007be000000)]
  0x0000010f15815dd0 JavaThread "C1 CompilerThread0" daemon [_thread_blocked, id=7868, stack(0x00000007be000000,0x00000007be100000)]
  0x0000010f15822b20 JavaThread "Sweeper thread" daemon [_thread_blocked, id=14968, stack(0x00000007be100000,0x00000007be200000)]
  0x0000010f159905b0 JavaThread "Notification Thread" daemon [_thread_blocked, id=11256, stack(0x00000007be200000,0x00000007be300000)]
  0x0000010f1599ac80 JavaThread "Common-Cleaner" daemon [_thread_blocked, id=6072, stack(0x00000007be400000,0x00000007be500000)]

Other Threads:
  0x0000010f14d0a0c0 VMThread "VM Thread" [stack: 0x00000007bd800000,0x00000007bd900000] [id=10984]
  0x0000010f15993300 WatcherThread [stack: 0x00000007be300000,0x00000007be400000] [id=2064]
  0x0000010f78e70650 GCTaskThread "GC Thread#0" [stack: 0x00000007bd300000,0x00000007bd400000] [id=8092]
  0x0000010f78e80cb0 ConcurrentGCThread "G1 Main Marker" [stack: 0x00000007bd400000,0x00000007bd500000] [id=12852]
  0x0000010f78e817a0 ConcurrentGCThread "G1 Conc#0" [stack: 0x00000007bd500000,0x00000007bd600000] [id=13076]
  0x0000010f78f04260 ConcurrentGCThread "G1 Refine#0" [stack: 0x00000007bd600000,0x00000007bd700000] [id=15376]
  0x0000010f78f04ce0 ConcurrentGCThread "G1 Service" [stack: 0x00000007bd700000,0x00000007bd800000] [id=7616]

Threads with active compile tasks:

VM state: not at safepoint (normal execution)

VM Mutex/Monitor currently owned by a thread: None

Heap address: 0x0000000089400000, size: 1900 MB, Compressed Oops mode: 32-bit

CDS disabled.
Compressed class space mapped at: 0x0000000100000000-0x0000000140000000, reserved size: 1073741824
Narrow klass base: 0x0000000000000000, Narrow klass shift: 3, Narrow klass range: 0x140000000

GC Precious Log:
 CPUs: 12 total, 12 available
 Memory: 7599M
 Large Page Support: Disabled
 NUMA Support: Disabled
 Compressed Oops: Enabled (32-bit)
 Heap Region Size: 1M
 Heap Min Capacity: 8M
 Heap Initial Capacity: 120M
 Heap Max Capacity: 1900M
 Pre-touch: Disabled
 Parallel Workers: 10
 Concurrent Workers: 3
 Concurrent Refinement Workers: 10
 Periodic GC: Disabled

Heap:
 garbage-first heap   total 122880K, used 10240K [0x0000000089400000, 0x0000000100000000)
  region size 1024K, 11 young (11264K), 0 survivors (0K)
 Metaspace       used 11211K, committed 11392K, reserved 1064960K
  class space    used 828K, committed 896K, reserved 1048576K

Heap Regions: E=young(eden), S=young(survivor), O=old, HS=humongous(starts), HC=humongous(continues), CS=collection set, F=free, OA=open archive, CA=closed archive, TAMS=top-at-mark-start (previous, next)
|   0|0x0000000089400000, 0x0000000089400000, 0x0000000089500000|  0%| F|  |TAMS 0x0000000089400000, 0x0000000089400000| Untracked 
|   1|0x0000000089500000, 0x0000000089500000, 0x0000000089600000|  0%| F|  |TAMS 0x0000000089500000, 0x0000000089500000| Untracked 
|   2|0x0000000089600000, 0x0000000089600000, 0x0000000089700000|  0%| F|  |TAMS 0x0000000089600000, 0x0000000089600000| Untracked 
|   3|0x0000000089700000, 0x0000000089700000, 0x0000000089800000|  0%| F|  |TAMS 0x0000000089700000, 0x0000000089700000| Untracked 
|   4|0x0000000089800000, 0x0000000089800000, 0x0000000089900000|  0%| F|  |TAMS 0x0000000089800000, 0x0000000089800000| Untracked 
|   5|0x0000000089900000, 0x0000000089900000, 0x0000000089a00000|  0%| F|  |TAMS 0x0000000089900000, 0x0000000089900000| Untracked 
|   6|0x0000000089a00000, 0x0000000089a00000, 0x0000000089b00000|  0%| F|  |TAMS 0x0000000089a00000, 0x0000000089a00000| Untracked 
|   7|0x0000000089b00000, 0x0000000089b00000, 0x0000000089c00000|  0%| F|  |TAMS 0x0000000089b00000, 0x0000000089b00000| Untracked 
|   8|0x0000000089c00000, 0x0000000089c00000, 0x0000000089d00000|  0%| F|  |TAMS 0x0000000089c00000, 0x0000000089c00000| Untracked 
|   9|0x0000000089d00000, 0x0000000089d00000, 0x0000000089e00000|  0%| F|  |TAMS 0x0000000089d00000, 0x0000000089d00000| Untracked 
|  10|0x0000000089e00000, 0x0000000089e00000, 0x0000000089f00000|  0%| F|  |TAMS 0x0000000089e00000, 0x0000000089e00000| Untracked 
|  11|0x0000000089f00000, 0x0000000089f00000, 0x000000008a000000|  0%| F|  |TAMS 0x0000000089f00000, 0x0000000089f00000| Untracked 
|  12|0x000000008a000000, 0x000000008a000000, 0x000000008a100000|  0%| F|  |TAMS 0x000000008a000000, 0x000000008a000000| Untracked 
|  13|0x000000008a100000, 0x000000008a100000, 0x000000008a200000|  0%| F|  |TAMS 0x000000008a100000, 0x000000008a100000| Untracked 
|  14|0x000000008a200000, 0x000000008a200000, 0x000000008a300000|  0%| F|  |TAMS 0x000000008a200000, 0x000000008a200000| Untracked 
|  15|0x000000008a300000, 0x000000008a300000, 0x000000008a400000|  0%| F|  |TAMS 0x000000008a300000, 0x000000008a300000| Untracked 
|  16|0x000000008a400000, 0x000000008a400000, 0x000000008a500000|  0%| F|  |TAMS 0x000000008a400000, 0x000000008a400000| Untracked 
|  17|0x000000008a500000, 0x000000008a500000, 0x000000008a600000|  0%| F|  |TAMS 0x000000008a500000, 0x000000008a500000| Untracked 
|  18|0x000000008a600000, 0x000000008a600000, 0x000000008a700000|  0%| F|  |TAMS 0x000000008a600000, 0x000000008a600000| Untracked 
|  19|0x000000008a700000, 0x000000008a700000, 0x000000008a800000|  0%| F|  |TAMS 0x000000008a700000, 0x000000008a700000| Untracked 
|  20|0x000000008a800000, 0x000000008a800000, 0x000000008a900000|  0%| F|  |TAMS 0x000000008a800000, 0x000000008a800000| Untracked 
|  21|0x000000008a900000, 0x000000008a900000, 0x000000008aa00000|  0%| F|  |TAMS 0x000000008a900000, 0x000000008a900000| Untracked 
|  22|0x000000008aa00000, 0x000000008aa00000, 0x000000008ab00000|  0%| F|  |TAMS 0x000000008aa00000, 0x000000008aa00000| Untracked 
|  23|0x000000008ab00000, 0x000000008ab00000, 0x000000008ac00000|  0%| F|  |TAMS 0x000000008ab00000, 0x000000008ab00000| Untracked 
|  24|0x000000008ac00000, 0x000000008ac00000, 0x000000008ad00000|  0%| F|  |TAMS 0x000000008ac00000, 0x000000008ac00000| Untracked 
|  25|0x000000008ad00000, 0x000000008ad00000, 0x000000008ae00000|  0%| F|  |TAMS 0x000000008ad00000, 0x000000008ad00000| Untracked 
|  26|0x000000008ae00000, 0x000000008ae00000, 0x000000008af00000|  0%| F|  |TAMS 0x000000008ae00000, 0x000000008ae00000| Untracked 
|  27|0x000000008af00000, 0x000000008af00000, 0x000000008b000000|  0%| F|  |TAMS 0x000000008af00000, 0x000000008af00000| Untracked 
|  28|0x000000008b000000, 0x000000008b000000, 0x000000008b100000|  0%| F|  |TAMS 0x000000008b000000, 0x000000008b000000| Untracked 
|  29|0x000000008b100000, 0x000000008b100000, 0x000000008b200000|  0%| F|  |TAMS 0x000000008b100000, 0x000000008b100000| Untracked 
|  30|0x000000008b200000, 0x000000008b200000, 0x000000008b300000|  0%| F|  |TAMS 0x000000008b200000, 0x000000008b200000| Untracked 
|  31|0x000000008b300000, 0x000000008b300000, 0x000000008b400000|  0%| F|  |TAMS 0x000000008b300000, 0x000000008b300000| Untracked 
|  32|0x000000008b400000, 0x000000008b400000, 0x000000008b500000|  0%| F|  |TAMS 0x000000008b400000, 0x000000008b400000| Untracked 
|  33|0x000000008b500000, 0x000000008b500000, 0x000000008b600000|  0%| F|  |TAMS 0x000000008b500000, 0x000000008b500000| Untracked 
|  34|0x000000008b600000, 0x000000008b600000, 0x000000008b700000|  0%| F|  |TAMS 0x000000008b600000, 0x000000008b600000| Untracked 
|  35|0x000000008b700000, 0x000000008b700000, 0x000000008b800000|  0%| F|  |TAMS 0x000000008b700000, 0x000000008b700000| Untracked 
|  36|0x000000008b800000, 0x000000008b800000, 0x000000008b900000|  0%| F|  |TAMS 0x000000008b800000, 0x000000008b800000| Untracked 
|  37|0x000000008b900000, 0x000000008b900000, 0x000000008ba00000|  0%| F|  |TAMS 0x000000008b900000, 0x000000008b900000| Untracked 
|  38|0x000000008ba00000, 0x000000008ba00000, 0x000000008bb00000|  0%| F|  |TAMS 0x000000008ba00000, 0x000000008ba00000| Untracked 
|  39|0x000000008bb00000, 0x000000008bb00000, 0x000000008bc00000|  0%| F|  |TAMS 0x000000008bb00000, 0x000000008bb00000| Untracked 
|  40|0x000000008bc00000, 0x000000008bc00000, 0x000000008bd00000|  0%| F|  |TAMS 0x000000008bc00000, 0x000000008bc00000| Untracked 
|  41|0x000000008bd00000, 0x000000008bd00000, 0x000000008be00000|  0%| F|  |TAMS 0x000000008bd00000, 0x000000008bd00000| Untracked 
|  42|0x000000008be00000, 0x000000008be00000, 0x000000008bf00000|  0%| F|  |TAMS 0x000000008be00000, 0x000000008be00000| Untracked 
|  43|0x000000008bf00000, 0x000000008bf00000, 0x000000008c000000|  0%| F|  |TAMS 0x000000008bf00000, 0x000000008bf00000| Untracked 
|  44|0x000000008c000000, 0x000000008c000000, 0x000000008c100000|  0%| F|  |TAMS 0x000000008c000000, 0x000000008c000000| Untracked 
|  45|0x000000008c100000, 0x000000008c100000, 0x000000008c200000|  0%| F|  |TAMS 0x000000008c100000, 0x000000008c100000| Untracked 
|  46|0x000000008c200000, 0x000000008c200000, 0x000000008c300000|  0%| F|  |TAMS 0x000000008c200000, 0x000000008c200000| Untracked 
|  47|0x000000008c300000, 0x000000008c300000, 0x000000008c400000|  0%| F|  |TAMS 0x000000008c300000, 0x000000008c300000| Untracked 
|  48|0x000000008c400000, 0x000000008c400000, 0x000000008c500000|  0%| F|  |TAMS 0x000000008c400000, 0x000000008c400000| Untracked 
|  49|0x000000008c500000, 0x000000008c500000, 0x000000008c600000|  0%| F|  |TAMS 0x000000008c500000, 0x000000008c500000| Untracked 
|  50|0x000000008c600000, 0x000000008c600000, 0x000000008c700000|  0%| F|  |TAMS 0x000000008c600000, 0x000000008c600000| Untracked 
|  51|0x000000008c700000, 0x000000008c700000, 0x000000008c800000|  0%| F|  |TAMS 0x000000008c700000, 0x000000008c700000| Untracked 
|  52|0x000000008c800000, 0x000000008c800000, 0x000000008c900000|  0%| F|  |TAMS 0x000000008c800000, 0x000000008c800000| Untracked 
|  53|0x000000008c900000, 0x000000008c900000, 0x000000008ca00000|  0%| F|  |TAMS 0x000000008c900000, 0x000000008c900000| Untracked 
|  54|0x000000008ca00000, 0x000000008ca00000, 0x000000008cb00000|  0%| F|  |TAMS 0x000000008ca00000, 0x000000008ca00000| Untracked 
|  55|0x000000008cb00000, 0x000000008cb00000, 0x000000008cc00000|  0%| F|  |TAMS 0x000000008cb00000, 0x000000008cb00000| Untracked 
|  56|0x000000008cc00000, 0x000000008cc00000, 0x000000008cd00000|  0%| F|  |TAMS 0x000000008cc00000, 0x000000008cc00000| Untracked 
|  57|0x000000008cd00000, 0x000000008cd00000, 0x000000008ce00000|  0%| F|  |TAMS 0x000000008cd00000, 0x000000008cd00000| Untracked 
|  58|0x000000008ce00000, 0x000000008ce00000, 0x000000008cf00000|  0%| F|  |TAMS 0x000000008ce00000, 0x000000008ce00000| Untracked 
|  59|0x000000008cf00000, 0x000000008cf00000, 0x000000008d000000|  0%| F|  |TAMS 0x000000008cf00000, 0x000000008cf00000| Untracked 
|  60|0x000000008d000000, 0x000000008d000000, 0x000000008d100000|  0%| F|  |TAMS 0x000000008d000000, 0x000000008d000000| Untracked 
|  61|0x000000008d100000, 0x000000008d100000, 0x000000008d200000|  0%| F|  |TAMS 0x000000008d100000, 0x000000008d100000| Untracked 
|  62|0x000000008d200000, 0x000000008d200000, 0x000000008d300000|  0%| F|  |TAMS 0x000000008d200000, 0x000000008d200000| Untracked 
|  63|0x000000008d300000, 0x000000008d300000, 0x000000008d400000|  0%| F|  |TAMS 0x000000008d300000, 0x000000008d300000| Untracked 
|  64|0x000000008d400000, 0x000000008d400000, 0x000000008d500000|  0%| F|  |TAMS 0x000000008d400000, 0x000000008d400000| Untracked 
|  65|0x000000008d500000, 0x000000008d500000, 0x000000008d600000|  0%| F|  |TAMS 0x000000008d500000, 0x000000008d500000| Untracked 
|  66|0x000000008d600000, 0x000000008d600000, 0x000000008d700000|  0%| F|  |TAMS 0x000000008d600000, 0x000000008d600000| Untracked 
|  67|0x000000008d700000, 0x000000008d700000, 0x000000008d800000|  0%| F|  |TAMS 0x000000008d700000, 0x000000008d700000| Untracked 
|  68|0x000000008d800000, 0x000000008d800000, 0x000000008d900000|  0%| F|  |TAMS 0x000000008d800000, 0x000000008d800000| Untracked 
|  69|0x000000008d900000, 0x000000008d900000, 0x000000008da00000|  0%| F|  |TAMS 0x000000008d900000, 0x000000008d900000| Untracked 
|  70|0x000000008da00000, 0x000000008da00000, 0x000000008db00000|  0%| F|  |TAMS 0x000000008da00000, 0x000000008da00000| Untracked 
|  71|0x000000008db00000, 0x000000008db00000, 0x000000008dc00000|  0%| F|  |TAMS 0x000000008db00000, 0x000000008db00000| Untracked 
|  72|0x000000008dc00000, 0x000000008dc00000, 0x000000008dd00000|  0%| F|  |TAMS 0x000000008dc00000, 0x000000008dc00000| Untracked 
|  73|0x000000008dd00000, 0x000000008dd00000, 0x000000008de00000|  0%| F|  |TAMS 0x000000008dd00000, 0x000000008dd00000| Untracked 
|  74|0x000000008de00000, 0x000000008de00000, 0x000000008df00000|  0%| F|  |TAMS 0x000000008de00000, 0x000000008de00000| Untracked 
|  75|0x000000008df00000, 0x000000008df00000, 0x000000008e000000|  0%| F|  |TAMS 0x000000008df00000, 0x000000008df00000| Untracked 
|  76|0x000000008e000000, 0x000000008e000000, 0x000000008e100000|  0%| F|  |TAMS 0x000000008e000000, 0x000000008e000000| Untracked 
|  77|0x000000008e100000, 0x000000008e100000, 0x000000008e200000|  0%| F|  |TAMS 0x000000008e100000, 0x000000008e100000| Untracked 
|  78|0x000000008e200000, 0x000000008e200000, 0x000000008e300000|  0%| F|  |TAMS 0x000000008e200000, 0x000000008e200000| Untracked 
|  79|0x000000008e300000, 0x000000008e300000, 0x000000008e400000|  0%| F|  |TAMS 0x000000008e300000, 0x000000008e300000| Untracked 
|  80|0x000000008e400000, 0x000000008e400000, 0x000000008e500000|  0%| F|  |TAMS 0x000000008e400000, 0x000000008e400000| Untracked 
|  81|0x000000008e500000, 0x000000008e500000, 0x000000008e600000|  0%| F|  |TAMS 0x000000008e500000, 0x000000008e500000| Untracked 
|  82|0x000000008e600000, 0x000000008e600000, 0x000000008e700000|  0%| F|  |TAMS 0x000000008e600000, 0x000000008e600000| Untracked 
|  83|0x000000008e700000, 0x000000008e700000, 0x000000008e800000|  0%| F|  |TAMS 0x000000008e700000, 0x000000008e700000| Untracked 
|  84|0x000000008e800000, 0x000000008e800000, 0x000000008e900000|  0%| F|  |TAMS 0x000000008e800000, 0x000000008e800000| Untracked 
|  85|0x000000008e900000, 0x000000008e900000, 0x000000008ea00000|  0%| F|  |TAMS 0x000000008e900000, 0x000000008e900000| Untracked 
|  86|0x000000008ea00000, 0x000000008ea00000, 0x000000008eb00000|  0%| F|  |TAMS 0x000000008ea00000, 0x000000008ea00000| Untracked 
|  87|0x000000008eb00000, 0x000000008eb00000, 0x000000008ec00000|  0%| F|  |TAMS 0x000000008eb00000, 0x000000008eb00000| Untracked 
|  88|0x000000008ec00000, 0x000000008ec00000, 0x000000008ed00000|  0%| F|  |TAMS 0x000000008ec00000, 0x000000008ec00000| Untracked 
|  89|0x000000008ed00000, 0x000000008ed00000, 0x000000008ee00000|  0%| F|  |TAMS 0x000000008ed00000, 0x000000008ed00000| Untracked 
|  90|0x000000008ee00000, 0x000000008ee00000, 0x000000008ef00000|  0%| F|  |TAMS 0x000000008ee00000, 0x000000008ee00000| Untracked 
|  91|0x000000008ef00000, 0x000000008ef00000, 0x000000008f000000|  0%| F|  |TAMS 0x000000008ef00000, 0x000000008ef00000| Untracked 
|  92|0x000000008f000000, 0x000000008f000000, 0x000000008f100000|  0%| F|  |TAMS 0x000000008f000000, 0x000000008f000000| Untracked 
|  93|0x000000008f100000, 0x000000008f100000, 0x000000008f200000|  0%| F|  |TAMS 0x000000008f100000, 0x000000008f100000| Untracked 
|  94|0x000000008f200000, 0x000000008f200000, 0x000000008f300000|  0%| F|  |TAMS 0x000000008f200000, 0x000000008f200000| Untracked 
|  95|0x000000008f300000, 0x000000008f300000, 0x000000008f400000|  0%| F|  |TAMS 0x000000008f300000, 0x000000008f300000| Untracked 
|  96|0x000000008f400000, 0x000000008f400000, 0x000000008f500000|  0%| F|  |TAMS 0x000000008f400000, 0x000000008f400000| Untracked 
|  97|0x000000008f500000, 0x000000008f500000, 0x000000008f600000|  0%| F|  |TAMS 0x000000008f500000, 0x000000008f500000| Untracked 
|  98|0x000000008f600000, 0x000000008f600000, 0x000000008f700000|  0%| F|  |TAMS 0x000000008f600000, 0x000000008f600000| Untracked 
|  99|0x000000008f700000, 0x000000008f700000, 0x000000008f800000|  0%| F|  |TAMS 0x000000008f700000, 0x000000008f700000| Untracked 
| 100|0x000000008f800000, 0x000000008f800000, 0x000000008f900000|  0%| F|  |TAMS 0x000000008f800000, 0x000000008f800000| Untracked 
| 101|0x000000008f900000, 0x000000008f900000, 0x000000008fa00000|  0%| F|  |TAMS 0x000000008f900000, 0x000000008f900000| Untracked 
| 102|0x000000008fa00000, 0x000000008fa00000, 0x000000008fb00000|  0%| F|  |TAMS 0x000000008fa00000, 0x000000008fa00000| Untracked 
| 103|0x000000008fb00000, 0x000000008fb00000, 0x000000008fc00000|  0%| F|  |TAMS 0x000000008fb00000, 0x000000008fb00000| Untracked 
| 104|0x000000008fc00000, 0x000000008fc00000, 0x000000008fd00000|  0%| F|  |TAMS 0x000000008fc00000, 0x000000008fc00000| Untracked 
| 105|0x000000008fd00000, 0x000000008fd00000, 0x000000008fe00000|  0%| F|  |TAMS 0x000000008fd00000, 0x000000008fd00000| Untracked 
| 106|0x000000008fe00000, 0x000000008fe00000, 0x000000008ff00000|  0%| F|  |TAMS 0x000000008fe00000, 0x000000008fe00000| Untracked 
| 107|0x000000008ff00000, 0x000000008ff00000, 0x0000000090000000|  0%| F|  |TAMS 0x000000008ff00000, 0x000000008ff00000| Untracked 
| 108|0x0000000090000000, 0x0000000090000000, 0x0000000090100000|  0%| F|  |TAMS 0x0000000090000000, 0x0000000090000000| Untracked 
| 109|0x0000000090100000, 0x0000000090176470, 0x0000000090200000| 46%| E|  |TAMS 0x0000000090100000, 0x0000000090100000| Complete 
| 110|0x0000000090200000, 0x0000000090300000, 0x0000000090300000|100%| E|CS|TAMS 0x0000000090200000, 0x0000000090200000| Complete 
| 111|0x0000000090300000, 0x0000000090400000, 0x0000000090400000|100%| E|CS|TAMS 0x0000000090300000, 0x0000000090300000| Complete 
| 112|0x0000000090400000, 0x0000000090500000, 0x0000000090500000|100%| E|CS|TAMS 0x0000000090400000, 0x0000000090400000| Complete 
| 113|0x0000000090500000, 0x0000000090600000, 0x0000000090600000|100%| E|CS|TAMS 0x0000000090500000, 0x0000000090500000| Complete 
| 114|0x0000000090600000, 0x0000000090700000, 0x0000000090700000|100%| E|CS|TAMS 0x0000000090600000, 0x0000000090600000| Complete 
| 115|0x0000000090700000, 0x0000000090800000, 0x0000000090800000|100%| E|CS|TAMS 0x0000000090700000, 0x0000000090700000| Complete 
| 116|0x0000000090800000, 0x0000000090900000, 0x0000000090900000|100%| E|CS|TAMS 0x0000000090800000, 0x0000000090800000| Complete 
| 117|0x0000000090900000, 0x0000000090a00000, 0x0000000090a00000|100%| E|CS|TAMS 0x0000000090900000, 0x0000000090900000| Complete 
| 118|0x0000000090a00000, 0x0000000090b00000, 0x0000000090b00000|100%| E|CS|TAMS 0x0000000090a00000, 0x0000000090a00000| Complete 
| 119|0x0000000090b00000, 0x0000000090c00000, 0x0000000090c00000|100%| E|CS|TAMS 0x0000000090b00000, 0x0000000090b00000| Complete 

Card table byte_map: [0x0000010f7ec00000,0x0000010f7efc0000] _byte_map_base: 0x0000010f7e7b6000

Marking Bits (Prev, Next): (CMBitMap*) 0x0000010f78e70d40, (CMBitMap*) 0x0000010f78e70d80
 Prev Bits: [0x0000010f0f000000, 0x0000010f10db0000)
 Next Bits: [0x0000010f10db0000, 0x0000010f12b60000)

Polling page: 0x0000010f78f10000

Metaspace:

Usage:
  Non-class:     10.14 MB used.
      Class:    828.13 KB used.
       Both:     10.95 MB used.

Virtual space:
  Non-class space:       16.00 MB reserved,      10.25 MB ( 64%) committed,  2 nodes.
      Class space:        1.00 GB reserved,     896.00 KB ( <1%) committed,  1 nodes.
              Both:        1.02 GB reserved,      11.12 MB (  1%) committed. 

Chunk freelists:
   Non-Class:  992.00 KB
       Class:  3.13 MB
        Both:  4.10 MB

MaxMetaspaceSize: 17179869184.00 GB
CompressedClassSpaceSize: 1.00 GB
 - commit_granule_bytes: 65536.
 - commit_granule_words: 8192.
 - virtual_space_node_default_size: 1048576.
 - enlarge_chunks_in_place: 1.
 - new_chunks_are_fully_committed: 0.
 - uncommit_free_chunks: 1.
 - use_allocation_guard: 0.
 - handle_deallocations: 1.


Internal statistics:

num_allocs_failed_limit: 0.
num_arena_births: 68.
num_arena_deaths: 0.
num_vsnodes_births: 3.
num_vsnodes_deaths: 0.
num_space_committed: 176.
num_space_uncommitted: 0.
num_chunks_returned_to_freelist: 0.
num_chunks_taken_from_freelist: 193.
num_chunk_merges: 0.
num_chunk_splits: 128.
num_chunks_enlarged: 96.
num_purges: 0.

CodeHeap 'non-profiled nmethods': size=120000Kb used=281Kb max_used=281Kb free=119718Kb
 bounds [0x0000010f07ad0000, 0x0000010f07d40000, 0x0000010f0f000000]
CodeHeap 'profiled nmethods': size=120000Kb used=1216Kb max_used=1216Kb free=118783Kb
 bounds [0x0000010f005a0000, 0x0000010f00810000, 0x0000010f07ad0000]
CodeHeap 'non-nmethods': size=5760Kb used=1675Kb max_used=1689Kb free=4084Kb
 bounds [0x0000010f00000000, 0x0000010f00270000, 0x0000010f005a0000]
 total_blobs=1997 nmethods=870 adapters=1040
 compilation: enabled
              stopped_count=0, restarted_count=0
 full_count=0

Compilation events (20 events):
Event: 9.509 Thread 0x0000010f15815dd0  852       3       org.lwjgl.glfw.GLFW::glfwSetCursor (24 bytes)
Event: 9.509 Thread 0x0000010f15815dd0 nmethod 852 0x0000010f006cad10 code [0x0000010f006caee0, 0x0000010f006cb198]
Event: 9.509 Thread 0x0000010f15815dd0  854       3       org.lwjgl.glfw.GLFW::glfwSetInputMode (25 bytes)
Event: 9.509 Thread 0x0000010f15815dd0 nmethod 854 0x0000010f006cb310 code [0x0000010f006cb4e0, 0x0000010f006cb798]
Event: 9.509 Thread 0x0000010f15815dd0  855       3       imgui.glfw.ImGuiImplGlfw::updateGamepads (249 bytes)
Event: 9.510 Thread 0x0000010f15815dd0 nmethod 855 0x0000010f006cb910 code [0x0000010f006cbea0, 0x0000010f006cdd68]
Event: 9.510 Thread 0x0000010f15815dd0  857       3       projectbank.Main::process (90 bytes)
Event: 9.511 Thread 0x0000010f15815dd0 nmethod 857 0x0000010f006ce610 code [0x0000010f006ce880, 0x0000010f006cecf8]
Event: 9.511 Thread 0x0000010f15815dd0  859       3       imgui.ImGui::inputInt (13 bytes)
Event: 9.511 Thread 0x0000010f15815dd0 nmethod 859 0x0000010f006cef90 code [0x0000010f006cf140, 0x0000010f006cf288]
Event: 9.511 Thread 0x0000010f15815dd0  864       3       imgui.app.Window::endFrame (44 bytes)
Event: 9.511 Thread 0x0000010f15815dd0 nmethod 864 0x0000010f006cf390 code [0x0000010f006cf600, 0x0000010f006cfc28]
Event: 9.511 Thread 0x0000010f15815dd0  866       3       imgui.ImGui::getDrawData (13 bytes)
Event: 9.511 Thread 0x0000010f15815dd0 nmethod 866 0x0000010f006cff10 code [0x0000010f006d00c0, 0x0000010f006d01e8]
Event: 9.958 Thread 0x0000010f15803cd0  868       4       org.lwjgl.glfw.GLFW::glfwGetMouseButton (22 bytes)
Event: 9.959 Thread 0x0000010f15803cd0 nmethod 868 0x0000010f07b15d90 code [0x0000010f07b15f20, 0x0000010f07b15fc8]
Event: 11.525 Thread 0x0000010f15803cd0  869       4       org.lwjgl.system.MemoryUtil::address (11 bytes)
Event: 11.525 Thread 0x0000010f15803cd0 nmethod 869 0x0000010f07b16090 code [0x0000010f07b16200, 0x0000010f07b16278]
Event: 16.440 Thread 0x0000010f15803cd0  870       4       java.nio.Buffer::limit (65 bytes)
Event: 16.441 Thread 0x0000010f15803cd0 nmethod 870 0x0000010f07b16390 code [0x0000010f07b16520, 0x0000010f07b16618]

GC Heap History (0 events):
No events

Deoptimization events (6 events):
Event: 0.528 Thread 0x0000010f78e2fa20 Uncommon trap: trap_request=0xffffff54 fr.pc=0x0000010f07af8a00 relative=0x0000000000000060
Event: 0.528 Thread 0x0000010f78e2fa20 Uncommon trap: reason=speculate_null_assert action=make_not_entrant pc=0x0000010f07af8a00 method=sun.misc.Unsafe.putLong(Ljava/lang/Object;JJ)V @ 7 c2
Event: 0.528 Thread 0x0000010f78e2fa20 DEOPT PACKING pc=0x0000010f07af8a00 sp=0x00000007bd2fea00
Event: 0.528 Thread 0x0000010f78e2fa20 DEOPT UNPACKING pc=0x0000010f0004d72e sp=0x00000007bd2fe978 mode 2
Event: 0.923 Thread 0x0000010f78e2fa20 DEOPT PACKING pc=0x0000010f005c3de5 sp=0x00000007bd2fd510
Event: 0.923 Thread 0x0000010f78e2fa20 DEOPT UNPACKING pc=0x0000010f0004dece sp=0x00000007bd2fc960 mode 0

Classes unloaded (0 events):
No events

Classes redefined (0 events):
No events

Internal exceptions (20 events):
Event: 0.220 Thread 0x0000010f78e2fa20 Exception <a 'java/lang/NoSuchMethodError'{0x000000009082ae98}: 'void java.lang.invoke.DirectMethodHandle$Holder.invokeStatic(java.lang.Object, java.lang.Object)'> (0x000000009082ae98) 
thrown [t:\workspace\open\src\hotspot\share\interpreter\linkResolver.cpp, line 790]
Event: 0.221 Thread 0x0000010f78e2fa20 Exception <a 'java/lang/NoSuchMethodError'{0x00000000908302f0}: 'void java.lang.invoke.DirectMethodHandle$Holder.invokeSpecial(java.lang.Object, java.lang.Object, java.lang.Object)'> (0x00000000908302f0) 
thrown [t:\workspace\open\src\hotspot\share\interpreter\linkResolver.cpp, line 790]
Event: 0.225 Thread 0x0000010f78e2fa20 Exception <a 'java/lang/NoSuchMethodError'{0x0000000090844a50}: 'java.lang.Object java.lang.invoke.DirectMethodHandle$Holder.invokeStatic(java.lang.Object, java.lang.Object, int)'> (0x0000000090844a50) 
thrown [t:\workspace\open\src\hotspot\share\interpreter\linkResolver.cpp, line 790]
Event: 0.226 Thread 0x0000010f78e2fa20 Exception <a 'java/lang/NoSuchMethodError'{0x0000000090850bf8}: 'void java.lang.invoke.DelegatingMethodHandle$Holder.delegate(java.lang.Object, java.lang.Object, int, java.lang.Object)'> (0x0000000090850bf8) 
thrown [t:\workspace\open\src\hotspot\share\interpreter\linkResolver.cpp, line 790]
Event: 0.226 Thread 0x0000010f78e2fa20 Exception <a 'java/lang/NoSuchMethodError'{0x0000000090854f50}: 'int java.lang.invoke.DirectMethodHandle$Holder.invokeSpecial(java.lang.Object, java.lang.Object, java.lang.Object)'> (0x0000000090854f50) 
thrown [t:\workspace\open\src\hotspot\share\interpreter\linkResolver.cpp, line 790]
Event: 0.247 Thread 0x0000010f78e2fa20 Exception <a 'sun/nio/fs/WindowsException'{0x00000000908a6f40}> (0x00000000908a6f40) 
thrown [t:\workspace\open\src\hotspot\share\prims\jni.cpp, line 579]
Event: 0.247 Thread 0x0000010f78e2fa20 Exception <a 'sun/nio/fs/WindowsException'{0x00000000908a74c0}> (0x00000000908a74c0) 
thrown [t:\workspace\open\src\hotspot\share\prims\jni.cpp, line 579]
Event: 0.281 Thread 0x0000010f78e2fa20 Exception <a 'java/lang/NoSuchMethodError'{0x0000000090612980}: 'int java.lang.invoke.DirectMethodHandle$Holder.invokeStaticInit(java.lang.Object, java.lang.Object, int, long)'> (0x0000000090612980) 
thrown [t:\workspace\open\src\hotspot\share\interpreter\linkResolver.cpp, line 790]
Event: 0.281 Thread 0x0000010f78e2fa20 Exception <a 'java/lang/NoSuchMethodError'{0x0000000090618450}: 'java.lang.Object java.lang.invoke.DirectMethodHandle$Holder.newInvokeSpecial(java.lang.Object, java.lang.Object, int)'> (0x0000000090618450) 
thrown [t:\workspace\open\src\hotspot\share\interpreter\linkResolver.cpp, line 790]
Event: 0.283 Thread 0x0000010f78e2fa20 Exception <a 'java/lang/NoSuchMethodError'{0x00000000906274c0}: 'int java.lang.invoke.DirectMethodHandle$Holder.invokeStaticInit(java.lang.Object, java.lang.Object, long, long)'> (0x00000000906274c0) 
thrown [t:\workspace\open\src\hotspot\share\interpreter\linkResolver.cpp, line 790]
Event: 0.284 Thread 0x0000010f78e2fa20 Exception <a 'java/lang/NoSuchMethodError'{0x000000009062d868}: 'java.lang.Object java.lang.invoke.DirectMethodHandle$Holder.newInvokeSpecial(java.lang.Object, java.lang.Object, long)'> (0x000000009062d868) 
thrown [t:\workspace\open\src\hotspot\share\interpreter\linkResolver.cpp, line 790]
Event: 0.285 Thread 0x0000010f78e2fa20 Exception <a 'java/lang/NoSuchMethodError'{0x00000000906319c0}: 'java.lang.Object java.lang.invoke.Invokers$Holder.linkToTargetMethod(java.lang.Object, long, java.lang.Object)'> (0x00000000906319c0) 
thrown [t:\workspace\open\src\hotspot\share\interpreter\linkResolver.cpp, line 790]
Event: 0.286 Thread 0x0000010f78e2fa20 Exception <a 'java/lang/NoSuchMethodError'{0x0000000090639468}: 'int java.lang.invoke.DirectMethodHandle$Holder.invokeStaticInit(java.lang.Object, java.lang.Object, java.lang.Object, long)'> (0x0000000090639468) 
thrown [t:\workspace\open\src\hotspot\share\interpreter\linkResolver.cpp, line 790]
Event: 0.311 Thread 0x0000010f78e2fa20 Exception <a 'sun/nio/fs/WindowsException'{0x0000000090559c50}> (0x0000000090559c50) 
thrown [t:\workspace\open\src\hotspot\share\prims\jni.cpp, line 579]
Event: 0.311 Thread 0x0000010f78e2fa20 Exception <a 'sun/nio/fs/WindowsException'{0x0000000090559fe0}> (0x0000000090559fe0) 
thrown [t:\workspace\open\src\hotspot\share\prims\jni.cpp, line 579]
Event: 0.503 Thread 0x0000010f78e2fa20 Exception <a 'sun/nio/fs/WindowsException'{0x00000000905d2888}> (0x00000000905d2888) 
thrown [t:\workspace\open\src\hotspot\share\prims\jni.cpp, line 579]
Event: 0.503 Thread 0x0000010f78e2fa20 Exception <a 'sun/nio/fs/WindowsException'{0x00000000905d2c60}> (0x00000000905d2c60) 
thrown [t:\workspace\open\src\hotspot\share\prims\jni.cpp, line 579]
Event: 0.507 Thread 0x0000010f78e2fa20 Exception <a 'sun/nio/fs/WindowsException'{0x00000000905e0230}> (0x00000000905e0230) 
thrown [t:\workspace\open\src\hotspot\share\prims\jni.cpp, line 579]
Event: 0.507 Thread 0x0000010f78e2fa20 Exception <a 'sun/nio/fs/WindowsException'{0x00000000905e0540}> (0x00000000905e0540) 
thrown [t:\workspace\open\src\hotspot\share\prims\jni.cpp, line 579]
Event: 0.644 Thread 0x0000010f78e2fa20 Exception <a 'sun/nio/fs/WindowsException'{0x00000000903fdcb0}> (0x00000000903fdcb0) 
thrown [t:\workspace\open\src\hotspot\share\prims\jni.cpp, line 579]

Events (20 events):
Event: 0.641 loading class java/io/UncheckedIOException done
Event: 0.644 loading class java/nio/file/StandardCopyOption
Event: 0.644 loading class java/nio/file/StandardCopyOption done
Event: 0.731 loading class java/io/DeleteOnExitHook
Event: 0.732 loading class java/io/DeleteOnExitHook done
Event: 0.732 loading class java/util/LinkedHashSet
Event: 0.732 loading class java/util/LinkedHashSet done
Event: 0.732 loading class java/io/DeleteOnExitHook$1
Event: 0.732 loading class java/io/DeleteOnExitHook$1 done
Event: 0.732 loading class java/lang/Shutdown
Event: 0.732 loading class java/lang/Shutdown done
Event: 0.732 loading class java/lang/Shutdown$Lock
Event: 0.732 loading class java/lang/Shutdown$Lock done
Event: 0.916 Loaded shared library C:\Users\Vinoth VK\AppData\Local\Temp\imgui-java-natives_1640938316539\imgui-java64.dll
Event: 1.133 Executing  VM operation: Cleanup
Event: 1.133 Executing  VM operation: Cleanup done
Event: 6.160 Executing  VM operation: Cleanup
Event: 6.160 Executing  VM operation: Cleanup done
Event: 10.198 Executing  VM operation: Cleanup
Event: 10.198 Executing  VM operation: Cleanup done


Dynamic libraries:
0x00007ff650360000 - 0x00007ff65036e000 	C:\Users\Vinoth VK\.p2\pool\plugins\org.eclipse.justj.openjdk.hotspot.jre.full.win32.x86_64_16.0.2.v20210721-1149\jre\bin\javaw.exe
0x00007ffcaba10000 - 0x00007ffcabc05000 	C:\WINDOWS\SYSTEM32\ntdll.dll
0x00007ffcab910000 - 0x00007ffcab9ce000 	C:\WINDOWS\System32\KERNEL32.DLL
0x00007ffca9780000 - 0x00007ffca9a48000 	C:\WINDOWS\System32\KERNELBASE.dll
0x00007ffca9480000 - 0x00007ffca9580000 	C:\WINDOWS\System32\ucrtbase.dll
0x00007ffca4070000 - 0x00007ffca4089000 	C:\Users\Vinoth VK\.p2\pool\plugins\org.eclipse.justj.openjdk.hotspot.jre.full.win32.x86_64_16.0.2.v20210721-1149\jre\bin\VCRUNTIME140.dll
0x00007ffca4090000 - 0x00007ffca40a8000 	C:\Users\Vinoth VK\.p2\pool\plugins\org.eclipse.justj.openjdk.hotspot.jre.full.win32.x86_64_16.0.2.v20210721-1149\jre\bin\jli.dll
0x00007ffca9b00000 - 0x00007ffca9ca1000 	C:\WINDOWS\System32\USER32.dll
0x00007ffc98a60000 - 0x00007ffc98cfa000 	C:\WINDOWS\WinSxS\amd64_microsoft.windows.common-controls_6595b64144ccf1df_6.0.19041.1110_none_60b5254171f9507e\COMCTL32.dll
0x00007ffca9280000 - 0x00007ffca92a2000 	C:\WINDOWS\System32\win32u.dll
0x00007ffca9ff0000 - 0x00007ffcaa01b000 	C:\WINDOWS\System32\GDI32.dll
0x00007ffcab390000 - 0x00007ffcab42e000 	C:\WINDOWS\System32\msvcrt.dll
0x00007ffca92b0000 - 0x00007ffca93bd000 	C:\WINDOWS\System32\gdi32full.dll
0x00007ffca9580000 - 0x00007ffca961d000 	C:\WINDOWS\System32\msvcp_win.dll
0x00007ffca9ab0000 - 0x00007ffca9ae0000 	C:\WINDOWS\System32\IMM32.DLL
0x00007ffca4a30000 - 0x00007ffca4a3c000 	C:\Users\Vinoth VK\.p2\pool\plugins\org.eclipse.justj.openjdk.hotspot.jre.full.win32.x86_64_16.0.2.v20210721-1149\jre\bin\vcruntime140_1.dll
0x00007ffc7ab40000 - 0x00007ffc7abd1000 	C:\Users\Vinoth VK\.p2\pool\plugins\org.eclipse.justj.openjdk.hotspot.jre.full.win32.x86_64_16.0.2.v20210721-1149\jre\bin\msvcp140.dll
0x00007ffc63f80000 - 0x00007ffc64b2b000 	C:\Users\Vinoth VK\.p2\pool\plugins\org.eclipse.justj.openjdk.hotspot.jre.full.win32.x86_64_16.0.2.v20210721-1149\jre\bin\server\jvm.dll
0x00007ffcaa150000 - 0x00007ffcaa1fc000 	C:\WINDOWS\System32\ADVAPI32.dll
0x00007ffcaa0b0000 - 0x00007ffcaa14b000 	C:\WINDOWS\System32\sechost.dll
0x00007ffca9cb0000 - 0x00007ffca9dda000 	C:\WINDOWS\System32\RPCRT4.dll
0x00007ffcaa2d0000 - 0x00007ffcaa2d8000 	C:\WINDOWS\System32\PSAPI.DLL
0x00007ffc9d7e0000 - 0x00007ffc9d807000 	C:\WINDOWS\SYSTEM32\WINMM.dll
0x00007ffca6a50000 - 0x00007ffca6a59000 	C:\WINDOWS\SYSTEM32\WSOCK32.dll
0x00007ffca3580000 - 0x00007ffca358a000 	C:\WINDOWS\SYSTEM32\VERSION.dll
0x00007ffcaac10000 - 0x00007ffcaac7b000 	C:\WINDOWS\System32\WS2_32.dll
0x00007ffca6f00000 - 0x00007ffca6f12000 	C:\WINDOWS\SYSTEM32\kernel.appcore.dll
0x00007ffca69d0000 - 0x00007ffca69da000 	C:\Users\Vinoth VK\.p2\pool\plugins\org.eclipse.justj.openjdk.hotspot.jre.full.win32.x86_64_16.0.2.v20210721-1149\jre\bin\jimage.dll
0x00007ffca1ea0000 - 0x00007ffca2084000 	C:\WINDOWS\SYSTEM32\DBGHELP.DLL
0x00007ffc96c80000 - 0x00007ffc96cac000 	C:\WINDOWS\SYSTEM32\dbgcore.DLL
0x00007ffca93f0000 - 0x00007ffca9472000 	C:\WINDOWS\System32\bcryptPrimitives.dll
0x00007ffca0470000 - 0x00007ffca0495000 	C:\Users\Vinoth VK\.p2\pool\plugins\org.eclipse.justj.openjdk.hotspot.jre.full.win32.x86_64_16.0.2.v20210721-1149\jre\bin\java.dll
0x00007ffca0450000 - 0x00007ffca0468000 	C:\Users\Vinoth VK\.p2\pool\plugins\org.eclipse.justj.openjdk.hotspot.jre.full.win32.x86_64_16.0.2.v20210721-1149\jre\bin\zip.dll
0x00007ffcaa2e0000 - 0x00007ffcaaa24000 	C:\WINDOWS\System32\SHELL32.dll
0x00007ffca7210000 - 0x00007ffca79a4000 	C:\WINDOWS\SYSTEM32\windows.storage.dll
0x00007ffcaae30000 - 0x00007ffcab185000 	C:\WINDOWS\System32\combase.dll
0x00007ffca8aa0000 - 0x00007ffca8ace000 	C:\WINDOWS\SYSTEM32\Wldp.dll
0x00007ffcaaa30000 - 0x00007ffcaaadd000 	C:\WINDOWS\System32\SHCORE.dll
0x00007ffca9a50000 - 0x00007ffca9aa5000 	C:\WINDOWS\System32\shlwapi.dll
0x00007ffca9060000 - 0x00007ffca907f000 	C:\WINDOWS\SYSTEM32\profapi.dll
0x00007ffc99700000 - 0x00007ffc99719000 	C:\Users\Vinoth VK\.p2\pool\plugins\org.eclipse.justj.openjdk.hotspot.jre.full.win32.x86_64_16.0.2.v20210721-1149\jre\bin\net.dll
0x00007ffc9e120000 - 0x00007ffc9e22c000 	C:\WINDOWS\SYSTEM32\WINHTTP.dll
0x00007ffca8800000 - 0x00007ffca886a000 	C:\WINDOWS\system32\mswsock.dll
0x00007ffc996e0000 - 0x00007ffc996f3000 	C:\Users\Vinoth VK\.p2\pool\plugins\org.eclipse.justj.openjdk.hotspot.jre.full.win32.x86_64_16.0.2.v20210721-1149\jre\bin\nio.dll
0x00007ffc79940000 - 0x00007ffc799b1000 	C:\Users\Vinoth VK\AppData\Local\Temp\lwjglVinoth VK\3.3.0-SNAPSHOT\lwjgl.dll
0x00007ffc72160000 - 0x00007ffc721c1000 	C:\Users\VINOTH~1\AppData\Local\Temp\lwjglVinoth VK\3.3.0-SNAPSHOT\glfw.dll
0x00007ffc95360000 - 0x00007ffc953a5000 	C:\WINDOWS\SYSTEM32\dinput8.dll
0x00007ffc99a70000 - 0x00007ffc99a81000 	C:\WINDOWS\SYSTEM32\xinput1_4.dll
0x00007ffca9620000 - 0x00007ffca966e000 	C:\WINDOWS\System32\cfgmgr32.dll
0x00007ffca8e00000 - 0x00007ffca8e34000 	C:\WINDOWS\SYSTEM32\DEVOBJ.dll
0x00007ffca6f20000 - 0x00007ffca6f4f000 	C:\WINDOWS\SYSTEM32\dwmapi.dll
0x00007ffc9a710000 - 0x00007ffc9a862000 	C:\WINDOWS\SYSTEM32\inputhost.dll
0x00007ffca9ec0000 - 0x00007ffca9f8d000 	C:\WINDOWS\System32\OLEAUT32.dll
0x00007ffca6880000 - 0x00007ffca6972000 	C:\WINDOWS\SYSTEM32\CoreMessaging.dll
0x00007ffca6380000 - 0x00007ffca64d4000 	C:\WINDOWS\SYSTEM32\wintypes.dll
0x00007ffca48b0000 - 0x00007ffca49a6000 	C:\WINDOWS\SYSTEM32\PROPSYS.dll
0x00007ffca6520000 - 0x00007ffca687e000 	C:\WINDOWS\SYSTEM32\CoreUIComponents.dll
0x00007ffca7de0000 - 0x00007ffca7e13000 	C:\WINDOWS\SYSTEM32\ntmarta.dll
0x00007ffca6c30000 - 0x00007ffca6cce000 	C:\WINDOWS\system32\uxtheme.dll
0x00007ffcab1f0000 - 0x00007ffcab305000 	C:\WINDOWS\System32\MSCTF.dll
0x00007ffc79da0000 - 0x00007ffc79ec5000 	C:\WINDOWS\SYSTEM32\opengl32.dll
0x00007ffc8ee00000 - 0x00007ffc8ee2c000 	C:\WINDOWS\SYSTEM32\GLU32.dll
0x00007ffcaa200000 - 0x00007ffcaa2a9000 	C:\WINDOWS\System32\clbcatq.dll
0x00007ffca4c30000 - 0x00007ffca4c5a000 	C:\WINDOWS\System32\DriverStore\FileRepository\u0367465.inf_amd64_f448bc468601f23f\B367478\atig6pxx.dll
0x00007ffc4d120000 - 0x00007ffc4fe07000 	C:\WINDOWS\System32\DriverStore\FileRepository\u0367465.inf_amd64_f448bc468601f23f\B367478\atio6axx.dll
0x00007ffcab490000 - 0x00007ffcab902000 	C:\WINDOWS\System32\SETUPAPI.dll
0x00007ffc8f2a0000 - 0x00007ffc8f2c4000 	C:\WINDOWS\SYSTEM32\dxva2.dll
0x00007ffca93c0000 - 0x00007ffca93e7000 	C:\WINDOWS\System32\bcrypt.dll
0x00007ffcaaae0000 - 0x00007ffcaac0a000 	C:\WINDOWS\System32\ole32.dll
0x00007ffca3fe0000 - 0x00007ffca401c000 	C:\WINDOWS\System32\DriverStore\FileRepository\u0367465.inf_amd64_f448bc468601f23f\B367478\atig6txx.dll
0x00007ffc75450000 - 0x00007ffc75609000 	C:\WINDOWS\SYSTEM32\atiadlxx.dll
0x00007ffca9670000 - 0x00007ffca96d0000 	C:\WINDOWS\System32\WINTRUST.dll
0x00007ffca9120000 - 0x00007ffca9276000 	C:\WINDOWS\System32\CRYPT32.dll
0x00007ffca8c30000 - 0x00007ffca8c42000 	C:\WINDOWS\SYSTEM32\MSASN1.dll
0x00007ffc95b10000 - 0x00007ffc95b4b000 	C:\WINDOWS\SYSTEM32\dxcore.dll
0x00007ffc80530000 - 0x00007ffc8058d000 	C:\Users\Vinoth VK\AppData\Local\Temp\lwjglVinoth VK\3.3.0-SNAPSHOT\lwjgl_opengl.dll
0x00007ffc9b630000 - 0x00007ffc9b729000 	C:\WINDOWS\SYSTEM32\textinputframework.dll
0x0000000064a00000 - 0x00000000657e2000 	C:\Users\Vinoth VK\AppData\Local\Temp\imgui-java-natives_1640938316539\imgui-java64.dll

dbghelp: loaded successfully - version: 4.0.5 - missing functions: none
symbol engine: initialized successfully - sym options: 0x614 - pdb path: .;C:\Users\Vinoth VK\.p2\pool\plugins\org.eclipse.justj.openjdk.hotspot.jre.full.win32.x86_64_16.0.2.v20210721-1149\jre\bin;C:\WINDOWS\SYSTEM32;C:\WINDOWS\WinSxS\amd64_microsoft.windows.common-controls_6595b64144ccf1df_6.0.19041.1110_none_60b5254171f9507e;C:\Users\Vinoth VK\.p2\pool\plugins\org.eclipse.justj.openjdk.hotspot.jre.full.win32.x86_64_16.0.2.v20210721-1149\jre\bin\server;C:\Users\Vinoth VK\AppData\Local\Temp\lwjglVinoth VK\3.3.0-SNAPSHOT;C:\Users\VINOTH~1\AppData\Local\Temp\lwjglVinoth VK\3.3.0-SNAPSHOT;C:\WINDOWS\System32\DriverStore\FileRepository\u0367465.inf_amd64_f448bc468601f23f\B367478;C:\Users\Vinoth VK\AppData\Local\Temp\imgui-java-natives_1640938316539

VM Arguments:
jvm_args: -Dfile.encoding=Cp1252 -XX:+ShowCodeDetailsInExceptionMessages 
java_command: projectbank.Main
java_class_path (initial): C:\Users\Vinoth VK\git\Project-Bank\ProjectBank\bin;C:\Users\Vinoth VK\git\Project-Bank\ProjectBank\io.github.spair\imgui-java-app-1.85.1.jar;C:\Users\Vinoth VK\git\Project-Bank\ProjectBank\io.github.spair\imgui-java-app-1.85.1-sources.jar;C:\Users\Vinoth VK\git\Project-Bank\ProjectBank\io.github.spair\imgui-java-binding-1.85.1.jar;C:\Users\Vinoth VK\git\Project-Bank\ProjectBank\io.github.spair\imgui-java-binding-1.85.1-sources.jar;C:\Users\Vinoth VK\git\Project-Bank\ProjectBank\io.github.spair\imgui-java-lwjgl3-1.85.1.jar;C:\Users\Vinoth VK\git\Project-Bank\ProjectBank\io.github.spair\imgui-java-lwjgl3-1.85.1-sources.jar;C:\Users\Vinoth VK\git\Project-Bank\ProjectBank\io.github.spair\imgui-java-natives-linux-1.85.1.jar;C:\Users\Vinoth VK\git\Project-Bank\ProjectBank\io.github.spair\imgui-java-natives-linux-1.85.1-sources.jar;C:\Users\Vinoth VK\git\Project-Bank\ProjectBank\io.github.spair\imgui-java-natives-windows-1.85.1.jar;C:\Users\Vinoth VK\git\Project-Bank\ProjectBank\io.github.spair\imgui-java-natives-windows-1.85.1-sources.jar;C:\Users\Vinoth VK\git\Project-Bank\ProjectBank\org.lwjgl\lwjgl-3.3.0.jar;C:\Users\Vinoth VK\git\Project-Bank\ProjectBank\org.lwjgl\lwjgl-3.3.0-natives-linux.jar;C:\Users\Vinoth VK\git\Project-Bank\ProjectBank\org.lwjgl\lwjgl-3.3.0-natives-macos.jar;C:\Users\Vinoth VK\git\Project-Bank\ProjectBank\org.lwjgl\lwjgl-3.3.0-natives-windows.jar;C:\Users\Vinoth VK\git\Project-Bank\ProjectBank\org.lwjgl\lwjgl-3.3.0-sources.jar;C:\Users\Vinoth VK\git\Project-Bank\ProjectBank\org.lwjgl\lwjgl-assimp-3.3.0.jar;C:\Users\Vinoth VK\git\Project-Bank\ProjectBank\org.lwjgl\lwjgl-assimp-3.3.0-natives-linux.jar;C:\Users\Vinoth VK\git\Project-Bank\ProjectBank\org.lwjgl\lwjgl-assimp-3.3.0-sources.jar;C:\Users\Vinoth VK\git\Project-Bank\ProjectBank\org.lwjgl\lwjgl-glfw-3.3.0.jar;C:\Users\Vinoth VK\git\Project-Bank\ProjectBank\org.lwjgl\lwjgl-glfw-3.3.0-natives-linux.jar;C:\Users\Vinoth VK\git\Project-Bank\ProjectBank\org.lwjgl\lwjg
Launcher Type: SUN_STANDARD

[Global flags]
     intx CICompilerCount                          = 4                                         {product} {ergonomic}
     uint ConcGCThreads                            = 3                                         {product} {ergonomic}
     uint G1ConcRefinementThreads                  = 10                                        {product} {ergonomic}
   size_t G1HeapRegionSize                         = 1048576                                   {product} {ergonomic}
    uintx GCDrainStackTargetSize                   = 64                                        {product} {ergonomic}
   size_t InitialHeapSize                          = 125829120                                 {product} {ergonomic}
   size_t MarkStackSize                            = 4194304                                   {product} {ergonomic}
   size_t MaxHeapSize                              = 1992294400                                {product} {ergonomic}
   size_t MaxNewSize                               = 1195376640                                {product} {ergonomic}
   size_t MinHeapDeltaBytes                        = 1048576                                   {product} {ergonomic}
   size_t MinHeapSize                              = 8388608                                   {product} {ergonomic}
    uintx NonNMethodCodeHeapSize                   = 5839372                                {pd product} {ergonomic}
    uintx NonProfiledCodeHeapSize                  = 122909434                              {pd product} {ergonomic}
    uintx ProfiledCodeHeapSize                     = 122909434                              {pd product} {ergonomic}
    uintx ReservedCodeCacheSize                    = 251658240                              {pd product} {ergonomic}
     bool SegmentedCodeCache                       = true                                      {product} {ergonomic}
     bool ShowCodeDetailsInExceptionMessages       = true                                   {manageable} {command line}
   size_t SoftMaxHeapSize                          = 1992294400                             {manageable} {ergonomic}
     bool UseCompressedClassPointers               = true                           {product lp64_product} {ergonomic}
     bool UseCompressedOops                        = true                           {product lp64_product} {ergonomic}
     bool UseG1GC                                  = true                                      {product} {ergonomic}
     bool UseLargePagesIndividualAllocation        = false                                  {pd product} {ergonomic}

Logging:
Log output configuration:
 #0: stdout all=warning uptime,level,tags
 #1: stderr all=off uptime,level,tags

Environment Variables:
PATH=C:/Users/Vinoth VK/.p2/pool/plugins/org.eclipse.justj.openjdk.hotspot.jre.full.win32.x86_64_16.0.2.v20210721-1149/jre/bin/server;C:/Users/Vinoth VK/.p2/pool/plugins/org.eclipse.justj.openjdk.hotspot.jre.full.win32.x86_64_16.0.2.v20210721-1149/jre/bin;C:\Program Files (x86)\Common Files\Oracle\Java\javapath;C:\WINDOWS\system32;C:\WINDOWS;C:\WINDOWS\System32\Wbem;C:\WINDOWS\System32\WindowsPowerShell\v1.0\;C:\WINDOWS\System32\OpenSSH\;C:\Program Files (x86)\NVIDIA Corporation\PhysX\Common;C:\Program Files\Git\cmd;C:\Users\Vinoth VK\AppData\Local\Microsoft\WindowsApps;C:\Users\Vinoth VK\AppData\Local\GitHubDesktop\bin;C:\Users\Vinoth VK\Desktop;
USERNAME=Vinoth VK
OS=Windows_NT
PROCESSOR_IDENTIFIER=AMD64 Family 23 Model 96 Stepping 1, AuthenticAMD



---------------  S Y S T E M  ---------------

OS:
 Windows 10 , 64 bit Build 19041 (10.0.19041.1348)
OS uptime: 5 days 15:41 hours

CPU: total 12 (initial active 12) (12 cores per cpu, 2 threads per core) family 23 model 96 stepping 1 microcode 0x0, cx8, cmov, fxsr, ht, mmx, 3dnowpref, sse, sse2, sse3, ssse3, sse4a, sse4.1, sse4.2, popcnt, lzcnt, tsc, tscinvbit, avx, avx2, aes, clmul, bmi1, bmi2, adx, sha, fma, vzeroupper, clflush, clflushopt

Memory: 4k page, system-wide physical 7599M (3339M free)
TotalPageFile size 14255M (AvailPageFile size 6128M)
current process WorkingSet (physical memory assigned to process): 102M, peak: 103M
current process commit charge ("private bytes"): 307M, peak: 308M

vm_info: OpenJDK 64-Bit Server VM (16.0.2+7-67) for windows-amd64 JRE (16.0.2+7-67), built on Jun  8 2021 23:21:43 by "mach5one" with MS VC++ 16.7 (VS2019)

END.
