#
# A fatal error has been detected by the Java Runtime Environment:
#
#  SIGSEGV (0xb) at pc=0x00007fb3d53ef6fe, pid=2745, tid=2747
#
# JRE version: OpenJDK Runtime Environment (15.0.2+7) (build 15.0.2+7-27)
# Java VM: OpenJDK 64-Bit Server VM (15.0.2+7-27, mixed mode, tiered, compressed oops, g1 gc, linux-amd64)
# Problematic frame:
# C  [libimgui-java64.so+0x12d6fe]  ImGui::Begin(char const*, bool*, int)+0x4e
#
# Core dump will be written. Default location: Core dumps may be processed with "/usr/lib/systemd/systemd-coredump %P %u %g %s %t %c %h" (or dumping to /home/karmugilan/git/Project-Bank/ProjectBank/core.2745)
#
# If you would like to submit a bug report, please visit:
#   https://bugreport.java.com/bugreport/crash.jsp
# The crash happened outside the Java Virtual Machine in native code.
# See problematic frame for where to report the bug.
#

---------------  S U M M A R Y ------------

Command Line: -Dfile.encoding=UTF-8 -XX:+ShowCodeDetailsInExceptionMessages projectbank.AccountManager

Host: AMD PRO A4-4350B R4, 5 COMPUTE CORES 2C+3G, 2 cores, 3G, Manjaro Linux
Time: Sun Jan  2 11:29:40 2022 IST elapsed time: 1.185295 seconds (0d 0h 0m 1s)

---------------  T H R E A D  ---------------

Current thread (0x00007fb3f80288b0):  JavaThread "main" [_thread_in_native, id=2747, stack(0x00007fb3ff001000,0x00007fb3ff102000)]

Stack: [0x00007fb3ff001000,0x00007fb3ff102000],  sp=0x00007fb3ff100560,  free space=1021k
Native frames: (J=compiled Java code, A=aot compiled Java code, j=interpreted, Vv=VM code, C=native code)
C  [libimgui-java64.so+0x12d6fe]  ImGui::Begin(char const*, bool*, int)+0x4e

Java frames: (J=compiled Java code, j=interpreted, Vv=VM code)
j  imgui.ImGui.begin(Ljava/lang/String;)Z+0
j  projectbank.Log.info(Ljava/lang/String;)V+2
j  projectbank.AccountManager.loadExistingAccountsData()V+27
j  projectbank.AccountManager.<init>()V+70
j  projectbank.AccountManager.main([Ljava/lang/String;)V+4
v  ~StubRoutines::call_stub

siginfo: si_signo: 11 (SIGSEGV), si_code: 1 (SEGV_MAPERR), si_addr: 0x0000000000001ca8

Register to memory mapping:

RAX=0x00007fb3d57cad08: GImGui+0x0000000000000000 in /tmp/imgui-java-natives_1641103180507/libimgui-java64.so at 0x00007fb3d52c2000
RBX={method} {0x00007fb3e5219bd8} 'begin' '(Ljava/lang/String;)Z' in 'imgui/ImGui'
RCX=0x0000000000000001 is an unknown value
RDX=0x0 is NULL
RSP=0x00007fb3ff100560 is pointing into the stack for thread: 0x00007fb3f80288b0
RBP=0x0 is NULL
RSI=0x0 is NULL
RDI=0x00007fb3f82c5e90 points into unknown readable memory: 0x0000000700474f4c | 4c 4f 47 00 07 00 00 00
R8 =0x00007fb3f82c5e93 points into unknown readable memory: 00 07 00 00 00
R9 =0x0 is NULL
R10=0x00007fb3d52dfc78: <offset 0x000000000001dc78> in /tmp/imgui-java-natives_1641103180507/libimgui-java64.so at 0x00007fb3d52c2000
R11=0x00007fb3d53ef6b0: _ZN5ImGui5BeginEPKcPbi+0x0000000000000000 in /tmp/imgui-java-natives_1641103180507/libimgui-java64.so at 0x00007fb3d52c2000
R12=0x00007fb3ff100808 is pointing into the stack for thread: 0x00007fb3f80288b0
R13=0x00007fb3f82c5e90 points into unknown readable memory: 0x0000000700474f4c | 4c 4f 47 00 07 00 00 00
R14=0x00007fb3ff100808 is pointing into the stack for thread: 0x00007fb3f80288b0
R15=0x00007fb3f80288b0 is a thread


Registers:
RAX=0x00007fb3d57cad08, RBX=0x00007fb3e5219bd8, RCX=0x0000000000000001, RDX=0x0000000000000000
RSP=0x00007fb3ff100560, RBP=0x0000000000000000, RSI=0x0000000000000000, RDI=0x00007fb3f82c5e90
R8 =0x00007fb3f82c5e93, R9 =0x0000000000000000, R10=0x00007fb3d52dfc78, R11=0x00007fb3d53ef6b0
R12=0x00007fb3ff100808, R13=0x00007fb3f82c5e90, R14=0x00007fb3ff100808, R15=0x00007fb3f80288b0
RIP=0x00007fb3d53ef6fe, EFLAGS=0x0000000000010202, CSGSFS=0x002b000000000033, ERR=0x0000000000000004
  TRAPNO=0x000000000000000e

Top of Stack: (sp=0x00007fb3ff100560)
0x00007fb3ff100560:   80deb1fe72be5d74 0000000000000000
0x00007fb3ff100570:   12835b01d807aa98 0000000000000000
0x00007fb3ff100580:   59f111f13956c25b 0000000000000000
0x00007fb3ff100590:   0000000000000000 00007fb3f82c5e90 

Instructions: (pc=0x00007fb3d53ef6fe)
0x00007fb3d53ef5fe:   1f 00 f6 40 04 08 0f 85 47 f8 ff ff e9 06 f8 ff
0x00007fb3d53ef60e:   ff 90 80 bd 3d 01 00 00 00 0f 84 e9 f6 ff ff 66
0x00007fb3d53ef61e:   0f ef c9 31 f6 bf 01 00 00 00 0f 28 c1 e8 70 68
0x00007fb3d53ef62e:   f7 ff 66 48 0f 7e c0 66 0f 6f d0 48 c1 e8 20 83
0x00007fb3d53ef63e:   bd c4 1f 00 00 03 66 0f 6e c8 0f 85 9e fe ff ff
0x00007fb3d53ef64e:   e9 75 fe ff ff e8 48 a2 f7 ff 80 7c 24 5f 00 0f
0x00007fb3d53ef65e:   85 70 f9 ff ff e9 99 f5 ff ff f3 0f 10 0d a8 24
0x00007fb3d53ef66e:   35 00 0f 28 d1 e9 5a fd ff ff f3 0f 10 25 10 86
0x00007fb3d53ef67e:   34 00 f3 0f 10 15 90 24 35 00 0f 28 ec e9 4d fa
0x00007fb3d53ef68e:   ff ff f3 0f 10 1d 80 24 35 00 f3 0f 10 25 f0 85
0x00007fb3d53ef69e:   34 00 0f 28 d3 e9 ac fc ff ff 0f 1f 84 00 00 00
0x00007fb3d53ef6ae:   00 00 f3 0f 1e fa 41 57 41 56 41 55 41 54 55 53
0x00007fb3d53ef6be:   48 81 ec c8 01 00 00 48 89 7c 24 38 48 89 74 24
0x00007fb3d53ef6ce:   30 64 48 8b 04 25 28 00 00 00 48 89 84 24 b8 01
0x00007fb3d53ef6de:   00 00 31 c0 48 8b 05 77 e5 3c 00 48 8b 28 48 85
0x00007fb3d53ef6ee:   ff 0f 84 1d 55 00 00 80 3f 00 0f 84 14 55 00 00
0x00007fb3d53ef6fe:   0f b6 85 a8 1c 00 00 88 44 24 2b 84 c0 0f 84 3f
0x00007fb3d53ef70e:   55 00 00 8b 85 98 1c 00 00 39 85 9c 1c 00 00 0f
0x00007fb3d53ef71e:   84 51 55 00 00 48 8b 7c 24 38 41 89 d7 e8 f0 87
0x00007fb3d53ef72e:   f7 ff 49 89 c6 48 89 c3 48 85 c0 0f 84 71 31 00
0x00007fb3d53ef73e:   00 44 89 fa 44 89 f8 81 e2 00 02 0c 00 83 c8 06
0x00007fb3d53ef74e:   81 fa 00 02 0c 00 44 0f 44 f8 41 f7 c7 00 00 80
0x00007fb3d53ef75e:   00 74 0d 41 f7 c7 00 00 00 01 0f 84 2a 4e 00 00
0x00007fb3d53ef76e:   8b 85 98 1c 00 00 44 8b 9d e8 1c 00 00 89 44 24
0x00007fb3d53ef77e:   0c 8b 83 68 02 00 00 89 44 24 18 31 c0 45 85 db
0x00007fb3d53ef78e:   75 07 0f b6 85 a9 1c 00 00 88 83 cf 00 00 00 8b
0x00007fb3d53ef79e:   44 24 0c 83 e8 01 39 44 24 18 0f 9c 44 24 1c 41
0x00007fb3d53ef7ae:   f7 c7 00 00 00 04 74 49 48 63 85 18 1f 00 00 85
0x00007fb3d53ef7be:   c0 0f 88 48 54 00 00 3b 85 08 1f 00 00 0f 8d 3c
0x00007fb3d53ef7ce:   54 00 00 48 8d 04 40 48 c1 e0 04 48 03 85 10 1f
0x00007fb3d53ef7de:   00 00 8b 08 39 8b dc 00 00 00 40 0f 95 c6 40 0a
0x00007fb3d53ef7ee:   74 24 1c 48 39 58 08 0f 95 c0 09 c6 40 88 74 24 


Stack slot to memory mapping:
stack at sp + 0 slots: 0x80deb1fe72be5d74 is an unknown value
stack at sp + 1 slots: 0x0 is NULL
stack at sp + 2 slots: 0x12835b01d807aa98 is an unknown value
stack at sp + 3 slots: 0x0 is NULL
stack at sp + 4 slots: 0x59f111f13956c25b is an unknown value
stack at sp + 5 slots: 0x0 is NULL
stack at sp + 6 slots: 0x0 is NULL
stack at sp + 7 slots: 0x00007fb3f82c5e90 points into unknown readable memory: 0x0000000700474f4c | 4c 4f 47 00 07 00 00 00


---------------  P R O C E S S  ---------------

Threads class SMR info:
_java_thread_list=0x00007fb3f81c3920, length=10, elements={
0x00007fb3f80288b0, 0x00007fb3f811f350, 0x00007fb3f8120f70, 0x00007fb3f8137ac0,
0x00007fb3f81391d0, 0x00007fb3f813ab00, 0x00007fb3f813c330, 0x00007fb3f813d9e0,
0x00007fb3f81b23a0, 0x00007fb3f81c02f0
}

Java Threads: ( => current thread )
=>0x00007fb3f80288b0 JavaThread "main" [_thread_in_native, id=2747, stack(0x00007fb3ff001000,0x00007fb3ff102000)]
  0x00007fb3f811f350 JavaThread "Reference Handler" daemon [_thread_blocked, id=2758, stack(0x00007fb3fc1b7000,0x00007fb3fc2b8000)]
  0x00007fb3f8120f70 JavaThread "Finalizer" daemon [_thread_blocked, id=2759, stack(0x00007fb3fc0b6000,0x00007fb3fc1b7000)]
  0x00007fb3f8137ac0 JavaThread "Signal Dispatcher" daemon [_thread_blocked, id=2760, stack(0x00007fb3e4a19000,0x00007fb3e4b1a000)]
  0x00007fb3f81391d0 JavaThread "Service Thread" daemon [_thread_blocked, id=2761, stack(0x00007fb3e4918000,0x00007fb3e4a19000)]
  0x00007fb3f813ab00 JavaThread "C2 CompilerThread0" daemon [_thread_blocked, id=2762, stack(0x00007fb3e4817000,0x00007fb3e4918000)]
  0x00007fb3f813c330 JavaThread "C1 CompilerThread0" daemon [_thread_blocked, id=2763, stack(0x00007fb3e4716000,0x00007fb3e4817000)]
  0x00007fb3f813d9e0 JavaThread "Sweeper thread" daemon [_thread_blocked, id=2764, stack(0x00007fb3e4615000,0x00007fb3e4716000)]
  0x00007fb3f81b23a0 JavaThread "Notification Thread" daemon [_thread_blocked, id=2765, stack(0x00007fb3e4514000,0x00007fb3e4615000)]
  0x00007fb3f81c02f0 JavaThread "Common-Cleaner" daemon [_thread_blocked, id=2767, stack(0x00007fb3e4311000,0x00007fb3e4412000)]

Other Threads:
  0x00007fb3f81051a0 VMThread "VM Thread" [stack: 0x00007fb3fc2ba000,0x00007fb3fc3ba000] [id=2757]
  0x00007fb3f8127f80 WatcherThread [stack: 0x00007fb3e4414000,0x00007fb3e4514000] [id=2766]
  0x00007fb3f80546a0 GCTaskThread "GC Thread#0" [stack: 0x00007fb3fcb32000,0x00007fb3fcc32000] [id=2749]
  0x00007fb3f805c9f0 ConcurrentGCThread "G1 Main Marker" [stack: 0x00007fb3fca30000,0x00007fb3fcb30000] [id=2751]
  0x00007fb3f805dc80 ConcurrentGCThread "G1 Conc#0" [stack: 0x00007fb3fc92e000,0x00007fb3fca2e000] [id=2752]
  0x00007fb3f808bc40 ConcurrentGCThread "G1 Refine#0" [stack: 0x00007fb3fc62a000,0x00007fb3fc72a000] [id=2755]
  0x00007fb3f808ce50 ConcurrentGCThread "G1 Young RemSet Sampling" [stack: 0x00007fb3fc528000,0x00007fb3fc628000] [id=2756]

Threads with active compile tasks:

VM state: not at safepoint (normal execution)

VM Mutex/Monitor currently owned by a thread: None

Heap address: 0x00000000cb000000, size: 848 MB, Compressed Oops mode: 32-bit
CDS disabled.
Compressed class space mapped at: 0x0000000100000000-0x0000000140000000, size: 1073741824
Narrow klass base: 0x0000000000000000, Narrow klass shift: 3, Narrow klass range: 0x140000000

GC Precious Log:
 CPUs: 2 total, 2 available
 Memory: 3390M
 Large Page Support: Disabled
 NUMA Support: Disabled
 Compressed Oops: Enabled (32-bit)
 Heap Region Size: 1M
 Heap Min Capacity: 8M
 Heap Initial Capacity: 54M
 Heap Max Capacity: 848M
 Pre-touch: Disabled
 Parallel Workers: 2
 Concurrent Workers: 1
 Concurrent Refinement Workers: 2
 Periodic GC: Disabled

Heap:
 garbage-first heap   total 55296K, used 1024K [0x00000000cb000000, 0x0000000100000000)
  region size 1024K, 3 young (3072K), 0 survivors (0K)
 Metaspace       used 8060K, capacity 8211K, committed 8448K, reserved 1056768K
  class space    used 667K, capacity 693K, committed 768K, reserved 1048576K

Heap Regions: E=young(eden), S=young(survivor), O=old, HS=humongous(starts), HC=humongous(continues), CS=collection set, F=free, OA=open archive, CA=closed archive, TAMS=top-at-mark-start (previous, next)
|   0|0x00000000cb000000, 0x00000000cb000000, 0x00000000cb100000|  0%| F|  |TAMS 0x00000000cb000000, 0x00000000cb000000| Untracked 
|   1|0x00000000cb100000, 0x00000000cb100000, 0x00000000cb200000|  0%| F|  |TAMS 0x00000000cb100000, 0x00000000cb100000| Untracked 
|   2|0x00000000cb200000, 0x00000000cb200000, 0x00000000cb300000|  0%| F|  |TAMS 0x00000000cb200000, 0x00000000cb200000| Untracked 
|   3|0x00000000cb300000, 0x00000000cb300000, 0x00000000cb400000|  0%| F|  |TAMS 0x00000000cb300000, 0x00000000cb300000| Untracked 
|   4|0x00000000cb400000, 0x00000000cb400000, 0x00000000cb500000|  0%| F|  |TAMS 0x00000000cb400000, 0x00000000cb400000| Untracked 
|   5|0x00000000cb500000, 0x00000000cb500000, 0x00000000cb600000|  0%| F|  |TAMS 0x00000000cb500000, 0x00000000cb500000| Untracked 
|   6|0x00000000cb600000, 0x00000000cb600000, 0x00000000cb700000|  0%| F|  |TAMS 0x00000000cb600000, 0x00000000cb600000| Untracked 
|   7|0x00000000cb700000, 0x00000000cb700000, 0x00000000cb800000|  0%| F|  |TAMS 0x00000000cb700000, 0x00000000cb700000| Untracked 
|   8|0x00000000cb800000, 0x00000000cb800000, 0x00000000cb900000|  0%| F|  |TAMS 0x00000000cb800000, 0x00000000cb800000| Untracked 
|   9|0x00000000cb900000, 0x00000000cb900000, 0x00000000cba00000|  0%| F|  |TAMS 0x00000000cb900000, 0x00000000cb900000| Untracked 
|  10|0x00000000cba00000, 0x00000000cba00000, 0x00000000cbb00000|  0%| F|  |TAMS 0x00000000cba00000, 0x00000000cba00000| Untracked 
|  11|0x00000000cbb00000, 0x00000000cbb00000, 0x00000000cbc00000|  0%| F|  |TAMS 0x00000000cbb00000, 0x00000000cbb00000| Untracked 
|  12|0x00000000cbc00000, 0x00000000cbc00000, 0x00000000cbd00000|  0%| F|  |TAMS 0x00000000cbc00000, 0x00000000cbc00000| Untracked 
|  13|0x00000000cbd00000, 0x00000000cbd00000, 0x00000000cbe00000|  0%| F|  |TAMS 0x00000000cbd00000, 0x00000000cbd00000| Untracked 
|  14|0x00000000cbe00000, 0x00000000cbe00000, 0x00000000cbf00000|  0%| F|  |TAMS 0x00000000cbe00000, 0x00000000cbe00000| Untracked 
|  15|0x00000000cbf00000, 0x00000000cbf00000, 0x00000000cc000000|  0%| F|  |TAMS 0x00000000cbf00000, 0x00000000cbf00000| Untracked 
|  16|0x00000000cc000000, 0x00000000cc000000, 0x00000000cc100000|  0%| F|  |TAMS 0x00000000cc000000, 0x00000000cc000000| Untracked 
|  17|0x00000000cc100000, 0x00000000cc100000, 0x00000000cc200000|  0%| F|  |TAMS 0x00000000cc100000, 0x00000000cc100000| Untracked 
|  18|0x00000000cc200000, 0x00000000cc200000, 0x00000000cc300000|  0%| F|  |TAMS 0x00000000cc200000, 0x00000000cc200000| Untracked 
|  19|0x00000000cc300000, 0x00000000cc300000, 0x00000000cc400000|  0%| F|  |TAMS 0x00000000cc300000, 0x00000000cc300000| Untracked 
|  20|0x00000000cc400000, 0x00000000cc400000, 0x00000000cc500000|  0%| F|  |TAMS 0x00000000cc400000, 0x00000000cc400000| Untracked 
|  21|0x00000000cc500000, 0x00000000cc500000, 0x00000000cc600000|  0%| F|  |TAMS 0x00000000cc500000, 0x00000000cc500000| Untracked 
|  22|0x00000000cc600000, 0x00000000cc600000, 0x00000000cc700000|  0%| F|  |TAMS 0x00000000cc600000, 0x00000000cc600000| Untracked 
|  23|0x00000000cc700000, 0x00000000cc700000, 0x00000000cc800000|  0%| F|  |TAMS 0x00000000cc700000, 0x00000000cc700000| Untracked 
|  24|0x00000000cc800000, 0x00000000cc800000, 0x00000000cc900000|  0%| F|  |TAMS 0x00000000cc800000, 0x00000000cc800000| Untracked 
|  25|0x00000000cc900000, 0x00000000cc900000, 0x00000000cca00000|  0%| F|  |TAMS 0x00000000cc900000, 0x00000000cc900000| Untracked 
|  26|0x00000000cca00000, 0x00000000cca00000, 0x00000000ccb00000|  0%| F|  |TAMS 0x00000000cca00000, 0x00000000cca00000| Untracked 
|  27|0x00000000ccb00000, 0x00000000ccb00000, 0x00000000ccc00000|  0%| F|  |TAMS 0x00000000ccb00000, 0x00000000ccb00000| Untracked 
|  28|0x00000000ccc00000, 0x00000000ccc00000, 0x00000000ccd00000|  0%| F|  |TAMS 0x00000000ccc00000, 0x00000000ccc00000| Untracked 
|  29|0x00000000ccd00000, 0x00000000ccd00000, 0x00000000cce00000|  0%| F|  |TAMS 0x00000000ccd00000, 0x00000000ccd00000| Untracked 
|  30|0x00000000cce00000, 0x00000000cce00000, 0x00000000ccf00000|  0%| F|  |TAMS 0x00000000cce00000, 0x00000000cce00000| Untracked 
|  31|0x00000000ccf00000, 0x00000000ccf00000, 0x00000000cd000000|  0%| F|  |TAMS 0x00000000ccf00000, 0x00000000ccf00000| Untracked 
|  32|0x00000000cd000000, 0x00000000cd000000, 0x00000000cd100000|  0%| F|  |TAMS 0x00000000cd000000, 0x00000000cd000000| Untracked 
|  33|0x00000000cd100000, 0x00000000cd100000, 0x00000000cd200000|  0%| F|  |TAMS 0x00000000cd100000, 0x00000000cd100000| Untracked 
|  34|0x00000000cd200000, 0x00000000cd200000, 0x00000000cd300000|  0%| F|  |TAMS 0x00000000cd200000, 0x00000000cd200000| Untracked 
|  35|0x00000000cd300000, 0x00000000cd300000, 0x00000000cd400000|  0%| F|  |TAMS 0x00000000cd300000, 0x00000000cd300000| Untracked 
|  36|0x00000000cd400000, 0x00000000cd400000, 0x00000000cd500000|  0%| F|  |TAMS 0x00000000cd400000, 0x00000000cd400000| Untracked 
|  37|0x00000000cd500000, 0x00000000cd500000, 0x00000000cd600000|  0%| F|  |TAMS 0x00000000cd500000, 0x00000000cd500000| Untracked 
|  38|0x00000000cd600000, 0x00000000cd600000, 0x00000000cd700000|  0%| F|  |TAMS 0x00000000cd600000, 0x00000000cd600000| Untracked 
|  39|0x00000000cd700000, 0x00000000cd700000, 0x00000000cd800000|  0%| F|  |TAMS 0x00000000cd700000, 0x00000000cd700000| Untracked 
|  40|0x00000000cd800000, 0x00000000cd800000, 0x00000000cd900000|  0%| F|  |TAMS 0x00000000cd800000, 0x00000000cd800000| Untracked 
|  41|0x00000000cd900000, 0x00000000cd900000, 0x00000000cda00000|  0%| F|  |TAMS 0x00000000cd900000, 0x00000000cd900000| Untracked 
|  42|0x00000000cda00000, 0x00000000cda00000, 0x00000000cdb00000|  0%| F|  |TAMS 0x00000000cda00000, 0x00000000cda00000| Untracked 
|  43|0x00000000cdb00000, 0x00000000cdb00000, 0x00000000cdc00000|  0%| F|  |TAMS 0x00000000cdb00000, 0x00000000cdb00000| Untracked 
|  44|0x00000000cdc00000, 0x00000000cdc00000, 0x00000000cdd00000|  0%| F|  |TAMS 0x00000000cdc00000, 0x00000000cdc00000| Untracked 
|  45|0x00000000cdd00000, 0x00000000cdd00000, 0x00000000cde00000|  0%| F|  |TAMS 0x00000000cdd00000, 0x00000000cdd00000| Untracked 
|  46|0x00000000cde00000, 0x00000000cde00000, 0x00000000cdf00000|  0%| F|  |TAMS 0x00000000cde00000, 0x00000000cde00000| Untracked 
|  47|0x00000000cdf00000, 0x00000000cdf00000, 0x00000000ce000000|  0%| F|  |TAMS 0x00000000cdf00000, 0x00000000cdf00000| Untracked 
|  48|0x00000000ce000000, 0x00000000ce000000, 0x00000000ce100000|  0%| F|  |TAMS 0x00000000ce000000, 0x00000000ce000000| Untracked 
|  49|0x00000000ce100000, 0x00000000ce100000, 0x00000000ce200000|  0%| F|  |TAMS 0x00000000ce100000, 0x00000000ce100000| Untracked 
|  50|0x00000000ce200000, 0x00000000ce200000, 0x00000000ce300000|  0%| F|  |TAMS 0x00000000ce200000, 0x00000000ce200000| Untracked 
|  51|0x00000000ce300000, 0x00000000ce36ef98, 0x00000000ce400000| 43%| E|  |TAMS 0x00000000ce300000, 0x00000000ce300000| Complete 
|  52|0x00000000ce400000, 0x00000000ce500000, 0x00000000ce500000|100%| E|  |TAMS 0x00000000ce400000, 0x00000000ce400000| Complete 
|  53|0x00000000ce500000, 0x00000000ce600000, 0x00000000ce600000|100%| E|CS|TAMS 0x00000000ce500000, 0x00000000ce500000| Complete 

Card table byte_map: [0x00007fb3fe85a000,0x00007fb3fea02000] _byte_map_base: 0x00007fb3fe202000

Marking Bits (Prev, Next): (CMBitMap*) 0x00007fb3f8055440, (CMBitMap*) 0x00007fb3f8055480
 Prev Bits: [0x00007fb3fd972000, 0x00007fb3fe6b2000)
 Next Bits: [0x00007fb3fcc32000, 0x00007fb3fd972000)

Polling page: 0x00007fb400655000

Metaspace:

Usage:
  Non-class:      7.34 MB capacity,     7.22 MB ( 98%) used,   121.84 KB (  2%) free+waste,     3.94 KB ( <1%) overhead. 
      Class:    693.00 KB capacity,   667.98 KB ( 96%) used,    23.71 KB (  3%) free+waste,     1.31 KB ( <1%) overhead. 
       Both:      8.02 MB capacity,     7.87 MB ( 98%) used,   145.55 KB (  2%) free+waste,     5.25 KB ( <1%) overhead. 

Virtual space:
  Non-class space:        8.00 MB reserved,       7.50 MB ( 94%) committed 
      Class space:        1.00 GB reserved,     768.00 KB ( <1%) committed 
             Both:        1.01 GB reserved,       8.25 MB ( <1%) committed 

Chunk freelists:
   Non-Class:  2.00 KB
       Class:  11.00 KB
        Both:  13.00 KB

MaxMetaspaceSize: 17179869184.00 GB
CompressedClassSpaceSize: 1.00 GB

CodeHeap 'non-profiled nmethods': size=120036Kb used=74Kb max_used=74Kb free=119961Kb
 bounds [0x00007fb3ed0d1000, 0x00007fb3ed341000, 0x00007fb3f460a000]
CodeHeap 'profiled nmethods': size=120032Kb used=379Kb max_used=379Kb free=119652Kb
 bounds [0x00007fb3e5b99000, 0x00007fb3e5e09000, 0x00007fb3ed0d1000]
CodeHeap 'non-nmethods': size=5692Kb used=1260Kb max_used=1274Kb free=4431Kb
 bounds [0x00007fb3e560a000, 0x00007fb3e587a000, 0x00007fb3e5b99000]
 total_blobs=855 nmethods=302 adapters=468
 compilation: enabled
              stopped_count=0, restarted_count=0
 full_count=0

Compilation events (20 events):
Event: 1.149 Thread 0x00007fb3f813c330  293       1       java.security.ProtectionDomain::getCodeSource (5 bytes)
Event: 1.149 Thread 0x00007fb3f813c330 nmethod 293 0x00007fb3ed0e3490 code [0x00007fb3ed0e3620, 0x00007fb3ed0e36d0]
Event: 1.150 Thread 0x00007fb3f813c330  294       3       java.lang.CharacterData::of (124 bytes)
Event: 1.150 Thread 0x00007fb3f813c330 nmethod 294 0x00007fb3e5bf4990 code [0x00007fb3e5bf4b80, 0x00007fb3e5bf5290]
Event: 1.151 Thread 0x00007fb3f813c330  295       1       java.net.URL::getFile (5 bytes)
Event: 1.151 Thread 0x00007fb3f813c330 nmethod 295 0x00007fb3ed0e3790 code [0x00007fb3ed0e3920, 0x00007fb3ed0e39d0]
Event: 1.152 Thread 0x00007fb3f813c330  296       3       jdk.internal.misc.Unsafe::allocateUninitializedArray (55 bytes)
Event: 1.153 Thread 0x00007fb3f813c330 nmethod 296 0x00007fb3e5bf5490 code [0x00007fb3e5bf5680, 0x00007fb3e5bf5ad0]
Event: 1.153 Thread 0x00007fb3f813c330  297       3       java.lang.StringConcatHelper::stringOf (20 bytes)
Event: 1.153 Thread 0x00007fb3f813c330 nmethod 297 0x00007fb3e5bf5c90 code [0x00007fb3e5bf5e40, 0x00007fb3e5bf6060]
Event: 1.154 Thread 0x00007fb3f813c330  298       3       java.lang.StringConcatHelper::mix (27 bytes)
Event: 1.154 Thread 0x00007fb3f813c330 nmethod 298 0x00007fb3e5bf6110 code [0x00007fb3e5bf62e0, 0x00007fb3e5bf66e0]
Event: 1.155 Thread 0x00007fb3f813c330  299       3       java.lang.StringConcatHelper::prepend (37 bytes)
Event: 1.155 Thread 0x00007fb3f813c330 nmethod 299 0x00007fb3e5bf6890 code [0x00007fb3e5bf6a60, 0x00007fb3e5bf6d10]
Event: 1.163 Thread 0x00007fb3f813c330  300       3       java.lang.Character::toLowerCase (9 bytes)
Event: 1.163 Thread 0x00007fb3f813c330 nmethod 300 0x00007fb3e5bf6e90 code [0x00007fb3e5bf7040, 0x00007fb3e5bf7210]
Event: 1.163 Thread 0x00007fb3f813c330  301       3       java.lang.String::endsWith (15 bytes)
Event: 1.164 Thread 0x00007fb3f813c330 nmethod 301 0x00007fb3e5bf7310 code [0x00007fb3e5bf74e0, 0x00007fb3e5bf7800]
Event: 1.164 Thread 0x00007fb3f813c330  302       3       java.lang.CharacterDataLatin1::toUpperCase (53 bytes)
Event: 1.165 Thread 0x00007fb3f813c330 nmethod 302 0x00007fb3e5bf7990 code [0x00007fb3e5bf7b40, 0x00007fb3e5bf7dd0]

GC Heap History (0 events):
No events

Deoptimization events (4 events):
Event: 0.490 Thread 0x00007fb3f80288b0 Uncommon trap: trap_request=0xffffff45 fr.pc=0x00007fb3ed0d5228 relative=0x00000000000001a8
Event: 0.490 Thread 0x00007fb3f80288b0 Uncommon trap: reason=unstable_if action=reinterpret pc=0x00007fb3ed0d5228 method=java.lang.String.hashCode()I @ 42 c2
Event: 0.490 Thread 0x00007fb3f80288b0 DEOPT PACKING pc=0x00007fb3ed0d5228 sp=0x00007fb3ff0ff2c0
Event: 0.490 Thread 0x00007fb3f80288b0 DEOPT UNPACKING pc=0x00007fb3e5657e25 sp=0x00007fb3ff0ff278 mode 2

Classes unloaded (0 events):
No events

Classes redefined (0 events):
No events

Internal exceptions (1 events):
Event: 0.954 Thread 0x00007fb3f80288b0 Exception <a 'sun/nio/fs/UnixException'{0x00000000ce4fc3b0}> (0x00000000ce4fc3b0) 
thrown [open/src/hotspot/share/prims/jni.cpp, line 578]

Events (20 events):
Event: 0.953 loading class sun/net/www/protocol/jar/URLJarFile$URLJarFileEntry
Event: 0.953 loading class sun/net/www/protocol/jar/URLJarFile$URLJarFileEntry done
Event: 0.953 loading class sun/net/www/protocol/jar/JarURLConnection$JarURLInputStream
Event: 0.953 loading class sun/net/www/protocol/jar/JarURLConnection$JarURLInputStream done
Event: 0.954 loading class java/nio/file/StandardCopyOption
Event: 0.954 loading class java/nio/file/StandardCopyOption done
Event: 0.954 loading class sun/nio/fs/UnixException
Event: 0.954 loading class sun/nio/fs/UnixException done
Event: 1.019 Loaded shared library /home/karmugilan/Documents/desktop/eclipse/plugins/org.eclipse.justj.openjdk.hotspot.jre.full.linux.x86_64_15.0.2.v20210201-0955/jre/lib/libnio.so
Event: 1.096 loading class java/io/DeleteOnExitHook
Event: 1.096 loading class java/io/DeleteOnExitHook done
Event: 1.096 loading class java/util/LinkedHashSet
Event: 1.096 loading class java/util/LinkedHashSet done
Event: 1.096 loading class java/io/DeleteOnExitHook$1
Event: 1.097 loading class java/io/DeleteOnExitHook$1 done
Event: 1.097 loading class java/lang/Shutdown
Event: 1.097 loading class java/lang/Shutdown done
Event: 1.097 loading class java/lang/Shutdown$Lock
Event: 1.097 loading class java/lang/Shutdown$Lock done
Event: 1.102 Loaded shared library /tmp/imgui-java-natives_1641103180507/libimgui-java64.so


Dynamic libraries:
cb000000-ce600000 rw-p 00000000 00:00 0 
ce600000-100000000 ---p 00000000 00:00 0 
100000000-1000c0000 rw-p 00000000 00:00 0 
1000c0000-140000000 ---p 00000000 00:00 0 
55bc05781000-55bc05782000 r-xp 00000000 08:05 2625428                    /home/karmugilan/Documents/desktop/eclipse/plugins/org.eclipse.justj.openjdk.hotspot.jre.full.linux.x86_64_15.0.2.v20210201-0955/jre/bin/java
55bc05783000-55bc05784000 r--p 00001000 08:05 2625428                    /home/karmugilan/Documents/desktop/eclipse/plugins/org.eclipse.justj.openjdk.hotspot.jre.full.linux.x86_64_15.0.2.v20210201-0955/jre/bin/java
55bc05784000-55bc05785000 rw-p 00002000 08:05 2625428                    /home/karmugilan/Documents/desktop/eclipse/plugins/org.eclipse.justj.openjdk.hotspot.jre.full.linux.x86_64_15.0.2.v20210201-0955/jre/bin/java
55bc05eb3000-55bc05ed4000 rw-p 00000000 00:00 0                          [heap]
7fb3a8000000-7fb3a8021000 rw-p 00000000 00:00 0 
7fb3a8021000-7fb3ac000000 ---p 00000000 00:00 0 
7fb3ac000000-7fb3ac021000 rw-p 00000000 00:00 0 
7fb3ac021000-7fb3b0000000 ---p 00000000 00:00 0 
7fb3b0000000-7fb3b0112000 rw-p 00000000 00:00 0 
7fb3b0112000-7fb3b4000000 ---p 00000000 00:00 0 
7fb3b4000000-7fb3b40af000 rw-p 00000000 00:00 0 
7fb3b40af000-7fb3b8000000 ---p 00000000 00:00 0 
7fb3b8000000-7fb3b8021000 rw-p 00000000 00:00 0 
7fb3b8021000-7fb3bc000000 ---p 00000000 00:00 0 
7fb3bc000000-7fb3bc021000 rw-p 00000000 00:00 0 
7fb3bc021000-7fb3c0000000 ---p 00000000 00:00 0 
7fb3c0000000-7fb3c0021000 rw-p 00000000 00:00 0 
7fb3c0021000-7fb3c4000000 ---p 00000000 00:00 0 
7fb3c4000000-7fb3c4021000 rw-p 00000000 00:00 0 
7fb3c4021000-7fb3c8000000 ---p 00000000 00:00 0 
7fb3c8000000-7fb3c8021000 rw-p 00000000 00:00 0 
7fb3c8021000-7fb3cc000000 ---p 00000000 00:00 0 
7fb3cc000000-7fb3cc021000 rw-p 00000000 00:00 0 
7fb3cc021000-7fb3d0000000 ---p 00000000 00:00 0 
7fb3d0000000-7fb3d0021000 rw-p 00000000 00:00 0 
7fb3d0021000-7fb3d4000000 ---p 00000000 00:00 0 
7fb3d52c2000-7fb3d535b000 r--p 00000000 00:25 128                        /tmp/imgui-java-natives_1641103180507/libimgui-java64.so
7fb3d535b000-7fb3d5734000 r-xp 00099000 00:25 128                        /tmp/imgui-java-natives_1641103180507/libimgui-java64.so
7fb3d5734000-7fb3d57b9000 r--p 00472000 00:25 128                        /tmp/imgui-java-natives_1641103180507/libimgui-java64.so
7fb3d57b9000-7fb3d57be000 r--p 004f6000 00:25 128                        /tmp/imgui-java-natives_1641103180507/libimgui-java64.so
7fb3d57be000-7fb3d57ca000 rw-p 004fb000 00:25 128                        /tmp/imgui-java-natives_1641103180507/libimgui-java64.so
7fb3d57ca000-7fb3d5ffa000 rw-p 00000000 00:00 0 
7fb3d6000000-7fb3d8000000 rw-p 00000000 00:00 0 
7fb3d8000000-7fb3d8021000 rw-p 00000000 00:00 0 
7fb3d8021000-7fb3dc000000 ---p 00000000 00:00 0 
7fb3dc000000-7fb3dc021000 rw-p 00000000 00:00 0 
7fb3dc021000-7fb3e0000000 ---p 00000000 00:00 0 
7fb3e0000000-7fb3e0021000 rw-p 00000000 00:00 0 
7fb3e0021000-7fb3e4000000 ---p 00000000 00:00 0 
7fb3e40fa000-7fb3e4193000 r--p 00000000 08:05 137431                     /usr/lib/libstdc++.so.6.0.29
7fb3e4193000-7fb3e4293000 r-xp 00099000 08:05 137431                     /usr/lib/libstdc++.so.6.0.29
7fb3e4293000-7fb3e42ff000 r--p 00199000 08:05 137431                     /usr/lib/libstdc++.so.6.0.29
7fb3e42ff000-7fb3e430c000 r--p 00204000 08:05 137431                     /usr/lib/libstdc++.so.6.0.29
7fb3e430c000-7fb3e430d000 rw-p 00211000 08:05 137431                     /usr/lib/libstdc++.so.6.0.29
7fb3e430d000-7fb3e4310000 rw-p 00000000 00:00 0 
7fb3e4311000-7fb3e4315000 ---p 00000000 00:00 0 
7fb3e4315000-7fb3e4412000 rw-p 00000000 00:00 0 
7fb3e4412000-7fb3e4413000 ---p 00000000 00:00 0 
7fb3e4413000-7fb3e4514000 rw-p 00000000 00:00 0 
7fb3e4514000-7fb3e4518000 ---p 00000000 00:00 0 
7fb3e4518000-7fb3e4615000 rw-p 00000000 00:00 0 
7fb3e4615000-7fb3e4619000 ---p 00000000 00:00 0 
7fb3e4619000-7fb3e4716000 rw-p 00000000 00:00 0 
7fb3e4716000-7fb3e471a000 ---p 00000000 00:00 0 
7fb3e471a000-7fb3e4817000 rw-p 00000000 00:00 0 
7fb3e4817000-7fb3e481b000 ---p 00000000 00:00 0 
7fb3e481b000-7fb3e4918000 rw-p 00000000 00:00 0 
7fb3e4918000-7fb3e491c000 ---p 00000000 00:00 0 
7fb3e491c000-7fb3e4a19000 rw-p 00000000 00:00 0 
7fb3e4a19000-7fb3e4a1d000 ---p 00000000 00:00 0 
7fb3e4a1d000-7fb3e4b1a000 rw-p 00000000 00:00 0 
7fb3e4b1a000-7fb3e4e02000 r--p 00000000 08:05 140811                     /usr/lib/locale/locale-archive
7fb3e4e08000-7fb3e5588000 rw-p 00000000 00:00 0 
7fb3e5588000-7fb3e5608000 ---p 00000000 00:00 0 
7fb3e560a000-7fb3e587a000 rwxp 00000000 00:00 0 
7fb3e587a000-7fb3e5b99000 ---p 00000000 00:00 0 
7fb3e5b99000-7fb3e5e09000 rwxp 00000000 00:00 0 
7fb3e5e09000-7fb3ed0d1000 ---p 00000000 00:00 0 
7fb3ed0d1000-7fb3ed341000 rwxp 00000000 00:00 0 
7fb3ed341000-7fb3f460a000 ---p 00000000 00:00 0 
7fb3f460a000-7fb3f7ffb000 r--s 00000000 08:05 2625516                    /home/karmugilan/Documents/desktop/eclipse/plugins/org.eclipse.justj.openjdk.hotspot.jre.full.linux.x86_64_15.0.2.v20210201-0955/jre/lib/modules
7fb3f8000000-7fb3f82c8000 rw-p 00000000 00:00 0 
7fb3f82c8000-7fb3fc000000 ---p 00000000 00:00 0 
7fb3fc00a000-7fb3fc00d000 r--p 00000000 08:05 137254                     /usr/lib/libgcc_s.so.1
7fb3fc00d000-7fb3fc01f000 r-xp 00003000 08:05 137254                     /usr/lib/libgcc_s.so.1
7fb3fc01f000-7fb3fc022000 r--p 00015000 08:05 137254                     /usr/lib/libgcc_s.so.1
7fb3fc022000-7fb3fc023000 ---p 00018000 08:05 137254                     /usr/lib/libgcc_s.so.1
7fb3fc023000-7fb3fc024000 r--p 00018000 08:05 137254                     /usr/lib/libgcc_s.so.1
7fb3fc024000-7fb3fc025000 rw-p 00019000 08:05 137254                     /usr/lib/libgcc_s.so.1
7fb3fc059000-7fb3fc08a000 rw-p 00000000 00:00 0 
7fb3fc08a000-7fb3fc09f000 r-xp 00000000 08:05 2625506                    /home/karmugilan/Documents/desktop/eclipse/plugins/org.eclipse.justj.openjdk.hotspot.jre.full.linux.x86_64_15.0.2.v20210201-0955/jre/lib/libnet.so
7fb3fc09f000-7fb3fc0a0000 r--p 00014000 08:05 2625506                    /home/karmugilan/Documents/desktop/eclipse/plugins/org.eclipse.justj.openjdk.hotspot.jre.full.linux.x86_64_15.0.2.v20210201-0955/jre/lib/libnet.so
7fb3fc0a0000-7fb3fc0a1000 rw-p 00015000 08:05 2625506                    /home/karmugilan/Documents/desktop/eclipse/plugins/org.eclipse.justj.openjdk.hotspot.jre.full.linux.x86_64_15.0.2.v20210201-0955/jre/lib/libnet.so
7fb3fc0a2000-7fb3fc0b4000 r-xp 00000000 08:05 2625507                    /home/karmugilan/Documents/desktop/eclipse/plugins/org.eclipse.justj.openjdk.hotspot.jre.full.linux.x86_64_15.0.2.v20210201-0955/jre/lib/libnio.so
7fb3fc0b4000-7fb3fc0b5000 r--p 00011000 08:05 2625507                    /home/karmugilan/Documents/desktop/eclipse/plugins/org.eclipse.justj.openjdk.hotspot.jre.full.linux.x86_64_15.0.2.v20210201-0955/jre/lib/libnio.so
7fb3fc0b5000-7fb3fc0b6000 rw-p 00012000 08:05 2625507                    /home/karmugilan/Documents/desktop/eclipse/plugins/org.eclipse.justj.openjdk.hotspot.jre.full.linux.x86_64_15.0.2.v20210201-0955/jre/lib/libnio.so
7fb3fc0b6000-7fb3fc0ba000 ---p 00000000 00:00 0 
7fb3fc0ba000-7fb3fc1b7000 rw-p 00000000 00:00 0 
7fb3fc1b7000-7fb3fc1bb000 ---p 00000000 00:00 0 
7fb3fc1bb000-7fb3fc2b8000 rw-p 00000000 00:00 0 
7fb3fc2b8000-7fb3fc2b9000 ---p 00000000 00:00 0 
7fb3fc2b9000-7fb3fc3ba000 rw-p 00000000 00:00 0 
7fb3fc3ba000-7fb3fc3c1000 r-xp 00000000 08:05 2625515                    /home/karmugilan/Documents/desktop/eclipse/plugins/org.eclipse.justj.openjdk.hotspot.jre.full.linux.x86_64_15.0.2.v20210201-0955/jre/lib/libzip.so
7fb3fc3c1000-7fb3fc3c2000 ---p 00007000 08:05 2625515                    /home/karmugilan/Documents/desktop/eclipse/plugins/org.eclipse.justj.openjdk.hotspot.jre.full.linux.x86_64_15.0.2.v20210201-0955/jre/lib/libzip.so
7fb3fc3c2000-7fb3fc3c3000 r--p 00007000 08:05 2625515                    /home/karmugilan/Documents/desktop/eclipse/plugins/org.eclipse.justj.openjdk.hotspot.jre.full.linux.x86_64_15.0.2.v20210201-0955/jre/lib/libzip.so
7fb3fc3c3000-7fb3fc3c4000 rw-p 00008000 08:05 2625515                    /home/karmugilan/Documents/desktop/eclipse/plugins/org.eclipse.justj.openjdk.hotspot.jre.full.linux.x86_64_15.0.2.v20210201-0955/jre/lib/libzip.so
7fb3fc3c7000-7fb3fc526000 rw-p 00000000 00:00 0 
7fb3fc526000-7fb3fc527000 ---p 00000000 00:00 0 
7fb3fc527000-7fb3fc628000 rw-p 00000000 00:00 0 
7fb3fc628000-7fb3fc629000 ---p 00000000 00:00 0 
7fb3fc629000-7fb3fc92c000 rw-p 00000000 00:00 0 
7fb3fc92c000-7fb3fc92d000 ---p 00000000 00:00 0 
7fb3fc92d000-7fb3fca2e000 rw-p 00000000 00:00 0 
7fb3fca2e000-7fb3fca2f000 ---p 00000000 00:00 0 
7fb3fca2f000-7fb3fcb30000 rw-p 00000000 00:00 0 
7fb3fcb30000-7fb3fcb31000 ---p 00000000 00:00 0 
7fb3fcb31000-7fb3fcd0a000 rw-p 00000000 00:00 0 
7fb3fcd0a000-7fb3fd972000 ---p 00000000 00:00 0 
7fb3fd972000-7fb3fda4a000 rw-p 00000000 00:00 0 
7fb3fda4a000-7fb3fe6b2000 ---p 00000000 00:00 0 
7fb3fe6b2000-7fb3fe6cd000 rw-p 00000000 00:00 0 
7fb3fe6cd000-7fb3fe85a000 ---p 00000000 00:00 0 
7fb3fe85a000-7fb3fe875000 rw-p 00000000 00:00 0 
7fb3fe875000-7fb3fea02000 ---p 00000000 00:00 0 
7fb3fea02000-7fb3fea1d000 rw-p 00000000 00:00 0 
7fb3fea1d000-7fb3febaa000 ---p 00000000 00:00 0 
7fb3febaa000-7fb3fedb1000 rw-p 00000000 00:00 0 
7fb3fedb1000-7fb3fee97000 ---p 00000000 00:00 0 
7fb3fee97000-7fb3fee9c000 rw-p 00000000 00:00 0 
7fb3fee9c000-7fb3fef82000 ---p 00000000 00:00 0 
7fb3fef82000-7fb3fefa6000 r-xp 00000000 08:05 2625493                    /home/karmugilan/Documents/desktop/eclipse/plugins/org.eclipse.justj.openjdk.hotspot.jre.full.linux.x86_64_15.0.2.v20210201-0955/jre/lib/libjava.so
7fb3fefa6000-7fb3fefa7000 ---p 00024000 08:05 2625493                    /home/karmugilan/Documents/desktop/eclipse/plugins/org.eclipse.justj.openjdk.hotspot.jre.full.linux.x86_64_15.0.2.v20210201-0955/jre/lib/libjava.so
7fb3fefa7000-7fb3fefa8000 r--p 00024000 08:05 2625493                    /home/karmugilan/Documents/desktop/eclipse/plugins/org.eclipse.justj.openjdk.hotspot.jre.full.linux.x86_64_15.0.2.v20210201-0955/jre/lib/libjava.so
7fb3fefa8000-7fb3fefa9000 rw-p 00025000 08:05 2625493                    /home/karmugilan/Documents/desktop/eclipse/plugins/org.eclipse.justj.openjdk.hotspot.jre.full.linux.x86_64_15.0.2.v20210201-0955/jre/lib/libjava.so
7fb3fefa9000-7fb3fefaa000 rw-p 00000000 00:00 0 
7fb3fefaa000-7fb3fefad000 r--p 00000000 08:05 137366                     /usr/lib/libnss_files-2.33.so
7fb3fefad000-7fb3fefb4000 r-xp 00003000 08:05 137366                     /usr/lib/libnss_files-2.33.so
7fb3fefb4000-7fb3fefb6000 r--p 0000a000 08:05 137366                     /usr/lib/libnss_files-2.33.so
7fb3fefb6000-7fb3fefb7000 r--p 0000b000 08:05 137366                     /usr/lib/libnss_files-2.33.so
7fb3fefb7000-7fb3fefb8000 rw-p 0000c000 08:05 137366                     /usr/lib/libnss_files-2.33.so
7fb3fefb8000-7fb3fefbe000 rw-p 00000000 00:00 0 
7fb3fefcd000-7fb3fefea000 rw-p 00000000 00:00 0 
7fb3fefea000-7fb3feff2000 rw-s 00000000 00:25 126                        /tmp/hsperfdata_karmugilan/2745
7fb3feff2000-7fb3feff5000 r--p 00000000 08:05 137417                     /usr/lib/librt-2.33.so
7fb3feff5000-7fb3feff9000 r-xp 00003000 08:05 137417                     /usr/lib/librt-2.33.so
7fb3feff9000-7fb3feffb000 r--p 00007000 08:05 137417                     /usr/lib/librt-2.33.so
7fb3feffb000-7fb3feffc000 r--p 00008000 08:05 137417                     /usr/lib/librt-2.33.so
7fb3feffc000-7fb3feffd000 rw-p 00009000 08:05 137417                     /usr/lib/librt-2.33.so
7fb3ff001000-7fb3ff005000 ---p 00000000 00:00 0 
7fb3ff005000-7fb3ff102000 rw-p 00000000 00:00 0 
7fb3ff102000-7fb3ff111000 r--p 00000000 08:05 137324                     /usr/lib/libm-2.33.so
7fb3ff111000-7fb3ff1ab000 r-xp 0000f000 08:05 137324                     /usr/lib/libm-2.33.so
7fb3ff1ab000-7fb3ff243000 r--p 000a9000 08:05 137324                     /usr/lib/libm-2.33.so
7fb3ff243000-7fb3ff244000 ---p 00141000 08:05 137324                     /usr/lib/libm-2.33.so
7fb3ff244000-7fb3ff245000 r--p 00141000 08:05 137324                     /usr/lib/libm-2.33.so
7fb3ff245000-7fb3ff246000 rw-p 00142000 08:05 137324                     /usr/lib/libm-2.33.so
7fb3ff24a000-7fb400291000 r-xp 00000000 08:05 2625707                    /home/karmugilan/Documents/desktop/eclipse/plugins/org.eclipse.justj.openjdk.hotspot.jre.full.linux.x86_64_15.0.2.v20210201-0955/jre/lib/server/libjvm.so
7fb400291000-7fb400292000 ---p 01047000 08:05 2625707                    /home/karmugilan/Documents/desktop/eclipse/plugins/org.eclipse.justj.openjdk.hotspot.jre.full.linux.x86_64_15.0.2.v20210201-0955/jre/lib/server/libjvm.so
7fb400292000-7fb40032c000 r--p 01047000 08:05 2625707                    /home/karmugilan/Documents/desktop/eclipse/plugins/org.eclipse.justj.openjdk.hotspot.jre.full.linux.x86_64_15.0.2.v20210201-0955/jre/lib/server/libjvm.so
7fb40032c000-7fb400363000 rw-p 010e1000 08:05 2625707                    /home/karmugilan/Documents/desktop/eclipse/plugins/org.eclipse.justj.openjdk.hotspot.jre.full.linux.x86_64_15.0.2.v20210201-0955/jre/lib/server/libjvm.so
7fb400363000-7fb4003ec000 rw-p 00000000 00:00 0 
7fb4003f2000-7fb400418000 r--p 00000000 08:05 137192                     /usr/lib/libc-2.33.so
7fb400418000-7fb400563000 r-xp 00026000 08:05 137192                     /usr/lib/libc-2.33.so
7fb400563000-7fb4005af000 r--p 00171000 08:05 137192                     /usr/lib/libc-2.33.so
7fb4005af000-7fb4005b2000 r--p 001bc000 08:05 137192                     /usr/lib/libc-2.33.so
7fb4005b2000-7fb4005b5000 rw-p 001bf000 08:05 137192                     /usr/lib/libc-2.33.so
7fb4005b5000-7fb4005be000 rw-p 00000000 00:00 0 
7fb4005c2000-7fb4005c4000 r--p 00000000 08:05 137217                     /usr/lib/libdl-2.33.so
7fb4005c4000-7fb4005c6000 r-xp 00002000 08:05 137217                     /usr/lib/libdl-2.33.so
7fb4005c6000-7fb4005c7000 r--p 00004000 08:05 137217                     /usr/lib/libdl-2.33.so
7fb4005c7000-7fb4005c8000 r--p 00004000 08:05 137217                     /usr/lib/libdl-2.33.so
7fb4005c8000-7fb4005c9000 rw-p 00005000 08:05 137217                     /usr/lib/libdl-2.33.so
7fb4005ca000-7fb4005d1000 r--p 00000000 08:05 137406                     /usr/lib/libpthread-2.33.so
7fb4005d1000-7fb4005e0000 r-xp 00007000 08:05 137406                     /usr/lib/libpthread-2.33.so
7fb4005e0000-7fb4005e4000 r--p 00016000 08:05 137406                     /usr/lib/libpthread-2.33.so
7fb4005e4000-7fb4005e5000 ---p 0001a000 08:05 137406                     /usr/lib/libpthread-2.33.so
7fb4005e5000-7fb4005e6000 r--p 0001a000 08:05 137406                     /usr/lib/libpthread-2.33.so
7fb4005e6000-7fb4005e7000 rw-p 0001b000 08:05 137406                     /usr/lib/libpthread-2.33.so
7fb4005e7000-7fb4005eb000 rw-p 00000000 00:00 0 
7fb4005f2000-7fb400601000 r-xp 00000000 08:05 2625498                    /home/karmugilan/Documents/desktop/eclipse/plugins/org.eclipse.justj.openjdk.hotspot.jre.full.linux.x86_64_15.0.2.v20210201-0955/jre/lib/libjli.so
7fb400601000-7fb400602000 r--p 0000e000 08:05 2625498                    /home/karmugilan/Documents/desktop/eclipse/plugins/org.eclipse.justj.openjdk.hotspot.jre.full.linux.x86_64_15.0.2.v20210201-0955/jre/lib/libjli.so
7fb400602000-7fb400603000 rw-p 0000f000 08:05 2625498                    /home/karmugilan/Documents/desktop/eclipse/plugins/org.eclipse.justj.openjdk.hotspot.jre.full.linux.x86_64_15.0.2.v20210201-0955/jre/lib/libjli.so
7fb40060a000-7fb40060d000 r--p 00000000 08:05 137497                     /usr/lib/libz.so.1.2.11
7fb40060d000-7fb40061b000 r-xp 00003000 08:05 137497                     /usr/lib/libz.so.1.2.11
7fb40061b000-7fb400621000 r--p 00011000 08:05 137497                     /usr/lib/libz.so.1.2.11
7fb400621000-7fb400622000 ---p 00017000 08:05 137497                     /usr/lib/libz.so.1.2.11
7fb400622000-7fb400623000 r--p 00017000 08:05 137497                     /usr/lib/libz.so.1.2.11
7fb400623000-7fb400624000 rw-p 00018000 08:05 137497                     /usr/lib/libz.so.1.2.11
7fb400626000-7fb40062b000 rw-p 00000000 00:00 0 
7fb40062b000-7fb400632000 ---p 00000000 00:00 0 
7fb400632000-7fb40064e000 r-xp 00000000 08:05 2625497                    /home/karmugilan/Documents/desktop/eclipse/plugins/org.eclipse.justj.openjdk.hotspot.jre.full.linux.x86_64_15.0.2.v20210201-0955/jre/lib/libjimage.so
7fb40064e000-7fb400650000 r--p 0001b000 08:05 2625497                    /home/karmugilan/Documents/desktop/eclipse/plugins/org.eclipse.justj.openjdk.hotspot.jre.full.linux.x86_64_15.0.2.v20210201-0955/jre/lib/libjimage.so
7fb400650000-7fb400651000 rw-p 0001d000 08:05 2625497                    /home/karmugilan/Documents/desktop/eclipse/plugins/org.eclipse.justj.openjdk.hotspot.jre.full.linux.x86_64_15.0.2.v20210201-0955/jre/lib/libjimage.so
7fb400655000-7fb400656000 ---p 00000000 00:00 0 
7fb400656000-7fb400657000 r--p 00000000 00:00 0 
7fb400657000-7fb400658000 ---p 00000000 00:00 0 
7fb400658000-7fb40065a000 rw-p 00000000 00:00 0 
7fb40065a000-7fb40065b000 r--p 00000000 08:05 137140                     /usr/lib/ld-2.33.so
7fb40065b000-7fb40067f000 r-xp 00001000 08:05 137140                     /usr/lib/ld-2.33.so
7fb40067f000-7fb400688000 r--p 00025000 08:05 137140                     /usr/lib/ld-2.33.so
7fb400688000-7fb40068a000 r--p 0002d000 08:05 137140                     /usr/lib/ld-2.33.so
7fb40068a000-7fb40068c000 rw-p 0002f000 08:05 137140                     /usr/lib/ld-2.33.so
7fb40068c000-7fb400690000 rw-p 00000000 00:00 0 
7ffe4b28b000-7ffe4b2ad000 rw-p 00000000 00:00 0                          [stack]
7ffe4b342000-7ffe4b346000 r--p 00000000 00:00 0                          [vvar]
7ffe4b346000-7ffe4b348000 r-xp 00000000 00:00 0                          [vdso]
ffffffffff600000-ffffffffff601000 --xp 00000000 00:00 0                  [vsyscall]


VM Arguments:
jvm_args: -Dfile.encoding=UTF-8 -XX:+ShowCodeDetailsInExceptionMessages 
java_command: projectbank.AccountManager
java_class_path (initial): /home/karmugilan/git/Project-Bank/ProjectBank/bin:/home/karmugilan/git/Project-Bank/ProjectBank/io.github.spair/imgui-java-app-1.85.1.jar:/home/karmugilan/git/Project-Bank/ProjectBank/io.github.spair/imgui-java-binding-1.85.1.jar:/home/karmugilan/git/Project-Bank/ProjectBank/io.github.spair/imgui-java-lwjgl3-1.85.1.jar:/home/karmugilan/git/Project-Bank/ProjectBank/io.github.spair/imgui-java-natives-linux-1.85.1.jar:/home/karmugilan/git/Project-Bank/ProjectBank/io.github.spair/imgui-java-natives-windows-1.85.1.jar:/home/karmugilan/git/Project-Bank/ProjectBank/org.lwjgl/lwjgl-3.3.0.jar:/home/karmugilan/git/Project-Bank/ProjectBank/org.lwjgl/lwjgl-3.3.0-natives-linux.jar:/home/karmugilan/git/Project-Bank/ProjectBank/org.lwjgl/lwjgl-3.3.0-natives-macos.jar:/home/karmugilan/git/Project-Bank/ProjectBank/org.lwjgl/lwjgl-3.3.0-natives-windows.jar:/home/karmugilan/git/Project-Bank/ProjectBank/org.lwjgl/lwjgl-3.3.0-sources.jar:/home/karmugilan/git/Project-Bank/ProjectBank/org.lwjgl/lwjgl-assimp-3.3.0.jar:/home/karmugilan/git/Project-Bank/ProjectBank/org.lwjgl/lwjgl-assimp-3.3.0-natives-linux.jar:/home/karmugilan/git/Project-Bank/ProjectBank/org.lwjgl/lwjgl-assimp-3.3.0-sources.jar:/home/karmugilan/git/Project-Bank/ProjectBank/org.lwjgl/lwjgl-glfw-3.3.0.jar:/home/karmugilan/git/Project-Bank/ProjectBank/org.lwjgl/lwjgl-glfw-3.3.0-natives-linux.jar:/home/karmugilan/git/Project-Bank/ProjectBank/org.lwjgl/lwjgl-glfw-3.3.0-natives-macos.jar:/home/karmugilan/git/Project-Bank/ProjectBank/org.lwjgl/lwjgl-glfw-3.3.0-natives-windows.jar:/home/karmugilan/git/Project-Bank/ProjectBank/org.lwjgl/lwjgl-glfw-3.3.0-sources.jar:/home/karmugilan/git/Project-Bank/ProjectBank/org.lwjgl/lwjgl-nfd-3.3.0.jar:/home/karmugilan/git/Project-Bank/ProjectBank/org.lwjgl/lwjgl-nfd-3.3.0-natives-linux.jar:/home/karmugilan/git/Project-Bank/ProjectBank/org.lwjgl/lwjgl-nfd-3.3.0-sources.jar:/home/karmugilan/git/Project-Bank/ProjectBank/org.lwjgl/lwjgl-openal-3.3.0.jar:/home/karmugila
Launcher Type: SUN_STANDARD

[Global flags]
     intx CICompilerCount                          = 2                                         {product} {ergonomic}
     uint ConcGCThreads                            = 1                                         {product} {ergonomic}
     uint G1ConcRefinementThreads                  = 2                                         {product} {ergonomic}
   size_t G1HeapRegionSize                         = 1048576                                   {product} {ergonomic}
    uintx GCDrainStackTargetSize                   = 64                                        {product} {ergonomic}
   size_t InitialHeapSize                          = 56623104                                  {product} {ergonomic}
   size_t MarkStackSize                            = 4194304                                   {product} {ergonomic}
   size_t MaxHeapSize                              = 889192448                                 {product} {ergonomic}
   size_t MaxNewSize                               = 532676608                                 {product} {ergonomic}
   size_t MinHeapDeltaBytes                        = 1048576                                   {product} {ergonomic}
   size_t MinHeapSize                              = 8388608                                   {product} {ergonomic}
    uintx NonNMethodCodeHeapSize                   = 5826188                                {pd product} {ergonomic}
    uintx NonProfiledCodeHeapSize                  = 122916026                              {pd product} {ergonomic}
    uintx ProfiledCodeHeapSize                     = 122916026                              {pd product} {ergonomic}
    uintx ReservedCodeCacheSize                    = 251658240                              {pd product} {ergonomic}
     bool SegmentedCodeCache                       = true                                      {product} {ergonomic}
     bool ShowCodeDetailsInExceptionMessages       = true                                   {manageable} {command line}
   size_t SoftMaxHeapSize                          = 889192448                              {manageable} {ergonomic}
     bool UseCompressedClassPointers               = true                                 {lp64_product} {ergonomic}
     bool UseCompressedOops                        = true                                 {lp64_product} {ergonomic}
     bool UseG1GC                                  = true                                      {product} {ergonomic}

Logging:
Log output configuration:
 #0: stdout all=warning uptime,level,tags
 #1: stderr all=off uptime,level,tags

Environment Variables:
PATH=/home/karmugilan/.local/bin:/usr/local/sbin:/usr/local/bin:/usr/bin:/opt/android-sdk/platform-tools:/usr/bin/site_perl:/usr/bin/vendor_perl:/usr/bin/core_perl:/var/lib/snapd/snap/bin
SHELL=/bin/bash
DISPLAY=:0
LANG=en_IN

Signal Handlers:
SIGSEGV: [libjvm.so+0xd64200], sa_mask[0]=11111111011111111101111111111110, sa_flags=SA_RESTART|SA_SIGINFO
SIGBUS: [libjvm.so+0xd64200], sa_mask[0]=11111111011111111101111111111110, sa_flags=SA_RESTART|SA_SIGINFO
SIGFPE: [libjvm.so+0xd64200], sa_mask[0]=11111111011111111101111111111110, sa_flags=SA_RESTART|SA_SIGINFO
SIGPIPE: [libjvm.so+0xb419c0], sa_mask[0]=11111111011111111101111111111110, sa_flags=SA_RESTART|SA_SIGINFO
SIGXFSZ: [libjvm.so+0xb419c0], sa_mask[0]=11111111011111111101111111111110, sa_flags=SA_RESTART|SA_SIGINFO
SIGILL: [libjvm.so+0xd64200], sa_mask[0]=11111111011111111101111111111110, sa_flags=SA_RESTART|SA_SIGINFO
SIGUSR2: [libjvm.so+0xb41860], sa_mask[0]=00100000000000000000000000000000, sa_flags=SA_RESTART|SA_SIGINFO
SIGHUP: [libjvm.so+0xb420d0], sa_mask[0]=11111111011111111101111111111110, sa_flags=SA_RESTART|SA_SIGINFO
SIGINT: [libjvm.so+0xb420d0], sa_mask[0]=11111111011111111101111111111110, sa_flags=SA_RESTART|SA_SIGINFO
SIGTERM: [libjvm.so+0xb420d0], sa_mask[0]=11111111011111111101111111111110, sa_flags=SA_RESTART|SA_SIGINFO
SIGQUIT: [libjvm.so+0xb420d0], sa_mask[0]=11111111011111111101111111111110, sa_flags=SA_RESTART|SA_SIGINFO


---------------  S Y S T E M  ---------------

OS:
DISTRIB_ID=ManjaroLinux
DISTRIB_RELEASE=21.2.0
DISTRIB_CODENAME=Qonos
DISTRIB_DESCRIPTION="Manjaro Linux"
uname: Linux 5.14.21-2-MANJARO #1 SMP PREEMPT Sun Nov 21 22:43:47 UTC 2021 x86_64
OS uptime: 0 days 0:33 hours
libc: glibc 2.33 NPTL 2.33 
rlimit (soft/hard): STACK 8192k/infinity , CORE infinity/infinity , NPROC 13505/13505 , NOFILE 524288/524288 , AS infinity/infinity , CPU infinity/infinity , DATA infinity/infinity , FSIZE infinity/infinity , MEMLOCK 64k/64k
load average: 1.32 1.15 0.97

/proc/meminfo:
MemTotal:        3472356 kB
MemFree:          156984 kB
MemAvailable:    1383476 kB
Buffers:          107520 kB
Cached:          1377588 kB
SwapCached:            0 kB
Active:           561076 kB
Inactive:        2365824 kB
Active(anon):      16008 kB
Inactive(anon):  1530852 kB
Active(file):     545068 kB
Inactive(file):   834972 kB
Unevictable:         144 kB
Mlocked:             144 kB
SwapTotal:       1023996 kB
SwapFree:        1023996 kB
Dirty:               280 kB
Writeback:             0 kB
AnonPages:       1441984 kB
Mapped:           474468 kB
Shmem:            105056 kB
KReclaimable:      94892 kB
Slab:             155244 kB
SReclaimable:      94892 kB
SUnreclaim:        60352 kB
KernelStack:        7616 kB
PageTables:        18572 kB
NFS_Unstable:          0 kB
Bounce:                0 kB
WritebackTmp:          0 kB
CommitLimit:     2760172 kB
Committed_AS:    5760872 kB
VmallocTotal:   34359738367 kB
VmallocUsed:       35204 kB
VmallocChunk:          0 kB
Percpu:             2576 kB
HardwareCorrupted:     0 kB
AnonHugePages:         0 kB
ShmemHugePages:        0 kB
ShmemPmdMapped:        0 kB
FileHugePages:         0 kB
FilePmdMapped:         0 kB
CmaTotal:              0 kB
CmaFree:               0 kB
HugePages_Total:       0
HugePages_Free:        0
HugePages_Rsvd:        0
HugePages_Surp:        0
Hugepagesize:       2048 kB
Hugetlb:               0 kB
DirectMap4k:      296704 kB
DirectMap2M:     3340288 kB
DirectMap1G:           0 kB

/sys/kernel/mm/transparent_hugepage/enabled: always [madvise] never
/sys/kernel/mm/transparent_hugepage/defrag (defrag/compaction efforts parameter): always defer defer+madvise [madvise] never

/proc/sys/kernel/threads-max (system-wide limit on the number of threads): 27010
/proc/sys/vm/max_map_count (maximum number of memory map areas a process may have): 65530
/proc/sys/kernel/pid_max (system-wide limit on number of process identifiers): 4194304

container (cgroup) information:
container_type: cgroupv2
cpu_cpuset_cpus: not supported
cpu_memory_nodes: not supported
active_processor_count: 2
cpu_quota: not supported
cpu_period: not supported
cpu_shares: not supported
memory_limit_in_bytes: unlimited
memory_and_swap_limit_in_bytes: unlimited
memory_soft_limit_in_bytes: unlimited
memory_usage_in_bytes: 1110192128
memory_max_usage_in_bytes: not supported

Steal ticks since vm start: 0
Steal ticks percentage since vm start:  0.000

CPU: total 2 (initial active 2) (2 cores per cpu, 1 threads per core) family 21 model 112 stepping 0 microcode 0x6006705, cmov, cx8, fxsr, mmx, sse, sse2, sse3, ssse3, sse4.1, sse4.2, popcnt, vzeroupper, avx, avx2, aes, clmul, 3dnowpref, lzcnt, sse4a, tsc, tscinvbit, tscinv, bmi1, bmi2, fma, clflush
CPU Model and flags from /proc/cpuinfo:
model name	: AMD PRO A4-4350B R4, 5 COMPUTE CORES 2C+3G
flags		: fpu vme de pse tsc msr pae mce cx8 apic sep mtrr pge mca cmov pat pse36 clflush mmx fxsr sse sse2 ht syscall nx mmxext fxsr_opt pdpe1gb rdtscp lm constant_tsc rep_good acc_power nopl nonstop_tsc cpuid extd_apicid aperfmperf pni pclmulqdq monitor ssse3 fma cx16 sse4_1 sse4_2 movbe popcnt aes xsave avx f16c lahf_lm cmp_legacy svm extapic cr8_legacy abm sse4a misalignsse 3dnowprefetch osvw ibs xop skinit wdt lwp fma4 tce nodeid_msr tbm perfctr_core perfctr_nb bpext ptsc mwaitx cpb hw_pstate ssbd ibpb vmmcall fsgsbase bmi1 avx2 smep bmi2 xsaveopt arat npt lbrv svm_lock nrip_save tsc_scale vmcb_clean flushbyasid decodeassists pausefilter pfthreshold avic v_vmsave_vmload vgif overflow_recov

Online cpus: 0-1
Offline cpus: 2-3
BIOS frequency limitation: 2500000
Frequency switch latency (ns): 4000
Available cpu frequencies: 2500000 2300000 2100000 1900000 1600000 1300000 
Current governor: schedutil
Core performance/turbo boost: 1

Memory: 4k page, physical 3472356k(156984k free), swap 1023996k(1023996k free)

vm_info: OpenJDK 64-Bit Server VM (15.0.2+7-27) for linux-amd64 JRE (15.0.2+7-27), built on Dec  7 2020 19:54:59 by "mach5one" with gcc 9.2.0

END.
