#
# A fatal error has been detected by the Java Runtime Environment:
#
#  EXCEPTION_ACCESS_VIOLATION (0xc0000005) at pc=0x00007ffc76a3c160, pid=7160, tid=7564
#
# JRE version: OpenJDK Runtime Environment (16.0.2+7) (build 16.0.2+7-67)
# Java VM: OpenJDK 64-Bit Server VM (16.0.2+7-67, mixed mode, tiered, compressed oops, compressed class ptrs, g1 gc, windows-amd64)
# Problematic frame:
# V  [jvm.dll+0xc160]
#
# No core dump will be written. Minidumps are not enabled by default on client versions of Windows
#
# If you would like to submit a bug report, please visit:
#   https://bugreport.java.com/bugreport/crash.jsp
#

---------------  S U M M A R Y ------------

Command Line: -Dfile.encoding=Cp1252 -XX:+ShowCodeDetailsInExceptionMessages projectbank.Main

Host: AMD Ryzen 5 4600H with Radeon Graphics         , 12 cores, 7G,  Windows 10 , 64 bit Build 19041 (10.0.19041.1348)
Time: Mon Jan  3 13:12:18 2022 India Standard Time elapsed time: 2.512474 seconds (0d 0h 0m 2s)

---------------  T H R E A D  ---------------

Current thread (0x000001b907c613a0):  JavaThread "main" [_thread_in_vm, id=7564, stack(0x00000045aeb00000,0x00000045aec00000)]

Stack: [0x00000045aeb00000,0x00000045aec00000],  sp=0x00000045aebff058,  free space=1020k
Native frames: (J=compiled Java code, j=interpreted, Vv=VM code, C=native code)
V  [jvm.dll+0xc160]

Java frames: (J=compiled Java code, j=interpreted, Vv=VM code)
j  imgui.ImGui.text(Ljava/lang/String;)V+0
j  projectbank.Main.createAccount()V+123
j  projectbank.Main.process()V+25
j  imgui.app.Window.runFrame()V+9
j  imgui.app.Window.run()V+11
j  imgui.app.Application.launch(Limgui/app/Application;)V+9
j  projectbank.Main.main([Ljava/lang/String;)V+9
v  ~StubRoutines::call_stub

siginfo: EXCEPTION_ACCESS_VIOLATION (0xc0000005), reading address 0x0000000000000000


Register to memory mapping:

RIP=0x00007ffc76a3c160 jvm.dll
RAX=0x0 is NULL
RBX=0x000001b907c613a0 is a thread
RCX=0x0 is NULL
RDX=0x0 is NULL
RSP=0x00000045aebff058 is pointing into the stack for thread: 0x000001b907c613a0
RBP=0x00000045aebff1a0 is pointing into the stack for thread: 0x000001b907c613a0
RSI=0x0 is NULL
RDI=0x0 is NULL
R8 =0x0 is NULL
R9 =0x00000000000000cb is an unknown value
R10=0x000001b90c9bdc73 is at code_begin+979 in an Interpreter codelet
method entry point (kind = native)  [0x000001b90c9bd8a0, 0x000001b90c9be280]  2528 bytes
R11=0x00000000903fc038 is an oop: java.lang.Class 
{0x00000000903fc038} - klass: 'java/lang/Class'
R12=0x000001b907c616b0 points into unknown readable memory: 0x000001b9270aa890 | 90 a8 0a 27 b9 01 00 00
R13=0x0 is NULL
R14=0x0 is NULL
R15=0x000001b907c613a0 is a thread


Registers:
RAX=0x0000000000000000, RBX=0x000001b907c613a0, RCX=0x0000000000000000, RDX=0x0000000000000000
RSP=0x00000045aebff058, RBP=0x00000045aebff1a0, RSI=0x0000000000000000, RDI=0x0000000000000000
R8 =0x0000000000000000, R9 =0x00000000000000cb, R10=0x000001b90c9bdc73, R11=0x00000000903fc038
R12=0x000001b907c616b0, R13=0x0000000000000000, R14=0x0000000000000000, R15=0x000001b907c613a0
RIP=0x00007ffc76a3c160, EFLAGS=0x0000000000010246

Top of Stack: (sp=0x00000045aebff058)
0x00000045aebff058:   00007ffc76e0c308 0000000000000000
0x00000045aebff068:   00000045aebff0e0 00000045aebff1c0
0x00000045aebff078:   00007ffc7704fbc4 000001b907c613a0
0x00000045aebff088:   0000000000000000 0000000000000000
0x00000045aebff098:   00000045aebff1c0 000001b907c613a0
0x00000045aebff0a8:   0000000000000000 000001b90c9b94f8
0x00000045aebff0b8:   00007ffc770490c9 3ff0000000000000
0x00000045aebff0c8:   000001b907c613a0 000001b907c613a0
0x00000045aebff0d8:   0000000000000158 000001b92526a930
0x00000045aebff0e8:   0000000064a83d1e 00000045aebff1a0
0x00000045aebff0f8:   000001b90c9b94f8 00000045aebff1c0
0x00000045aebff108:   00007ffc76da5e59 000001b92526a930
0x00000045aebff118:   0000000000000000 000001b92526a930
0x00000045aebff128:   000001b90c9bdca2 000001b90c9b94f8
0x00000045aebff138:   00000000000000b4 000001b9243020d8
0x00000045aebff148:   0000000000000158 0000000090975400 

Instructions: (pc=0x00007ffc76a3c160)
0x00007ffc76a3c060:   bc cf a5 00 48 83 c4 20 5b 48 ff e0 48 8d 05 ed
0x00007ffc76a3c070:   00 00 00 48 8b cb 48 89 05 a3 cf a5 00 48 83 c4
0x00007ffc76a3c080:   20 5b 48 ff e0 48 8d 05 d4 00 00 00 48 8b cb 48
0x00007ffc76a3c090:   89 05 8a cf a5 00 48 83 c4 20 5b 48 ff e0 48 8b
0x00007ffc76a3c0a0:   0d 1b b0 ab 00 8b 51 10 83 ea 01 0f 84 8b 00 00
0x00007ffc76a3c0b0:   00 83 ea 01 74 6d 83 ea 01 74 4f 83 fa 01 74 31
0x00007ffc76a3c0c0:   4c 8d 05 81 ba 81 00 ba e8 00 00 00 48 8d 0d ad
0x00007ffc76a3c0d0:   ba 81 00 e8 58 68 23 00 e8 63 bc 65 00 33 c0 48
0x00007ffc76a3c0e0:   8b cb 48 89 05 37 cf a5 00 48 83 c4 20 5b 48 ff
0x00007ffc76a3c0f0:   e0 48 8d 05 78 00 00 00 48 8b cb 48 89 05 1e cf
0x00007ffc76a3c100:   a5 00 48 83 c4 20 5b 48 ff e0 48 8d 05 4f 00 00
0x00007ffc76a3c110:   00 48 8b cb 48 89 05 05 cf a5 00 48 83 c4 20 5b
0x00007ffc76a3c120:   48 ff e0 48 8d 05 36 00 00 00 48 8b cb 48 89 05
0x00007ffc76a3c130:   ec ce a5 00 48 83 c4 20 5b 48 ff e0 48 8d 05 1d
0x00007ffc76a3c140:   00 00 00 48 8b cb 48 89 05 d3 ce a5 00 48 83 c4
0x00007ffc76a3c150:   20 5b 48 ff e0 cc cc cc cc cc cc cc cc cc cc cc
0x00007ffc76a3c160:   48 8b 01 c3 cc cc cc cc cc cc cc cc cc cc cc cc
0x00007ffc76a3c170:   48 89 5c 24 08 57 48 83 ec 20 48 8b 39 48 8b d9
0x00007ffc76a3c180:   48 85 3d a1 7c b0 00 75 0e 48 8b c7 48 8b 5c 24
0x00007ffc76a3c190:   30 48 83 c4 20 5f c3 48 8b cf e8 41 f1 7e 00 48
0x00007ffc76a3c1a0:   8b d0 48 85 c0 74 20 48 8b c7 f0 48 0f b1 13 74
0x00007ffc76a3c1b0:   16 48 85 05 70 7c b0 00 74 0d 48 8b c8 f0 48 0f
0x00007ffc76a3c1c0:   b1 13 48 3b c1 75 ea 48 8b 5c 24 30 48 8b c2 48
0x00007ffc76a3c1d0:   83 c4 20 5f c3 cc cc cc cc cc cc cc cc cc cc cc
0x00007ffc76a3c1e0:   8b 44 24 30 45 03 c9 44 2b 4c 24 28 83 c0 0b 44
0x00007ffc76a3c1f0:   03 ca 45 03 c8 41 03 c1 c3 cc cc cc cc cc cc cc
0x00007ffc76a3c200:   48 8b 41 08 0f b7 48 32 0f b7 40 30 83 c0 48 03
0x00007ffc76a3c210:   c1 c3 cc cc cc cc cc cc cc cc cc cc cc cc cc cc
0x00007ffc76a3c220:   48 89 5c 24 08 57 48 83 ec 20 0f b6 05 ff 83 b0
0x00007ffc76a3c230:   00 48 8b fa 48 8b d9 84 c0 74 4f 48 85 15 e6 7b
0x00007ffc76a3c240:   b0 00 74 38 48 8b ca e8 f4 f6 7e 00 48 8b d0 48
0x00007ffc76a3c250:   85 db 74 25 48 85 c0 74 20 48 8b c7 f0 48 0f b1 


Stack slot to memory mapping:
stack at sp + 0 slots: 0x00007ffc76e0c308 jvm.dll
stack at sp + 1 slots: 0x0 is NULL
stack at sp + 2 slots: 0x00000045aebff0e0 is pointing into the stack for thread: 0x000001b907c613a0
stack at sp + 3 slots: 0x00000045aebff1c0 is pointing into the stack for thread: 0x000001b907c613a0
stack at sp + 4 slots: 0x00007ffc7704fbc4 jvm.dll
stack at sp + 5 slots: 0x000001b907c613a0 is a thread
stack at sp + 6 slots: 0x0 is NULL
stack at sp + 7 slots: 0x0 is NULL


---------------  P R O C E S S  ---------------

Threads class SMR info:
_java_thread_list=0x000001b92456a590, length=12, elements={
0x000001b907c613a0, 0x000001b9239b6010, 0x000001b9239b6cd0, 0x000001b9239e95b0,
0x000001b9239ebfd0, 0x000001b9239ec9d0, 0x000001b9244014a0, 0x000001b92441a010,
0x000001b92441ae00, 0x000001b92442b350, 0x000001b924594490, 0x000001b9245acce0
}

Java Threads: ( => current thread )
=>0x000001b907c613a0 JavaThread "main" [_thread_in_vm, id=7564, stack(0x00000045aeb00000,0x00000045aec00000)]
  0x000001b9239b6010 JavaThread "Reference Handler" daemon [_thread_blocked, id=3152, stack(0x00000045af200000,0x00000045af300000)]
  0x000001b9239b6cd0 JavaThread "Finalizer" daemon [_thread_blocked, id=8304, stack(0x00000045af300000,0x00000045af400000)]
  0x000001b9239e95b0 JavaThread "Signal Dispatcher" daemon [_thread_blocked, id=13524, stack(0x00000045af400000,0x00000045af500000)]
  0x000001b9239ebfd0 JavaThread "Attach Listener" daemon [_thread_blocked, id=6400, stack(0x00000045af500000,0x00000045af600000)]
  0x000001b9239ec9d0 JavaThread "Service Thread" daemon [_thread_blocked, id=15280, stack(0x00000045af600000,0x00000045af700000)]
  0x000001b9244014a0 JavaThread "Monitor Deflation Thread" daemon [_thread_blocked, id=12908, stack(0x00000045af700000,0x00000045af800000)]
  0x000001b92441a010 JavaThread "C2 CompilerThread0" daemon [_thread_blocked, id=8804, stack(0x00000045af800000,0x00000045af900000)]
  0x000001b92441ae00 JavaThread "C1 CompilerThread0" daemon [_thread_blocked, id=12188, stack(0x00000045af900000,0x00000045afa00000)]
  0x000001b92442b350 JavaThread "Sweeper thread" daemon [_thread_blocked, id=14680, stack(0x00000045afa00000,0x00000045afb00000)]
  0x000001b924594490 JavaThread "Notification Thread" daemon [_thread_blocked, id=16268, stack(0x00000045afb00000,0x00000045afc00000)]
  0x000001b9245acce0 JavaThread "Common-Cleaner" daemon [_thread_blocked, id=13528, stack(0x00000045afd00000,0x00000045afe00000)]

Other Threads:
  0x000001b92399daf0 VMThread "VM Thread" [stack: 0x00000045af100000,0x00000045af200000] [id=7144]
  0x000001b9245989c0 WatcherThread [stack: 0x00000045afc00000,0x00000045afd00000] [id=3360]
  0x000001b907c9a7e0 GCTaskThread "GC Thread#0" [stack: 0x00000045aec00000,0x00000045aed00000] [id=3476]
  0x000001b907cabe50 ConcurrentGCThread "G1 Main Marker" [stack: 0x00000045aed00000,0x00000045aee00000] [id=14012]
  0x000001b907cac940 ConcurrentGCThread "G1 Conc#0" [stack: 0x00000045aee00000,0x00000045aef00000] [id=8960]
  0x000001b907d2f0f0 ConcurrentGCThread "G1 Refine#0" [stack: 0x00000045aef00000,0x00000045af000000] [id=1276]
  0x000001b907d2fb70 ConcurrentGCThread "G1 Service" [stack: 0x00000045af000000,0x00000045af100000] [id=11436]

Threads with active compile tasks:

VM state: not at safepoint (normal execution)

VM Mutex/Monitor currently owned by a thread: None

Heap address: 0x0000000089400000, size: 1900 MB, Compressed Oops mode: 32-bit

CDS disabled.
Compressed class space mapped at: 0x0000000100000000-0x0000000140000000, reserved size: 1073741824
Narrow klass base: 0x0000000000000000, Narrow klass shift: 3, Narrow klass range: 0x140000000

GC Precious Log:
 CPUs: 12 total, 12 available
 Memory: 7599M
 Large Page Support: Disabled
 NUMA Support: Disabled
 Compressed Oops: Enabled (32-bit)
 Heap Region Size: 1M
 Heap Min Capacity: 8M
 Heap Initial Capacity: 120M
 Heap Max Capacity: 1900M
 Pre-touch: Disabled
 Parallel Workers: 10
 Concurrent Workers: 3
 Concurrent Refinement Workers: 10
 Periodic GC: Disabled

Heap:
 garbage-first heap   total 122880K, used 10240K [0x0000000089400000, 0x0000000100000000)
  region size 1024K, 11 young (11264K), 0 survivors (0K)
 Metaspace       used 11240K, committed 11392K, reserved 1064960K
  class space    used 833K, committed 896K, reserved 1048576K

Heap Regions: E=young(eden), S=young(survivor), O=old, HS=humongous(starts), HC=humongous(continues), CS=collection set, F=free, OA=open archive, CA=closed archive, TAMS=top-at-mark-start (previous, next)
|   0|0x0000000089400000, 0x0000000089400000, 0x0000000089500000|  0%| F|  |TAMS 0x0000000089400000, 0x0000000089400000| Untracked 
|   1|0x0000000089500000, 0x0000000089500000, 0x0000000089600000|  0%| F|  |TAMS 0x0000000089500000, 0x0000000089500000| Untracked 
|   2|0x0000000089600000, 0x0000000089600000, 0x0000000089700000|  0%| F|  |TAMS 0x0000000089600000, 0x0000000089600000| Untracked 
|   3|0x0000000089700000, 0x0000000089700000, 0x0000000089800000|  0%| F|  |TAMS 0x0000000089700000, 0x0000000089700000| Untracked 
|   4|0x0000000089800000, 0x0000000089800000, 0x0000000089900000|  0%| F|  |TAMS 0x0000000089800000, 0x0000000089800000| Untracked 
|   5|0x0000000089900000, 0x0000000089900000, 0x0000000089a00000|  0%| F|  |TAMS 0x0000000089900000, 0x0000000089900000| Untracked 
|   6|0x0000000089a00000, 0x0000000089a00000, 0x0000000089b00000|  0%| F|  |TAMS 0x0000000089a00000, 0x0000000089a00000| Untracked 
|   7|0x0000000089b00000, 0x0000000089b00000, 0x0000000089c00000|  0%| F|  |TAMS 0x0000000089b00000, 0x0000000089b00000| Untracked 
|   8|0x0000000089c00000, 0x0000000089c00000, 0x0000000089d00000|  0%| F|  |TAMS 0x0000000089c00000, 0x0000000089c00000| Untracked 
|   9|0x0000000089d00000, 0x0000000089d00000, 0x0000000089e00000|  0%| F|  |TAMS 0x0000000089d00000, 0x0000000089d00000| Untracked 
|  10|0x0000000089e00000, 0x0000000089e00000, 0x0000000089f00000|  0%| F|  |TAMS 0x0000000089e00000, 0x0000000089e00000| Untracked 
|  11|0x0000000089f00000, 0x0000000089f00000, 0x000000008a000000|  0%| F|  |TAMS 0x0000000089f00000, 0x0000000089f00000| Untracked 
|  12|0x000000008a000000, 0x000000008a000000, 0x000000008a100000|  0%| F|  |TAMS 0x000000008a000000, 0x000000008a000000| Untracked 
|  13|0x000000008a100000, 0x000000008a100000, 0x000000008a200000|  0%| F|  |TAMS 0x000000008a100000, 0x000000008a100000| Untracked 
|  14|0x000000008a200000, 0x000000008a200000, 0x000000008a300000|  0%| F|  |TAMS 0x000000008a200000, 0x000000008a200000| Untracked 
|  15|0x000000008a300000, 0x000000008a300000, 0x000000008a400000|  0%| F|  |TAMS 0x000000008a300000, 0x000000008a300000| Untracked 
|  16|0x000000008a400000, 0x000000008a400000, 0x000000008a500000|  0%| F|  |TAMS 0x000000008a400000, 0x000000008a400000| Untracked 
|  17|0x000000008a500000, 0x000000008a500000, 0x000000008a600000|  0%| F|  |TAMS 0x000000008a500000, 0x000000008a500000| Untracked 
|  18|0x000000008a600000, 0x000000008a600000, 0x000000008a700000|  0%| F|  |TAMS 0x000000008a600000, 0x000000008a600000| Untracked 
|  19|0x000000008a700000, 0x000000008a700000, 0x000000008a800000|  0%| F|  |TAMS 0x000000008a700000, 0x000000008a700000| Untracked 
|  20|0x000000008a800000, 0x000000008a800000, 0x000000008a900000|  0%| F|  |TAMS 0x000000008a800000, 0x000000008a800000| Untracked 
|  21|0x000000008a900000, 0x000000008a900000, 0x000000008aa00000|  0%| F|  |TAMS 0x000000008a900000, 0x000000008a900000| Untracked 
|  22|0x000000008aa00000, 0x000000008aa00000, 0x000000008ab00000|  0%| F|  |TAMS 0x000000008aa00000, 0x000000008aa00000| Untracked 
|  23|0x000000008ab00000, 0x000000008ab00000, 0x000000008ac00000|  0%| F|  |TAMS 0x000000008ab00000, 0x000000008ab00000| Untracked 
|  24|0x000000008ac00000, 0x000000008ac00000, 0x000000008ad00000|  0%| F|  |TAMS 0x000000008ac00000, 0x000000008ac00000| Untracked 
|  25|0x000000008ad00000, 0x000000008ad00000, 0x000000008ae00000|  0%| F|  |TAMS 0x000000008ad00000, 0x000000008ad00000| Untracked 
|  26|0x000000008ae00000, 0x000000008ae00000, 0x000000008af00000|  0%| F|  |TAMS 0x000000008ae00000, 0x000000008ae00000| Untracked 
|  27|0x000000008af00000, 0x000000008af00000, 0x000000008b000000|  0%| F|  |TAMS 0x000000008af00000, 0x000000008af00000| Untracked 
|  28|0x000000008b000000, 0x000000008b000000, 0x000000008b100000|  0%| F|  |TAMS 0x000000008b000000, 0x000000008b000000| Untracked 
|  29|0x000000008b100000, 0x000000008b100000, 0x000000008b200000|  0%| F|  |TAMS 0x000000008b100000, 0x000000008b100000| Untracked 
|  30|0x000000008b200000, 0x000000008b200000, 0x000000008b300000|  0%| F|  |TAMS 0x000000008b200000, 0x000000008b200000| Untracked 
|  31|0x000000008b300000, 0x000000008b300000, 0x000000008b400000|  0%| F|  |TAMS 0x000000008b300000, 0x000000008b300000| Untracked 
|  32|0x000000008b400000, 0x000000008b400000, 0x000000008b500000|  0%| F|  |TAMS 0x000000008b400000, 0x000000008b400000| Untracked 
|  33|0x000000008b500000, 0x000000008b500000, 0x000000008b600000|  0%| F|  |TAMS 0x000000008b500000, 0x000000008b500000| Untracked 
|  34|0x000000008b600000, 0x000000008b600000, 0x000000008b700000|  0%| F|  |TAMS 0x000000008b600000, 0x000000008b600000| Untracked 
|  35|0x000000008b700000, 0x000000008b700000, 0x000000008b800000|  0%| F|  |TAMS 0x000000008b700000, 0x000000008b700000| Untracked 
|  36|0x000000008b800000, 0x000000008b800000, 0x000000008b900000|  0%| F|  |TAMS 0x000000008b800000, 0x000000008b800000| Untracked 
|  37|0x000000008b900000, 0x000000008b900000, 0x000000008ba00000|  0%| F|  |TAMS 0x000000008b900000, 0x000000008b900000| Untracked 
|  38|0x000000008ba00000, 0x000000008ba00000, 0x000000008bb00000|  0%| F|  |TAMS 0x000000008ba00000, 0x000000008ba00000| Untracked 
|  39|0x000000008bb00000, 0x000000008bb00000, 0x000000008bc00000|  0%| F|  |TAMS 0x000000008bb00000, 0x000000008bb00000| Untracked 
|  40|0x000000008bc00000, 0x000000008bc00000, 0x000000008bd00000|  0%| F|  |TAMS 0x000000008bc00000, 0x000000008bc00000| Untracked 
|  41|0x000000008bd00000, 0x000000008bd00000, 0x000000008be00000|  0%| F|  |TAMS 0x000000008bd00000, 0x000000008bd00000| Untracked 
|  42|0x000000008be00000, 0x000000008be00000, 0x000000008bf00000|  0%| F|  |TAMS 0x000000008be00000, 0x000000008be00000| Untracked 
|  43|0x000000008bf00000, 0x000000008bf00000, 0x000000008c000000|  0%| F|  |TAMS 0x000000008bf00000, 0x000000008bf00000| Untracked 
|  44|0x000000008c000000, 0x000000008c000000, 0x000000008c100000|  0%| F|  |TAMS 0x000000008c000000, 0x000000008c000000| Untracked 
|  45|0x000000008c100000, 0x000000008c100000, 0x000000008c200000|  0%| F|  |TAMS 0x000000008c100000, 0x000000008c100000| Untracked 
|  46|0x000000008c200000, 0x000000008c200000, 0x000000008c300000|  0%| F|  |TAMS 0x000000008c200000, 0x000000008c200000| Untracked 
|  47|0x000000008c300000, 0x000000008c300000, 0x000000008c400000|  0%| F|  |TAMS 0x000000008c300000, 0x000000008c300000| Untracked 
|  48|0x000000008c400000, 0x000000008c400000, 0x000000008c500000|  0%| F|  |TAMS 0x000000008c400000, 0x000000008c400000| Untracked 
|  49|0x000000008c500000, 0x000000008c500000, 0x000000008c600000|  0%| F|  |TAMS 0x000000008c500000, 0x000000008c500000| Untracked 
|  50|0x000000008c600000, 0x000000008c600000, 0x000000008c700000|  0%| F|  |TAMS 0x000000008c600000, 0x000000008c600000| Untracked 
|  51|0x000000008c700000, 0x000000008c700000, 0x000000008c800000|  0%| F|  |TAMS 0x000000008c700000, 0x000000008c700000| Untracked 
|  52|0x000000008c800000, 0x000000008c800000, 0x000000008c900000|  0%| F|  |TAMS 0x000000008c800000, 0x000000008c800000| Untracked 
|  53|0x000000008c900000, 0x000000008c900000, 0x000000008ca00000|  0%| F|  |TAMS 0x000000008c900000, 0x000000008c900000| Untracked 
|  54|0x000000008ca00000, 0x000000008ca00000, 0x000000008cb00000|  0%| F|  |TAMS 0x000000008ca00000, 0x000000008ca00000| Untracked 
|  55|0x000000008cb00000, 0x000000008cb00000, 0x000000008cc00000|  0%| F|  |TAMS 0x000000008cb00000, 0x000000008cb00000| Untracked 
|  56|0x000000008cc00000, 0x000000008cc00000, 0x000000008cd00000|  0%| F|  |TAMS 0x000000008cc00000, 0x000000008cc00000| Untracked 
|  57|0x000000008cd00000, 0x000000008cd00000, 0x000000008ce00000|  0%| F|  |TAMS 0x000000008cd00000, 0x000000008cd00000| Untracked 
|  58|0x000000008ce00000, 0x000000008ce00000, 0x000000008cf00000|  0%| F|  |TAMS 0x000000008ce00000, 0x000000008ce00000| Untracked 
|  59|0x000000008cf00000, 0x000000008cf00000, 0x000000008d000000|  0%| F|  |TAMS 0x000000008cf00000, 0x000000008cf00000| Untracked 
|  60|0x000000008d000000, 0x000000008d000000, 0x000000008d100000|  0%| F|  |TAMS 0x000000008d000000, 0x000000008d000000| Untracked 
|  61|0x000000008d100000, 0x000000008d100000, 0x000000008d200000|  0%| F|  |TAMS 0x000000008d100000, 0x000000008d100000| Untracked 
|  62|0x000000008d200000, 0x000000008d200000, 0x000000008d300000|  0%| F|  |TAMS 0x000000008d200000, 0x000000008d200000| Untracked 
|  63|0x000000008d300000, 0x000000008d300000, 0x000000008d400000|  0%| F|  |TAMS 0x000000008d300000, 0x000000008d300000| Untracked 
|  64|0x000000008d400000, 0x000000008d400000, 0x000000008d500000|  0%| F|  |TAMS 0x000000008d400000, 0x000000008d400000| Untracked 
|  65|0x000000008d500000, 0x000000008d500000, 0x000000008d600000|  0%| F|  |TAMS 0x000000008d500000, 0x000000008d500000| Untracked 
|  66|0x000000008d600000, 0x000000008d600000, 0x000000008d700000|  0%| F|  |TAMS 0x000000008d600000, 0x000000008d600000| Untracked 
|  67|0x000000008d700000, 0x000000008d700000, 0x000000008d800000|  0%| F|  |TAMS 0x000000008d700000, 0x000000008d700000| Untracked 
|  68|0x000000008d800000, 0x000000008d800000, 0x000000008d900000|  0%| F|  |TAMS 0x000000008d800000, 0x000000008d800000| Untracked 
|  69|0x000000008d900000, 0x000000008d900000, 0x000000008da00000|  0%| F|  |TAMS 0x000000008d900000, 0x000000008d900000| Untracked 
|  70|0x000000008da00000, 0x000000008da00000, 0x000000008db00000|  0%| F|  |TAMS 0x000000008da00000, 0x000000008da00000| Untracked 
|  71|0x000000008db00000, 0x000000008db00000, 0x000000008dc00000|  0%| F|  |TAMS 0x000000008db00000, 0x000000008db00000| Untracked 
|  72|0x000000008dc00000, 0x000000008dc00000, 0x000000008dd00000|  0%| F|  |TAMS 0x000000008dc00000, 0x000000008dc00000| Untracked 
|  73|0x000000008dd00000, 0x000000008dd00000, 0x000000008de00000|  0%| F|  |TAMS 0x000000008dd00000, 0x000000008dd00000| Untracked 
|  74|0x000000008de00000, 0x000000008de00000, 0x000000008df00000|  0%| F|  |TAMS 0x000000008de00000, 0x000000008de00000| Untracked 
|  75|0x000000008df00000, 0x000000008df00000, 0x000000008e000000|  0%| F|  |TAMS 0x000000008df00000, 0x000000008df00000| Untracked 
|  76|0x000000008e000000, 0x000000008e000000, 0x000000008e100000|  0%| F|  |TAMS 0x000000008e000000, 0x000000008e000000| Untracked 
|  77|0x000000008e100000, 0x000000008e100000, 0x000000008e200000|  0%| F|  |TAMS 0x000000008e100000, 0x000000008e100000| Untracked 
|  78|0x000000008e200000, 0x000000008e200000, 0x000000008e300000|  0%| F|  |TAMS 0x000000008e200000, 0x000000008e200000| Untracked 
|  79|0x000000008e300000, 0x000000008e300000, 0x000000008e400000|  0%| F|  |TAMS 0x000000008e300000, 0x000000008e300000| Untracked 
|  80|0x000000008e400000, 0x000000008e400000, 0x000000008e500000|  0%| F|  |TAMS 0x000000008e400000, 0x000000008e400000| Untracked 
|  81|0x000000008e500000, 0x000000008e500000, 0x000000008e600000|  0%| F|  |TAMS 0x000000008e500000, 0x000000008e500000| Untracked 
|  82|0x000000008e600000, 0x000000008e600000, 0x000000008e700000|  0%| F|  |TAMS 0x000000008e600000, 0x000000008e600000| Untracked 
|  83|0x000000008e700000, 0x000000008e700000, 0x000000008e800000|  0%| F|  |TAMS 0x000000008e700000, 0x000000008e700000| Untracked 
|  84|0x000000008e800000, 0x000000008e800000, 0x000000008e900000|  0%| F|  |TAMS 0x000000008e800000, 0x000000008e800000| Untracked 
|  85|0x000000008e900000, 0x000000008e900000, 0x000000008ea00000|  0%| F|  |TAMS 0x000000008e900000, 0x000000008e900000| Untracked 
|  86|0x000000008ea00000, 0x000000008ea00000, 0x000000008eb00000|  0%| F|  |TAMS 0x000000008ea00000, 0x000000008ea00000| Untracked 
|  87|0x000000008eb00000, 0x000000008eb00000, 0x000000008ec00000|  0%| F|  |TAMS 0x000000008eb00000, 0x000000008eb00000| Untracked 
|  88|0x000000008ec00000, 0x000000008ec00000, 0x000000008ed00000|  0%| F|  |TAMS 0x000000008ec00000, 0x000000008ec00000| Untracked 
|  89|0x000000008ed00000, 0x000000008ed00000, 0x000000008ee00000|  0%| F|  |TAMS 0x000000008ed00000, 0x000000008ed00000| Untracked 
|  90|0x000000008ee00000, 0x000000008ee00000, 0x000000008ef00000|  0%| F|  |TAMS 0x000000008ee00000, 0x000000008ee00000| Untracked 
|  91|0x000000008ef00000, 0x000000008ef00000, 0x000000008f000000|  0%| F|  |TAMS 0x000000008ef00000, 0x000000008ef00000| Untracked 
|  92|0x000000008f000000, 0x000000008f000000, 0x000000008f100000|  0%| F|  |TAMS 0x000000008f000000, 0x000000008f000000| Untracked 
|  93|0x000000008f100000, 0x000000008f100000, 0x000000008f200000|  0%| F|  |TAMS 0x000000008f100000, 0x000000008f100000| Untracked 
|  94|0x000000008f200000, 0x000000008f200000, 0x000000008f300000|  0%| F|  |TAMS 0x000000008f200000, 0x000000008f200000| Untracked 
|  95|0x000000008f300000, 0x000000008f300000, 0x000000008f400000|  0%| F|  |TAMS 0x000000008f300000, 0x000000008f300000| Untracked 
|  96|0x000000008f400000, 0x000000008f400000, 0x000000008f500000|  0%| F|  |TAMS 0x000000008f400000, 0x000000008f400000| Untracked 
|  97|0x000000008f500000, 0x000000008f500000, 0x000000008f600000|  0%| F|  |TAMS 0x000000008f500000, 0x000000008f500000| Untracked 
|  98|0x000000008f600000, 0x000000008f600000, 0x000000008f700000|  0%| F|  |TAMS 0x000000008f600000, 0x000000008f600000| Untracked 
|  99|0x000000008f700000, 0x000000008f700000, 0x000000008f800000|  0%| F|  |TAMS 0x000000008f700000, 0x000000008f700000| Untracked 
| 100|0x000000008f800000, 0x000000008f800000, 0x000000008f900000|  0%| F|  |TAMS 0x000000008f800000, 0x000000008f800000| Untracked 
| 101|0x000000008f900000, 0x000000008f900000, 0x000000008fa00000|  0%| F|  |TAMS 0x000000008f900000, 0x000000008f900000| Untracked 
| 102|0x000000008fa00000, 0x000000008fa00000, 0x000000008fb00000|  0%| F|  |TAMS 0x000000008fa00000, 0x000000008fa00000| Untracked 
| 103|0x000000008fb00000, 0x000000008fb00000, 0x000000008fc00000|  0%| F|  |TAMS 0x000000008fb00000, 0x000000008fb00000| Untracked 
| 104|0x000000008fc00000, 0x000000008fc00000, 0x000000008fd00000|  0%| F|  |TAMS 0x000000008fc00000, 0x000000008fc00000| Untracked 
| 105|0x000000008fd00000, 0x000000008fd00000, 0x000000008fe00000|  0%| F|  |TAMS 0x000000008fd00000, 0x000000008fd00000| Untracked 
| 106|0x000000008fe00000, 0x000000008fe00000, 0x000000008ff00000|  0%| F|  |TAMS 0x000000008fe00000, 0x000000008fe00000| Untracked 
| 107|0x000000008ff00000, 0x000000008ff00000, 0x0000000090000000|  0%| F|  |TAMS 0x000000008ff00000, 0x000000008ff00000| Untracked 
| 108|0x0000000090000000, 0x0000000090000000, 0x0000000090100000|  0%| F|  |TAMS 0x0000000090000000, 0x0000000090000000| Untracked 
| 109|0x0000000090100000, 0x0000000090176450, 0x0000000090200000| 46%| E|  |TAMS 0x0000000090100000, 0x0000000090100000| Complete 
| 110|0x0000000090200000, 0x0000000090300000, 0x0000000090300000|100%| E|CS|TAMS 0x0000000090200000, 0x0000000090200000| Complete 
| 111|0x0000000090300000, 0x0000000090400000, 0x0000000090400000|100%| E|CS|TAMS 0x0000000090300000, 0x0000000090300000| Complete 
| 112|0x0000000090400000, 0x0000000090500000, 0x0000000090500000|100%| E|CS|TAMS 0x0000000090400000, 0x0000000090400000| Complete 
| 113|0x0000000090500000, 0x0000000090600000, 0x0000000090600000|100%| E|CS|TAMS 0x0000000090500000, 0x0000000090500000| Complete 
| 114|0x0000000090600000, 0x0000000090700000, 0x0000000090700000|100%| E|CS|TAMS 0x0000000090600000, 0x0000000090600000| Complete 
| 115|0x0000000090700000, 0x0000000090800000, 0x0000000090800000|100%| E|CS|TAMS 0x0000000090700000, 0x0000000090700000| Complete 
| 116|0x0000000090800000, 0x0000000090900000, 0x0000000090900000|100%| E|CS|TAMS 0x0000000090800000, 0x0000000090800000| Complete 
| 117|0x0000000090900000, 0x0000000090a00000, 0x0000000090a00000|100%| E|CS|TAMS 0x0000000090900000, 0x0000000090900000| Complete 
| 118|0x0000000090a00000, 0x0000000090b00000, 0x0000000090b00000|100%| E|CS|TAMS 0x0000000090a00000, 0x0000000090a00000| Complete 
| 119|0x0000000090b00000, 0x0000000090c00000, 0x0000000090c00000|100%| E|CS|TAMS 0x0000000090b00000, 0x0000000090b00000| Complete 

Card table byte_map: [0x000001b91ca00000,0x000001b91cdc0000] _byte_map_base: 0x000001b91c5b6000

Marking Bits (Prev, Next): (CMBitMap*) 0x000001b907c9bee0, (CMBitMap*) 0x000001b907c9bf20
 Prev Bits: [0x000001b91d180000, 0x000001b91ef30000)
 Next Bits: [0x000001b91ef30000, 0x000001b920ce0000)

Polling page: 0x000001b907d40000

Metaspace:

Usage:
  Non-class:     10.16 MB used.
      Class:    833.20 KB used.
       Both:     10.98 MB used.

Virtual space:
  Non-class space:       16.00 MB reserved,      10.25 MB ( 64%) committed,  2 nodes.
      Class space:        1.00 GB reserved,     896.00 KB ( <1%) committed,  1 nodes.
              Both:        1.02 GB reserved,      11.12 MB (  1%) committed. 

Chunk freelists:
   Non-Class:  1.02 MB
       Class:  3.13 MB
        Both:  4.14 MB

MaxMetaspaceSize: 17179869184.00 GB
CompressedClassSpaceSize: 1.00 GB
 - commit_granule_bytes: 65536.
 - commit_granule_words: 8192.
 - virtual_space_node_default_size: 1048576.
 - enlarge_chunks_in_place: 1.
 - new_chunks_are_fully_committed: 0.
 - uncommit_free_chunks: 1.
 - use_allocation_guard: 0.
 - handle_deallocations: 1.


Internal statistics:

num_allocs_failed_limit: 0.
num_arena_births: 68.
num_arena_deaths: 0.
num_vsnodes_births: 3.
num_vsnodes_deaths: 0.
num_space_committed: 176.
num_space_uncommitted: 0.
num_chunks_returned_to_freelist: 0.
num_chunks_taken_from_freelist: 191.
num_chunk_merges: 0.
num_chunk_splits: 125.
num_chunks_enlarged: 95.
num_purges: 0.

CodeHeap 'non-profiled nmethods': size=120000Kb used=212Kb max_used=212Kb free=119787Kb
 bounds [0x000001b914480000, 0x000001b9146f0000, 0x000001b91b9b0000]
CodeHeap 'profiled nmethods': size=120000Kb used=1122Kb max_used=1122Kb free=118877Kb
 bounds [0x000001b90cf50000, 0x000001b90d1c0000, 0x000001b914480000]
CodeHeap 'non-nmethods': size=5760Kb used=1676Kb max_used=1687Kb free=4083Kb
 bounds [0x000001b90c9b0000, 0x000001b90cc20000, 0x000001b90cf50000]
 total_blobs=1860 nmethods=733 adapters=1040
 compilation: enabled
              stopped_count=0, restarted_count=0
 full_count=0

Compilation events (20 events):
Event: 1.675 Thread 0x000001b92441ae00  716       3       org.lwjgl.opengl.GL11::glIsEnabled (5 bytes)
Event: 1.675 Thread 0x000001b92441ae00 nmethod 716 0x000001b90d066b10 code [0x000001b90d066cc0, 0x000001b90d066dc8]
Event: 1.741 Thread 0x000001b92441ae00  718       1       org.lwjgl.system.MemoryStack::getPointer (5 bytes)
Event: 1.741 Thread 0x000001b92441ae00 nmethod 718 0x000001b9144b3010 code [0x000001b9144b31a0, 0x000001b9144b3278]
Event: 1.823 Thread 0x000001b92441ae00  719       3       org.lwjgl.system.Checks::checkSafe (11 bytes)
Event: 1.824 Thread 0x000001b92441ae00 nmethod 719 0x000001b90d066e90 code [0x000001b90d067040, 0x000001b90d067228]
Event: 1.858 Thread 0x000001b92441ae00  720       3       imgui.ImGuiIO::hasConfigFlags (15 bytes)
Event: 1.858 Thread 0x000001b92441ae00 nmethod 720 0x000001b90d067310 code [0x000001b90d0674c0, 0x000001b90d067668]
Event: 1.858 Thread 0x000001b92441ae00  724       1       projectbank.AccountManager::getLoginStatus (5 bytes)
Event: 1.858 Thread 0x000001b92441ae00 nmethod 724 0x000001b9144b3f10 code [0x000001b9144b40a0, 0x000001b9144b4178]
Event: 2.224 Thread 0x000001b92441ae00  725       3       org.lwjgl.opengl.GL11::glBindTexture (6 bytes)
Event: 2.225 Thread 0x000001b92441ae00 nmethod 725 0x000001b90d067710 code [0x000001b90d0678c0, 0x000001b90d0679c8]
Event: 2.225 Thread 0x000001b92441ae00  728       3       org.lwjgl.opengl.GL15::glBindBuffer (6 bytes)
Event: 2.225 Thread 0x000001b92441ae00 nmethod 728 0x000001b90d067a90 code [0x000001b90d067c40, 0x000001b90d067d48]
Event: 2.241 Thread 0x000001b92441ae00  730       3       org.lwjgl.opengl.GL20::glEnableVertexAttribArray (5 bytes)
Event: 2.241 Thread 0x000001b92441ae00 nmethod 730 0x000001b90d067e10 code [0x000001b90d067fc0, 0x000001b90d0680c8]
Event: 2.241 Thread 0x000001b92441ae00  732       3       org.lwjgl.opengl.GL20::glVertexAttribPointer (12 bytes)
Event: 2.241 Thread 0x000001b92441ae00 nmethod 732 0x000001b90d068190 code [0x000001b90d068340, 0x000001b90d068448]
Event: 2.241 Thread 0x000001b92441ae00  733       3       org.lwjgl.opengl.GL20C::glVertexAttribPointer (12 bytes)
Event: 2.241 Thread 0x000001b92441ae00 nmethod 733 0x000001b90d068510 code [0x000001b90d0686c0, 0x000001b90d0687c8]

GC Heap History (0 events):
No events

Deoptimization events (6 events):
Event: 0.579 Thread 0x000001b907c613a0 Uncommon trap: trap_request=0xffffff54 fr.pc=0x000001b9144a8980 relative=0x0000000000000060
Event: 0.579 Thread 0x000001b907c613a0 Uncommon trap: reason=speculate_null_assert action=make_not_entrant pc=0x000001b9144a8980 method=sun.misc.Unsafe.putLong(Ljava/lang/Object;JJ)V @ 7 c2
Event: 0.579 Thread 0x000001b907c613a0 DEOPT PACKING pc=0x000001b9144a8980 sp=0x00000045aebfed50
Event: 0.579 Thread 0x000001b907c613a0 DEOPT UNPACKING pc=0x000001b90c9fd72e sp=0x00000045aebfecc8 mode 2
Event: 0.789 Thread 0x000001b907c613a0 DEOPT PACKING pc=0x000001b90cf73de5 sp=0x00000045aebfd7d0
Event: 0.789 Thread 0x000001b907c613a0 DEOPT UNPACKING pc=0x000001b90c9fdece sp=0x00000045aebfcc20 mode 0

Classes unloaded (0 events):
No events

Classes redefined (0 events):
No events

Internal exceptions (20 events):
Event: 0.204 Thread 0x000001b907c613a0 Exception <a 'java/lang/NoSuchMethodError'{0x0000000090841790}: 'void java.lang.invoke.DirectMethodHandle$Holder.invokeStatic(java.lang.Object, java.lang.Object)'> (0x0000000090841790) 
thrown [t:\workspace\open\src\hotspot\share\interpreter\linkResolver.cpp, line 790]
Event: 0.205 Thread 0x000001b907c613a0 Exception <a 'java/lang/NoSuchMethodError'{0x0000000090846be8}: 'void java.lang.invoke.DirectMethodHandle$Holder.invokeSpecial(java.lang.Object, java.lang.Object, java.lang.Object)'> (0x0000000090846be8) 
thrown [t:\workspace\open\src\hotspot\share\interpreter\linkResolver.cpp, line 790]
Event: 0.209 Thread 0x000001b907c613a0 Exception <a 'java/lang/NoSuchMethodError'{0x000000009085b2e0}: 'java.lang.Object java.lang.invoke.DirectMethodHandle$Holder.invokeStatic(java.lang.Object, java.lang.Object, int)'> (0x000000009085b2e0) 
thrown [t:\workspace\open\src\hotspot\share\interpreter\linkResolver.cpp, line 790]
Event: 0.210 Thread 0x000001b907c613a0 Exception <a 'java/lang/NoSuchMethodError'{0x0000000090867488}: 'void java.lang.invoke.DelegatingMethodHandle$Holder.delegate(java.lang.Object, java.lang.Object, int, java.lang.Object)'> (0x0000000090867488) 
thrown [t:\workspace\open\src\hotspot\share\interpreter\linkResolver.cpp, line 790]
Event: 0.211 Thread 0x000001b907c613a0 Exception <a 'java/lang/NoSuchMethodError'{0x000000009086b7e0}: 'int java.lang.invoke.DirectMethodHandle$Holder.invokeSpecial(java.lang.Object, java.lang.Object, java.lang.Object)'> (0x000000009086b7e0) 
thrown [t:\workspace\open\src\hotspot\share\interpreter\linkResolver.cpp, line 790]
Event: 0.230 Thread 0x000001b907c613a0 Exception <a 'sun/nio/fs/WindowsException'{0x00000000908bd298}> (0x00000000908bd298) 
thrown [t:\workspace\open\src\hotspot\share\prims\jni.cpp, line 579]
Event: 0.230 Thread 0x000001b907c613a0 Exception <a 'sun/nio/fs/WindowsException'{0x00000000908bd818}> (0x00000000908bd818) 
thrown [t:\workspace\open\src\hotspot\share\prims\jni.cpp, line 579]
Event: 0.259 Thread 0x000001b907c613a0 Exception <a 'java/lang/NoSuchMethodError'{0x000000009061b5f8}: 'int java.lang.invoke.DirectMethodHandle$Holder.invokeStaticInit(java.lang.Object, java.lang.Object, int, long)'> (0x000000009061b5f8) 
thrown [t:\workspace\open\src\hotspot\share\interpreter\linkResolver.cpp, line 790]
Event: 0.260 Thread 0x000001b907c613a0 Exception <a 'java/lang/NoSuchMethodError'{0x00000000906210c8}: 'java.lang.Object java.lang.invoke.DirectMethodHandle$Holder.newInvokeSpecial(java.lang.Object, java.lang.Object, int)'> (0x00000000906210c8) 
thrown [t:\workspace\open\src\hotspot\share\interpreter\linkResolver.cpp, line 790]
Event: 0.262 Thread 0x000001b907c613a0 Exception <a 'java/lang/NoSuchMethodError'{0x00000000906300b0}: 'int java.lang.invoke.DirectMethodHandle$Holder.invokeStaticInit(java.lang.Object, java.lang.Object, long, long)'> (0x00000000906300b0) 
thrown [t:\workspace\open\src\hotspot\share\interpreter\linkResolver.cpp, line 790]
Event: 0.263 Thread 0x000001b907c613a0 Exception <a 'java/lang/NoSuchMethodError'{0x0000000090636458}: 'java.lang.Object java.lang.invoke.DirectMethodHandle$Holder.newInvokeSpecial(java.lang.Object, java.lang.Object, long)'> (0x0000000090636458) 
thrown [t:\workspace\open\src\hotspot\share\interpreter\linkResolver.cpp, line 790]
Event: 0.263 Thread 0x000001b907c613a0 Exception <a 'java/lang/NoSuchMethodError'{0x000000009063a5b0}: 'java.lang.Object java.lang.invoke.Invokers$Holder.linkToTargetMethod(java.lang.Object, long, java.lang.Object)'> (0x000000009063a5b0) 
thrown [t:\workspace\open\src\hotspot\share\interpreter\linkResolver.cpp, line 790]
Event: 0.264 Thread 0x000001b907c613a0 Exception <a 'java/lang/NoSuchMethodError'{0x0000000090642190}: 'int java.lang.invoke.DirectMethodHandle$Holder.invokeStaticInit(java.lang.Object, java.lang.Object, java.lang.Object, long)'> (0x0000000090642190) 
thrown [t:\workspace\open\src\hotspot\share\interpreter\linkResolver.cpp, line 790]
Event: 0.285 Thread 0x000001b907c613a0 Exception <a 'sun/nio/fs/WindowsException'{0x0000000090562268}> (0x0000000090562268) 
thrown [t:\workspace\open\src\hotspot\share\prims\jni.cpp, line 579]
Event: 0.286 Thread 0x000001b907c613a0 Exception <a 'sun/nio/fs/WindowsException'{0x00000000905625f8}> (0x00000000905625f8) 
thrown [t:\workspace\open\src\hotspot\share\prims\jni.cpp, line 579]
Event: 0.556 Thread 0x000001b907c613a0 Exception <a 'sun/nio/fs/WindowsException'{0x00000000905da7c0}> (0x00000000905da7c0) 
thrown [t:\workspace\open\src\hotspot\share\prims\jni.cpp, line 579]
Event: 0.556 Thread 0x000001b907c613a0 Exception <a 'sun/nio/fs/WindowsException'{0x00000000905dab98}> (0x00000000905dab98) 
thrown [t:\workspace\open\src\hotspot\share\prims\jni.cpp, line 579]
Event: 0.560 Thread 0x000001b907c613a0 Exception <a 'sun/nio/fs/WindowsException'{0x00000000905e8168}> (0x00000000905e8168) 
thrown [t:\workspace\open\src\hotspot\share\prims\jni.cpp, line 579]
Event: 0.560 Thread 0x000001b907c613a0 Exception <a 'sun/nio/fs/WindowsException'{0x00000000905e8478}> (0x00000000905e8478) 
thrown [t:\workspace\open\src\hotspot\share\prims\jni.cpp, line 579]
Event: 0.692 Thread 0x000001b907c613a0 Exception <a 'sun/nio/fs/WindowsException'{0x0000000090216420}> (0x0000000090216420) 
thrown [t:\workspace\open\src\hotspot\share\prims\jni.cpp, line 579]

Events (20 events):
Event: 0.557 Loaded shared library C:\Users\Vinoth VK\AppData\Local\Temp\lwjglVinoth VK\3.3.0-SNAPSHOT\lwjgl_opengl.dll
Event: 0.579 loading class java/util/function/IntFunction
Event: 0.579 loading class java/util/function/IntFunction done
Event: 0.689 loading class java/io/UncheckedIOException
Event: 0.689 loading class java/io/UncheckedIOException done
Event: 0.692 loading class java/nio/file/StandardCopyOption
Event: 0.692 loading class java/nio/file/StandardCopyOption done
Event: 0.734 loading class java/io/DeleteOnExitHook
Event: 0.734 loading class java/io/DeleteOnExitHook done
Event: 0.734 loading class java/util/LinkedHashSet
Event: 0.734 loading class java/util/LinkedHashSet done
Event: 0.734 loading class java/io/DeleteOnExitHook$1
Event: 0.734 loading class java/io/DeleteOnExitHook$1 done
Event: 0.734 loading class java/lang/Shutdown
Event: 0.735 loading class java/lang/Shutdown done
Event: 0.735 loading class java/lang/Shutdown$Lock
Event: 0.735 loading class java/lang/Shutdown$Lock done
Event: 0.783 Loaded shared library C:\Users\Vinoth VK\AppData\Local\Temp\imgui-java-natives_1641195736619\imgui-java64.dll
Event: 1.122 Executing  VM operation: Cleanup
Event: 1.122 Executing  VM operation: Cleanup done


Dynamic libraries:
0x00007ff7b8f30000 - 0x00007ff7b8f3e000 	C:\Users\Vinoth VK\.p2\pool\plugins\org.eclipse.justj.openjdk.hotspot.jre.full.win32.x86_64_16.0.2.v20210721-1149\jre\bin\javaw.exe
0x00007ffcaba10000 - 0x00007ffcabc05000 	C:\WINDOWS\SYSTEM32\ntdll.dll
0x00007ffcab910000 - 0x00007ffcab9ce000 	C:\WINDOWS\System32\KERNEL32.DLL
0x00007ffca9780000 - 0x00007ffca9a48000 	C:\WINDOWS\System32\KERNELBASE.dll
0x00007ffca9480000 - 0x00007ffca9580000 	C:\WINDOWS\System32\ucrtbase.dll
0x00007ffca69b0000 - 0x00007ffca69c8000 	C:\Users\Vinoth VK\.p2\pool\plugins\org.eclipse.justj.openjdk.hotspot.jre.full.win32.x86_64_16.0.2.v20210721-1149\jre\bin\jli.dll
0x00007ffca3f70000 - 0x00007ffca3f89000 	C:\Users\Vinoth VK\.p2\pool\plugins\org.eclipse.justj.openjdk.hotspot.jre.full.win32.x86_64_16.0.2.v20210721-1149\jre\bin\VCRUNTIME140.dll
0x00007ffca9b00000 - 0x00007ffca9ca1000 	C:\WINDOWS\System32\USER32.dll
0x00007ffc98a60000 - 0x00007ffc98cfa000 	C:\WINDOWS\WinSxS\amd64_microsoft.windows.common-controls_6595b64144ccf1df_6.0.19041.1110_none_60b5254171f9507e\COMCTL32.dll
0x00007ffca9280000 - 0x00007ffca92a2000 	C:\WINDOWS\System32\win32u.dll
0x00007ffcab390000 - 0x00007ffcab42e000 	C:\WINDOWS\System32\msvcrt.dll
0x00007ffca9ff0000 - 0x00007ffcaa01b000 	C:\WINDOWS\System32\GDI32.dll
0x00007ffca92b0000 - 0x00007ffca93bd000 	C:\WINDOWS\System32\gdi32full.dll
0x00007ffca9580000 - 0x00007ffca961d000 	C:\WINDOWS\System32\msvcp_win.dll
0x00007ffca9ab0000 - 0x00007ffca9ae0000 	C:\WINDOWS\System32\IMM32.DLL
0x00007ffca4dc0000 - 0x00007ffca4dcc000 	C:\Users\Vinoth VK\.p2\pool\plugins\org.eclipse.justj.openjdk.hotspot.jre.full.win32.x86_64_16.0.2.v20210721-1149\jre\bin\vcruntime140_1.dll
0x00007ffca0400000 - 0x00007ffca0491000 	C:\Users\Vinoth VK\.p2\pool\plugins\org.eclipse.justj.openjdk.hotspot.jre.full.win32.x86_64_16.0.2.v20210721-1149\jre\bin\msvcp140.dll
0x00007ffc76a30000 - 0x00007ffc775db000 	C:\Users\Vinoth VK\.p2\pool\plugins\org.eclipse.justj.openjdk.hotspot.jre.full.win32.x86_64_16.0.2.v20210721-1149\jre\bin\server\jvm.dll
0x00007ffcaa150000 - 0x00007ffcaa1fc000 	C:\WINDOWS\System32\ADVAPI32.dll
0x00007ffcaa0b0000 - 0x00007ffcaa14b000 	C:\WINDOWS\System32\sechost.dll
0x00007ffca9cb0000 - 0x00007ffca9dda000 	C:\WINDOWS\System32\RPCRT4.dll
0x00007ffcaa2d0000 - 0x00007ffcaa2d8000 	C:\WINDOWS\System32\PSAPI.DLL
0x00007ffca3580000 - 0x00007ffca358a000 	C:\WINDOWS\SYSTEM32\VERSION.dll
0x00007ffc9d7e0000 - 0x00007ffc9d807000 	C:\WINDOWS\SYSTEM32\WINMM.dll
0x00007ffc9d8f0000 - 0x00007ffc9d8f9000 	C:\WINDOWS\SYSTEM32\WSOCK32.dll
0x00007ffcaac10000 - 0x00007ffcaac7b000 	C:\WINDOWS\System32\WS2_32.dll
0x00007ffca6f00000 - 0x00007ffca6f12000 	C:\WINDOWS\SYSTEM32\kernel.appcore.dll
0x00007ffc9d700000 - 0x00007ffc9d70a000 	C:\Users\Vinoth VK\.p2\pool\plugins\org.eclipse.justj.openjdk.hotspot.jre.full.win32.x86_64_16.0.2.v20210721-1149\jre\bin\jimage.dll
0x00007ffca1ea0000 - 0x00007ffca2084000 	C:\WINDOWS\SYSTEM32\DBGHELP.DLL
0x00007ffc96c80000 - 0x00007ffc96cac000 	C:\WINDOWS\SYSTEM32\dbgcore.DLL
0x00007ffca93f0000 - 0x00007ffca9472000 	C:\WINDOWS\System32\bcryptPrimitives.dll
0x00007ffc93450000 - 0x00007ffc93475000 	C:\Users\Vinoth VK\.p2\pool\plugins\org.eclipse.justj.openjdk.hotspot.jre.full.win32.x86_64_16.0.2.v20210721-1149\jre\bin\java.dll
0x00007ffc9a870000 - 0x00007ffc9a888000 	C:\Users\Vinoth VK\.p2\pool\plugins\org.eclipse.justj.openjdk.hotspot.jre.full.win32.x86_64_16.0.2.v20210721-1149\jre\bin\zip.dll
0x00007ffcaa2e0000 - 0x00007ffcaaa24000 	C:\WINDOWS\System32\SHELL32.dll
0x00007ffca7210000 - 0x00007ffca79a4000 	C:\WINDOWS\SYSTEM32\windows.storage.dll
0x00007ffcaae30000 - 0x00007ffcab185000 	C:\WINDOWS\System32\combase.dll
0x00007ffca8aa0000 - 0x00007ffca8ace000 	C:\WINDOWS\SYSTEM32\Wldp.dll
0x00007ffcaaa30000 - 0x00007ffcaaadd000 	C:\WINDOWS\System32\SHCORE.dll
0x00007ffca9a50000 - 0x00007ffca9aa5000 	C:\WINDOWS\System32\shlwapi.dll
0x00007ffca9060000 - 0x00007ffca907f000 	C:\WINDOWS\SYSTEM32\profapi.dll
0x00007ffc951a0000 - 0x00007ffc951b9000 	C:\Users\Vinoth VK\.p2\pool\plugins\org.eclipse.justj.openjdk.hotspot.jre.full.win32.x86_64_16.0.2.v20210721-1149\jre\bin\net.dll
0x00007ffc9e120000 - 0x00007ffc9e22c000 	C:\WINDOWS\SYSTEM32\WINHTTP.dll
0x00007ffca8800000 - 0x00007ffca886a000 	C:\WINDOWS\system32\mswsock.dll
0x00007ffc92bd0000 - 0x00007ffc92be3000 	C:\Users\Vinoth VK\.p2\pool\plugins\org.eclipse.justj.openjdk.hotspot.jre.full.win32.x86_64_16.0.2.v20210721-1149\jre\bin\nio.dll
0x00007ffc9f600000 - 0x00007ffc9f671000 	C:\Users\Vinoth VK\AppData\Local\Temp\lwjglVinoth VK\3.3.0-SNAPSHOT\lwjgl.dll
0x00007ffc9f510000 - 0x00007ffc9f571000 	C:\Users\VINOTH~1\AppData\Local\Temp\lwjglVinoth VK\3.3.0-SNAPSHOT\glfw.dll
0x00007ffca1670000 - 0x00007ffca16b5000 	C:\WINDOWS\SYSTEM32\dinput8.dll
0x00007ffca1be0000 - 0x00007ffca1bf1000 	C:\WINDOWS\SYSTEM32\xinput1_4.dll
0x00007ffca9620000 - 0x00007ffca966e000 	C:\WINDOWS\System32\cfgmgr32.dll
0x00007ffca8e00000 - 0x00007ffca8e34000 	C:\WINDOWS\SYSTEM32\DEVOBJ.dll
0x00007ffca6f20000 - 0x00007ffca6f4f000 	C:\WINDOWS\SYSTEM32\dwmapi.dll
0x00007ffc9dbe0000 - 0x00007ffc9dd32000 	C:\WINDOWS\SYSTEM32\inputhost.dll
0x00007ffca9ec0000 - 0x00007ffca9f8d000 	C:\WINDOWS\System32\OLEAUT32.dll
0x00007ffca6880000 - 0x00007ffca6972000 	C:\WINDOWS\SYSTEM32\CoreMessaging.dll
0x00007ffca6380000 - 0x00007ffca64d4000 	C:\WINDOWS\SYSTEM32\wintypes.dll
0x00007ffca48b0000 - 0x00007ffca49a6000 	C:\WINDOWS\SYSTEM32\PROPSYS.dll
0x00007ffca6520000 - 0x00007ffca687e000 	C:\WINDOWS\SYSTEM32\CoreUIComponents.dll
0x00007ffca7de0000 - 0x00007ffca7e13000 	C:\WINDOWS\SYSTEM32\ntmarta.dll
0x00007ffca6c30000 - 0x00007ffca6cce000 	C:\WINDOWS\system32\uxtheme.dll
0x00007ffcab1f0000 - 0x00007ffcab305000 	C:\WINDOWS\System32\MSCTF.dll
0x00007ffc762f0000 - 0x00007ffc76415000 	C:\WINDOWS\SYSTEM32\opengl32.dll
0x00007ffc7b000000 - 0x00007ffc7b02c000 	C:\WINDOWS\SYSTEM32\GLU32.dll
0x00007ffcaa200000 - 0x00007ffcaa2a9000 	C:\WINDOWS\System32\clbcatq.dll
0x00007ffca3650000 - 0x00007ffca367a000 	C:\WINDOWS\System32\DriverStore\FileRepository\u0367465.inf_amd64_f448bc468601f23f\B367478\atig6pxx.dll
0x00007ffc56c80000 - 0x00007ffc59967000 	C:\WINDOWS\System32\DriverStore\FileRepository\u0367465.inf_amd64_f448bc468601f23f\B367478\atio6axx.dll
0x00007ffcab490000 - 0x00007ffcab902000 	C:\WINDOWS\System32\SETUPAPI.dll
0x00007ffca93c0000 - 0x00007ffca93e7000 	C:\WINDOWS\System32\bcrypt.dll
0x00007ffc80770000 - 0x00007ffc80794000 	C:\WINDOWS\SYSTEM32\dxva2.dll
0x00007ffcaaae0000 - 0x00007ffcaac0a000 	C:\WINDOWS\System32\ole32.dll
0x00007ffca0370000 - 0x00007ffca03ac000 	C:\WINDOWS\System32\DriverStore\FileRepository\u0367465.inf_amd64_f448bc468601f23f\B367478\atig6txx.dll
0x00007ffc74620000 - 0x00007ffc747d9000 	C:\WINDOWS\SYSTEM32\atiadlxx.dll
0x00007ffca9670000 - 0x00007ffca96d0000 	C:\WINDOWS\System32\WINTRUST.dll
0x00007ffca9120000 - 0x00007ffca9276000 	C:\WINDOWS\System32\CRYPT32.dll
0x00007ffca8c30000 - 0x00007ffca8c42000 	C:\WINDOWS\SYSTEM32\MSASN1.dll
0x00007ffc95b10000 - 0x00007ffc95b4b000 	C:\WINDOWS\SYSTEM32\dxcore.dll
0x00007ffc9cfa0000 - 0x00007ffc9cffd000 	C:\Users\Vinoth VK\AppData\Local\Temp\lwjglVinoth VK\3.3.0-SNAPSHOT\lwjgl_opengl.dll
0x00007ffc9f100000 - 0x00007ffc9f1f9000 	C:\WINDOWS\SYSTEM32\textinputframework.dll
0x0000000064a00000 - 0x00000000657e2000 	C:\Users\Vinoth VK\AppData\Local\Temp\imgui-java-natives_1641195736619\imgui-java64.dll

dbghelp: loaded successfully - version: 4.0.5 - missing functions: none
symbol engine: initialized successfully - sym options: 0x614 - pdb path: .;C:\Users\Vinoth VK\.p2\pool\plugins\org.eclipse.justj.openjdk.hotspot.jre.full.win32.x86_64_16.0.2.v20210721-1149\jre\bin;C:\WINDOWS\SYSTEM32;C:\WINDOWS\WinSxS\amd64_microsoft.windows.common-controls_6595b64144ccf1df_6.0.19041.1110_none_60b5254171f9507e;C:\Users\Vinoth VK\.p2\pool\plugins\org.eclipse.justj.openjdk.hotspot.jre.full.win32.x86_64_16.0.2.v20210721-1149\jre\bin\server;C:\Users\Vinoth VK\AppData\Local\Temp\lwjglVinoth VK\3.3.0-SNAPSHOT;C:\Users\VINOTH~1\AppData\Local\Temp\lwjglVinoth VK\3.3.0-SNAPSHOT;C:\WINDOWS\System32\DriverStore\FileRepository\u0367465.inf_amd64_f448bc468601f23f\B367478;C:\Users\Vinoth VK\AppData\Local\Temp\imgui-java-natives_1641195736619

VM Arguments:
jvm_args: -Dfile.encoding=Cp1252 -XX:+ShowCodeDetailsInExceptionMessages 
java_command: projectbank.Main
java_class_path (initial): C:\Users\Vinoth VK\git\Project-Bank\ProjectBank\bin;C:\Users\Vinoth VK\git\Project-Bank\ProjectBank\io.github.spair\imgui-java-app-1.85.1.jar;C:\Users\Vinoth VK\git\Project-Bank\ProjectBank\io.github.spair\imgui-java-binding-1.85.1.jar;C:\Users\Vinoth VK\git\Project-Bank\ProjectBank\io.github.spair\imgui-java-lwjgl3-1.85.1.jar;C:\Users\Vinoth VK\git\Project-Bank\ProjectBank\io.github.spair\imgui-java-natives-linux-1.85.1.jar;C:\Users\Vinoth VK\git\Project-Bank\ProjectBank\io.github.spair\imgui-java-natives-windows-1.85.1.jar;C:\Users\Vinoth VK\git\Project-Bank\ProjectBank\org.lwjgl\lwjgl-3.3.0.jar;C:\Users\Vinoth VK\git\Project-Bank\ProjectBank\org.lwjgl\lwjgl-3.3.0-natives-linux.jar;C:\Users\Vinoth VK\git\Project-Bank\ProjectBank\org.lwjgl\lwjgl-3.3.0-natives-macos.jar;C:\Users\Vinoth VK\git\Project-Bank\ProjectBank\org.lwjgl\lwjgl-3.3.0-natives-windows.jar;C:\Users\Vinoth VK\git\Project-Bank\ProjectBank\org.lwjgl\lwjgl-3.3.0-sources.jar;C:\Users\Vinoth VK\git\Project-Bank\ProjectBank\org.lwjgl\lwjgl-assimp-3.3.0.jar;C:\Users\Vinoth VK\git\Project-Bank\ProjectBank\org.lwjgl\lwjgl-assimp-3.3.0-natives-linux.jar;C:\Users\Vinoth VK\git\Project-Bank\ProjectBank\org.lwjgl\lwjgl-assimp-3.3.0-sources.jar;C:\Users\Vinoth VK\git\Project-Bank\ProjectBank\org.lwjgl\lwjgl-glfw-3.3.0.jar;C:\Users\Vinoth VK\git\Project-Bank\ProjectBank\org.lwjgl\lwjgl-glfw-3.3.0-natives-linux.jar;C:\Users\Vinoth VK\git\Project-Bank\ProjectBank\org.lwjgl\lwjgl-glfw-3.3.0-natives-macos.jar;C:\Users\Vinoth VK\git\Project-Bank\ProjectBank\org.lwjgl\lwjgl-glfw-3.3.0-natives-windows.jar;C:\Users\Vinoth VK\git\Project-Bank\ProjectBank\org.lwjgl\lwjgl-glfw-3.3.0-sources.jar;C:\Users\Vinoth VK\git\Project-Bank\ProjectBank\org.lwjgl\lwjgl-nfd-3.3.0.jar;C:\Users\Vinoth VK\git\Project-Bank\ProjectBank\org.lwjgl\lwjgl-nfd-3.3.0-natives-linux.jar;C:\Users\Vinoth VK\git\Project-Bank\ProjectBank\org.lwjgl\lwjgl-nfd-3.3.0-sources.jar;C:\Users\Vinoth VK\git\Project-Bank\ProjectBank\or
Launcher Type: SUN_STANDARD

[Global flags]
     intx CICompilerCount                          = 4                                         {product} {ergonomic}
     uint ConcGCThreads                            = 3                                         {product} {ergonomic}
     uint G1ConcRefinementThreads                  = 10                                        {product} {ergonomic}
   size_t G1HeapRegionSize                         = 1048576                                   {product} {ergonomic}
    uintx GCDrainStackTargetSize                   = 64                                        {product} {ergonomic}
   size_t InitialHeapSize                          = 125829120                                 {product} {ergonomic}
   size_t MarkStackSize                            = 4194304                                   {product} {ergonomic}
   size_t MaxHeapSize                              = 1992294400                                {product} {ergonomic}
   size_t MaxNewSize                               = 1195376640                                {product} {ergonomic}
   size_t MinHeapDeltaBytes                        = 1048576                                   {product} {ergonomic}
   size_t MinHeapSize                              = 8388608                                   {product} {ergonomic}
    uintx NonNMethodCodeHeapSize                   = 5839372                                {pd product} {ergonomic}
    uintx NonProfiledCodeHeapSize                  = 122909434                              {pd product} {ergonomic}
    uintx ProfiledCodeHeapSize                     = 122909434                              {pd product} {ergonomic}
    uintx ReservedCodeCacheSize                    = 251658240                              {pd product} {ergonomic}
     bool SegmentedCodeCache                       = true                                      {product} {ergonomic}
     bool ShowCodeDetailsInExceptionMessages       = true                                   {manageable} {command line}
   size_t SoftMaxHeapSize                          = 1992294400                             {manageable} {ergonomic}
     bool UseCompressedClassPointers               = true                           {product lp64_product} {ergonomic}
     bool UseCompressedOops                        = true                           {product lp64_product} {ergonomic}
     bool UseG1GC                                  = true                                      {product} {ergonomic}
     bool UseLargePagesIndividualAllocation        = false                                  {pd product} {ergonomic}

Logging:
Log output configuration:
 #0: stdout all=warning uptime,level,tags
 #1: stderr all=off uptime,level,tags

Environment Variables:
PATH=C:/Users/Vinoth VK/.p2/pool/plugins/org.eclipse.justj.openjdk.hotspot.jre.full.win32.x86_64_16.0.2.v20210721-1149/jre/bin/server;C:/Users/Vinoth VK/.p2/pool/plugins/org.eclipse.justj.openjdk.hotspot.jre.full.win32.x86_64_16.0.2.v20210721-1149/jre/bin;C:\Program Files (x86)\Common Files\Oracle\Java\javapath;C:\WINDOWS\system32;C:\WINDOWS;C:\WINDOWS\System32\Wbem;C:\WINDOWS\System32\WindowsPowerShell\v1.0\;C:\WINDOWS\System32\OpenSSH\;C:\Program Files (x86)\NVIDIA Corporation\PhysX\Common;C:\Program Files\Git\cmd;C:\Users\Vinoth VK\AppData\Local\Microsoft\WindowsApps;C:\Users\Vinoth VK\AppData\Local\GitHubDesktop\bin;C:\Users\Vinoth VK\Desktop;
USERNAME=Vinoth VK
OS=Windows_NT
PROCESSOR_IDENTIFIER=AMD64 Family 23 Model 96 Stepping 1, AuthenticAMD



---------------  S Y S T E M  ---------------

OS:
 Windows 10 , 64 bit Build 19041 (10.0.19041.1348)
OS uptime: 8 days 15:11 hours

CPU: total 12 (initial active 12) (12 cores per cpu, 2 threads per core) family 23 model 96 stepping 1 microcode 0x0, cx8, cmov, fxsr, ht, mmx, 3dnowpref, sse, sse2, sse3, ssse3, sse4a, sse4.1, sse4.2, popcnt, lzcnt, tsc, tscinvbit, avx, avx2, aes, clmul, bmi1, bmi2, adx, sha, fma, vzeroupper, clflush, clflushopt

Memory: 4k page, system-wide physical 7599M (2949M free)
TotalPageFile size 14255M (AvailPageFile size 5743M)
current process WorkingSet (physical memory assigned to process): 105M, peak: 105M
current process commit charge ("private bytes"): 310M, peak: 310M

vm_info: OpenJDK 64-Bit Server VM (16.0.2+7-67) for windows-amd64 JRE (16.0.2+7-67), built on Jun  8 2021 23:21:43 by "mach5one" with MS VC++ 16.7 (VS2019)

END.
